TN:
SF:src/config.ts
FN:21,loadMultiInstanceConfig
FN:143,getInstanceForProject
FN:269,listAvailableInstances
FN:283,(anonymous_3)
FN:290,(anonymous_4)
FN:301,loadProjectConfig
FNF:6
FNH:1
FNDA:1,loadMultiInstanceConfig
FNDA:0,getInstanceForProject
FNDA:0,listAvailableInstances
FNDA:0,(anonymous_3)
FNDA:0,(anonymous_4)
FNDA:0,loadProjectConfig
DA:10,2
DA:11,2
DA:12,2
DA:15,2
DA:16,2
DA:25,1
DA:26,0
DA:27,0
DA:30,1
DA:33,1
DA:40,1
DA:42,1
DA:45,1
DA:46,1
DA:47,1
DA:48,1
DA:50,1
DA:51,1
DA:53,1
DA:56,1
DA:58,1
DA:59,1
DA:60,1
DA:62,1
DA:63,1
DA:64,1
DA:66,1
DA:67,0
DA:69,0
DA:72,0
DA:79,0
DA:80,0
DA:85,0
DA:100,0
DA:101,0
DA:105,0
DA:108,0
DA:109,0
DA:114,0
DA:115,0
DA:116,0
DA:127,0
DA:128,0
DA:132,0
DA:133,0
DA:148,0
DA:151,0
DA:152,0
DA:155,0
DA:156,0
DA:157,0
DA:164,0
DA:168,0
DA:180,0
DA:181,0
DA:182,0
DA:183,0
DA:186,0
DA:187,0
DA:188,0
DA:194,0
DA:206,0
DA:208,0
DA:209,0
DA:210,0
DA:211,0
DA:225,0
DA:226,0
DA:229,0
DA:230,0
DA:242,0
DA:243,0
DA:244,0
DA:245,0
DA:246,0
DA:258,0
DA:281,0
DA:283,0
DA:290,0
DA:295,0
DA:302,0
DA:305,0
DA:306,0
DA:307,0
DA:309,0
DA:310,0
DA:311,0
DA:312,0
DA:316,0
DA:323,0
DA:324,0
LF:91
LH:25
BRDA:25,0,0,0
BRDA:25,0,1,1
BRDA:56,1,0,1
BRDA:56,1,1,0
BRDA:64,2,0,1
BRDA:64,2,1,1
BRDA:67,3,0,0
BRDA:67,3,1,0
BRDA:73,4,0,0
BRDA:73,4,1,0
BRDA:74,5,0,0
BRDA:74,5,1,0
BRDA:75,6,0,0
BRDA:75,6,1,0
BRDA:79,7,0,0
BRDA:79,7,1,0
BRDA:79,8,0,0
BRDA:79,8,1,0
BRDA:79,8,2,0
BRDA:114,9,0,0
BRDA:114,9,1,0
BRDA:114,10,0,0
BRDA:114,10,1,0
BRDA:114,10,2,0
BRDA:151,11,0,0
BRDA:151,11,1,0
BRDA:156,12,0,0
BRDA:156,12,1,0
BRDA:164,13,0,0
BRDA:164,13,1,0
BRDA:164,14,0,0
BRDA:164,14,1,0
BRDA:171,15,0,0
BRDA:171,15,1,0
BRDA:180,16,0,0
BRDA:180,16,1,0
BRDA:182,17,0,0
BRDA:182,17,1,0
BRDA:187,18,0,0
BRDA:187,18,1,0
BRDA:209,19,0,0
BRDA:209,19,1,0
BRDA:209,20,0,0
BRDA:209,20,1,0
BRDA:225,21,0,0
BRDA:225,21,1,0
BRDA:233,22,0,0
BRDA:233,22,1,0
BRDA:243,23,0,0
BRDA:243,23,1,0
BRDA:249,24,0,0
BRDA:249,24,1,0
BRDA:287,25,0,0
BRDA:287,25,1,0
BRDA:309,26,0,0
BRDA:309,26,1,0
BRF:56
BRH:4
end_of_record
TN:
SF:src/jira-server.ts
FN:18,(anonymous_0)
FN:41,(anonymous_1)
FN:46,(anonymous_2)
FN:51,(anonymous_3)
FN:56,(anonymous_4)
FN:65,(anonymous_5)
FN:74,(anonymous_6)
FN:80,(anonymous_7)
FN:92,(anonymous_8)
FN:97,(anonymous_9)
FN:101,(anonymous_10)
FNF:11
FNH:1
FNDA:3,(anonymous_0)
FNDA:0,(anonymous_1)
FNDA:0,(anonymous_2)
FNDA:0,(anonymous_3)
FNDA:0,(anonymous_4)
FNDA:0,(anonymous_5)
FNDA:0,(anonymous_6)
FNDA:0,(anonymous_7)
FNDA:0,(anonymous_8)
FNDA:0,(anonymous_9)
FNDA:0,(anonymous_10)
DA:16,3
DA:19,3
DA:21,3
DA:35,3
DA:37,3
DA:38,3
DA:41,3
DA:46,3
DA:51,3
DA:52,0
DA:56,3
DA:57,0
DA:65,3
DA:66,0
DA:71,0
DA:74,3
DA:75,0
DA:76,0
DA:77,0
DA:80,3
DA:81,0
DA:82,0
DA:83,0
DA:86,3
DA:93,0
DA:94,0
DA:97,0
DA:98,0
DA:101,0
DA:102,0
DA:108,0
DA:109,0
DA:110,0
DA:113,0
DA:118,0
DA:122,0
LF:36
LH:14
BRDA:58,0,0,0
BRDA:58,0,1,0
BRDA:59,1,0,0
BRDA:59,1,1,0
BRF:4
BRH:0
end_of_record
TN:
SF:src/tools/add-comment.ts
FN:8,handleAddComment
FN:12,(anonymous_1)
FNF:2
FNH:0
FNDA:0,handleAddComment
FNDA:0,(anonymous_1)
DA:9,0
DA:13,0
DA:15,0
DA:19,0
DA:28,0
DA:29,0
LF:6
LH:0
BRDA:31,0,0,0
BRDA:31,0,1,0
BRF:2
BRH:0
end_of_record
TN:
SF:src/tools/add-plan-team.ts
FN:13,handleAddPlanTeam
FN:14,(anonymous_1)
FNF:2
FNH:0
FNDA:0,handleAddPlanTeam
FNDA:0,(anonymous_1)
DA:14,0
DA:15,0
DA:16,0
DA:21,0
DA:23,0
DA:103,0
DA:105,0
DA:142,0
DA:143,0
DA:174,0
DA:175,0
DA:208,0
DA:209,0
DA:235,0
LF:14
LH:0
BRDA:39,0,0,0
BRDA:39,0,1,0
BRDA:39,1,0,0
BRDA:39,1,1,0
BRDA:42,2,0,0
BRDA:42,2,1,0
BRDA:43,3,0,0
BRDA:43,3,1,0
BRDA:44,4,0,0
BRDA:44,4,1,0
BRDA:103,5,0,0
BRDA:103,5,1,0
BRDA:142,6,0,0
BRDA:142,6,1,0
BRDA:174,7,0,0
BRDA:174,7,1,0
BRDA:190,8,0,0
BRDA:190,8,1,0
BRDA:208,9,0,0
BRDA:208,9,1,0
BRDA:239,10,0,0
BRDA:239,10,1,0
BRF:22
BRH:0
end_of_record
TN:
SF:src/tools/archive-plan.ts
FN:12,handleArchivePlan
FN:13,(anonymous_1)
FNF:2
FNH:0
FNDA:0,handleArchivePlan
FNDA:0,(anonymous_1)
DA:13,0
DA:14,0
DA:15,0
DA:17,0
DA:153,0
DA:154,0
DA:190,0
DA:191,0
DA:228,0
DA:229,0
DA:268,0
DA:269,0
DA:302,0
LF:13
LH:0
BRDA:153,0,0,0
BRDA:153,0,1,0
BRDA:190,1,0,0
BRDA:190,1,1,0
BRDA:228,2,0,0
BRDA:228,2,1,0
BRDA:244,3,0,0
BRDA:244,3,1,0
BRDA:268,4,0,0
BRDA:268,4,1,0
BRDA:284,5,0,0
BRDA:284,5,1,0
BRDA:306,6,0,0
BRDA:306,6,1,0
BRF:14
BRH:0
end_of_record
TN:
SF:src/tools/bulk-update-issues.ts
FN:9,handleBulkUpdateIssues
FN:13,(anonymous_1)
FN:120,(anonymous_2)
FN:122,(anonymous_3)
FN:140,(anonymous_4)
FN:141,(anonymous_5)
FN:149,(anonymous_6)
FN:157,(anonymous_7)
FN:158,(anonymous_8)
FN:165,(anonymous_9)
FNF:10
FNH:0
FNDA:0,handleBulkUpdateIssues
FNDA:0,(anonymous_1)
FNDA:0,(anonymous_2)
FNDA:0,(anonymous_3)
FNDA:0,(anonymous_4)
FNDA:0,(anonymous_5)
FNDA:0,(anonymous_6)
FNDA:0,(anonymous_7)
FNDA:0,(anonymous_8)
FNDA:0,(anonymous_9)
DA:10,0
DA:14,0
DA:16,0
DA:18,0
DA:23,0
DA:24,0
DA:27,0
DA:28,0
DA:31,0
DA:32,0
DA:35,0
DA:36,0
DA:37,0
DA:40,0
DA:43,0
DA:46,0
DA:47,0
DA:48,0
DA:49,0
DA:50,0
DA:52,0
DA:55,0
DA:56,0
DA:61,0
DA:65,0
DA:66,0
DA:69,0
DA:70,0
DA:73,0
DA:74,0
DA:78,0
DA:79,0
DA:80,0
DA:82,0
DA:88,0
DA:91,0
DA:96,0
DA:97,0
DA:98,0
DA:104,0
DA:111,0
DA:112,0
DA:120,0
DA:121,0
DA:122,0
DA:124,0
DA:140,0
DA:141,0
DA:149,0
DA:157,0
DA:158,0
DA:165,0
LF:52
LH:0
BRDA:23,0,0,0
BRDA:23,0,1,0
BRDA:23,1,0,0
BRDA:23,1,1,0
BRDA:27,2,0,0
BRDA:27,2,1,0
BRDA:27,3,0,0
BRDA:27,3,1,0
BRDA:40,4,0,0
BRDA:40,4,1,0
BRDA:46,5,0,0
BRDA:46,5,1,0
BRDA:49,6,0,0
BRDA:49,6,1,0
BRDA:65,7,0,0
BRDA:65,7,1,0
BRDA:69,8,0,0
BRDA:69,8,1,0
BRDA:73,9,0,0
BRDA:73,9,1,0
BRDA:73,10,0,0
BRDA:73,10,1,0
BRDA:78,11,0,0
BRDA:78,11,1,0
BRDA:80,12,0,0
BRDA:80,12,1,0
BRDA:96,13,0,0
BRDA:96,13,1,0
BRDA:115,14,0,0
BRDA:115,14,1,0
BRDA:137,15,0,0
BRDA:137,15,1,0
BRDA:147,16,0,0
BRDA:147,16,1,0
BRDA:154,17,0,0
BRDA:154,17,1,0
BRDA:165,18,0,0
BRDA:165,18,1,0
BRF:38
BRH:0
end_of_record
TN:
SF:src/tools/complete-sprint.ts
FN:8,handleCompleteSprint
FN:12,(anonymous_1)
FNF:2
FNH:0
FNDA:0,handleCompleteSprint
FNDA:0,(anonymous_1)
DA:9,0
DA:13,0
DA:15,0
DA:17,0
DA:18,0
DA:20,0
DA:21,0
DA:31,0
DA:32,0
DA:39,0
DA:43,0
DA:62,0
DA:64,0
DA:65,0
DA:68,0
LF:15
LH:0
BRDA:20,0,0,0
BRDA:20,0,1,0
BRDA:31,1,0,0
BRDA:31,1,1,0
BRDA:53,2,0,0
BRDA:53,2,1,0
BRDA:54,3,0,0
BRDA:54,3,1,0
BRDA:55,4,0,0
BRDA:55,4,1,0
BRDA:64,5,0,0
BRDA:64,5,1,0
BRDA:70,6,0,0
BRDA:70,6,1,0
BRF:14
BRH:0
end_of_record
TN:
SF:src/tools/create-component.ts
FN:16,handleCreateComponent
FN:20,(anonymous_1)
FNF:2
FNH:0
FNDA:0,handleCreateComponent
FNDA:0,(anonymous_1)
DA:17,0
DA:21,0
DA:23,0
DA:24,0
DA:27,0
DA:28,0
DA:34,0
DA:35,0
DA:37,0
DA:38,0
DA:40,0
DA:41,0
DA:44,0
DA:46,0
DA:48,0
DA:72,0
LF:16
LH:0
BRDA:21,0,0,0
BRDA:21,0,1,0
BRDA:23,1,0,0
BRDA:23,1,1,0
BRDA:34,2,0,0
BRDA:34,2,1,0
BRDA:37,3,0,0
BRDA:37,3,1,0
BRDA:40,4,0,0
BRDA:40,4,1,0
BRDA:57,5,0,0
BRDA:57,5,1,0
BRDA:58,6,0,0
BRDA:58,6,1,0
BRDA:59,7,0,0
BRDA:59,7,1,0
BRDA:76,8,0,0
BRDA:76,8,1,0
BRF:18
BRH:0
end_of_record
TN:
SF:src/tools/create-epic.ts
FN:17,handleCreateEpic
FN:21,(anonymous_1)
FN:48,(anonymous_2)
FN:53,(anonymous_3)
FNF:4
FNH:0
FNDA:0,handleCreateEpic
FNDA:0,(anonymous_1)
FNDA:0,(anonymous_2)
FNDA:0,(anonymous_3)
DA:18,0
DA:22,0
DA:24,0
DA:26,0
DA:36,0
DA:43,0
DA:44,0
DA:45,0
DA:48,0
DA:49,0
DA:50,0
DA:53,0
DA:58,0
DA:70,0
DA:71,0
DA:76,0
DA:78,0
DA:81,0
DA:82,0
DA:87,0
DA:88,0
DA:92,0
DA:113,0
DA:116,0
DA:117,0
DA:118,0
DA:120,0
DA:121,0
DA:125,0
DA:147,0
DA:154,0
LF:31
LH:0
BRDA:24,0,0,0
BRDA:24,0,1,0
BRDA:44,1,0,0
BRDA:44,1,1,0
BRDA:49,2,0,0
BRDA:49,2,1,0
BRDA:66,3,0,0
BRDA:66,3,1,0
BRDA:70,4,0,0
BRDA:70,4,1,0
BRDA:81,5,0,0
BRDA:81,5,1,0
BRDA:103,6,0,0
BRDA:103,6,1,0
BRDA:104,7,0,0
BRDA:104,7,1,0
BRDA:104,8,0,0
BRDA:104,8,1,0
BRDA:116,9,0,0
BRDA:116,9,1,0
BRDA:116,10,0,0
BRDA:116,10,1,0
BRDA:135,11,0,0
BRDA:135,11,1,0
BRDA:136,12,0,0
BRDA:136,12,1,0
BRDA:136,13,0,0
BRDA:136,13,1,0
BRDA:149,14,0,0
BRDA:149,14,1,0
BRDA:156,15,0,0
BRDA:156,15,1,0
BRF:32
BRH:0
end_of_record
TN:
SF:src/tools/create-filter.ts
FN:7,handleCreateFilter
FN:8,(anonymous_1)
FN:62,(anonymous_2)
FN:74,(anonymous_3)
FNF:4
FNH:0
FNDA:0,handleCreateFilter
FNDA:0,(anonymous_1)
FNDA:0,(anonymous_2)
FNDA:0,(anonymous_3)
DA:8,0
DA:9,0
DA:10,0
DA:18,0
DA:19,0
DA:21,0
DA:22,0
DA:25,0
DA:27,0
DA:30,0
DA:34,0
DA:36,0
DA:63,0
DA:75,0
DA:99,0
LF:15
LH:0
BRDA:12,0,0,0
BRDA:12,0,1,0
BRDA:14,1,0,0
BRDA:14,1,1,0
BRDA:18,2,0,0
BRDA:18,2,1,0
BRDA:21,3,0,0
BRDA:21,3,1,0
BRDA:45,4,0,0
BRDA:45,4,1,0
BRDA:47,5,0,0
BRDA:47,5,1,0
BRDA:48,6,0,0
BRDA:48,6,1,0
BRDA:49,7,0,0
BRDA:49,7,1,0
BRDA:52,8,0,0
BRDA:52,8,1,0
BRDA:53,9,0,0
BRDA:53,9,1,0
BRDA:59,10,0,0
BRDA:59,10,1,0
BRDA:59,11,0,0
BRDA:59,11,1,0
BRDA:63,12,0,0
BRDA:63,12,1,0
BRDA:63,12,2,0
BRDA:63,12,3,0
BRDA:71,13,0,0
BRDA:71,13,1,0
BRDA:71,14,0,0
BRDA:71,14,1,0
BRDA:75,15,0,0
BRDA:75,15,1,0
BRDA:75,15,2,0
BRDA:75,15,3,0
BRDA:103,16,0,0
BRDA:103,16,1,0
BRF:38
BRH:0
end_of_record
TN:
SF:src/tools/create-issue.ts
FN:11,handleCreateIssue
FN:15,(anonymous_1)
FN:70,(anonymous_2)
FN:76,(anonymous_3)
FN:143,(anonymous_4)
FN:145,(anonymous_5)
FN:151,(anonymous_6)
FNF:7
FNH:0
FNDA:0,handleCreateIssue
FNDA:0,(anonymous_1)
FNDA:0,(anonymous_2)
FNDA:0,(anonymous_3)
FNDA:0,(anonymous_4)
FNDA:0,(anonymous_5)
FNDA:0,(anonymous_6)
DA:12,0
DA:26,0
DA:28,0
DA:30,0
DA:31,0
DA:37,0
DA:41,0
DA:55,0
DA:62,0
DA:64,0
DA:65,0
DA:66,0
DA:69,0
DA:70,0
DA:72,0
DA:73,0
DA:76,0
DA:82,0
DA:83,0
DA:85,0
DA:97,0
DA:98,0
DA:99,0
DA:103,0
DA:107,0
DA:108,0
DA:111,0
DA:115,0
DA:116,0
DA:117,0
DA:126,0
DA:127,0
DA:128,0
DA:129,0
DA:132,0
DA:138,0
DA:142,0
DA:143,0
DA:145,0
DA:148,0
DA:149,0
DA:151,0
DA:156,0
DA:157,0
DA:158,0
DA:165,0
DA:167,0
DA:175,0
DA:179,0
DA:188,0
DA:189,0
DA:193,0
DA:195,0
DA:196,0
DA:197,0
DA:203,0
DA:206,0
DA:210,0
DA:214,0
LF:59
LH:0
BRDA:28,0,0,0
BRDA:28,0,1,0
BRDA:30,1,0,0
BRDA:30,1,1,0
BRDA:65,2,0,0
BRDA:65,2,1,0
BRDA:72,3,0,0
BRDA:72,3,1,0
BRDA:82,4,0,0
BRDA:82,4,1,0
BRDA:93,5,0,0
BRDA:93,5,1,0
BRDA:97,6,0,0
BRDA:97,6,1,0
BRDA:107,7,0,0
BRDA:107,7,1,0
BRDA:115,8,0,0
BRDA:115,8,1,0
BRDA:115,9,0,0
BRDA:115,9,1,0
BRDA:126,10,0,0
BRDA:126,10,1,0
BRDA:126,11,0,0
BRDA:126,11,1,0
BRDA:134,12,0,0
BRDA:134,12,1,0
BRDA:142,13,0,0
BRDA:142,13,1,0
BRDA:148,14,0,0
BRDA:148,14,1,0
BRDA:157,15,0,0
BRDA:157,15,1,0
BRDA:193,16,0,0
BRDA:193,16,1,0
BRDA:195,17,0,0
BRDA:195,17,1,0
BRF:36
BRH:0
end_of_record
TN:
SF:src/tools/create-plan.ts
FN:54,handleCreatePlan
FN:55,(anonymous_1)
FN:110,(anonymous_2)
FN:140,(anonymous_3)
FN:151,(anonymous_4)
FN:163,(anonymous_5)
FNF:6
FNH:0
FNDA:0,handleCreatePlan
FNDA:0,(anonymous_1)
FNDA:0,(anonymous_2)
FNDA:0,(anonymous_3)
FNDA:0,(anonymous_4)
FNDA:0,(anonymous_5)
DA:55,0
DA:56,0
DA:57,0
DA:63,0
DA:64,0
DA:67,0
DA:68,0
DA:71,0
DA:72,0
DA:75,0
DA:76,0
DA:79,0
DA:80,0
DA:83,0
DA:84,0
DA:87,0
DA:88,0
DA:89,0
DA:92,0
DA:94,0
DA:96,0
DA:110,0
DA:140,0
DA:152,0
DA:164,0
DA:183,0
DA:184,0
DA:210,0
LF:28
LH:0
BRDA:63,0,0,0
BRDA:63,0,1,0
BRDA:67,1,0,0
BRDA:67,1,1,0
BRDA:71,2,0,0
BRDA:71,2,1,0
BRDA:75,3,0,0
BRDA:75,3,1,0
BRDA:79,4,0,0
BRDA:79,4,1,0
BRDA:83,5,0,0
BRDA:83,5,1,0
BRDA:88,6,0,0
BRDA:88,6,1,0
BRDA:105,7,0,0
BRDA:105,7,1,0
BRDA:114,8,0,0
BRDA:114,8,1,0
BRDA:116,9,0,0
BRDA:116,9,1,0
BRDA:117,10,0,0
BRDA:117,10,1,0
BRDA:118,11,0,0
BRDA:118,11,1,0
BRDA:119,12,0,0
BRDA:119,12,1,0
BRDA:120,13,0,0
BRDA:120,13,1,0
BRDA:125,14,0,0
BRDA:125,14,1,0
BRDA:127,15,0,0
BRDA:127,15,1,0
BRDA:128,16,0,0
BRDA:128,16,1,0
BRDA:129,17,0,0
BRDA:129,17,1,0
BRDA:130,18,0,0
BRDA:130,18,1,0
BRDA:131,19,0,0
BRDA:131,19,1,0
BRDA:136,20,0,0
BRDA:136,20,1,0
BRDA:147,21,0,0
BRDA:147,21,1,0
BRDA:152,22,0,0
BRDA:152,22,1,0
BRDA:159,23,0,0
BRDA:159,23,1,0
BRDA:183,24,0,0
BRDA:183,24,1,0
BRDA:183,25,0,0
BRDA:183,25,1,0
BRDA:214,26,0,0
BRDA:214,26,1,0
BRF:54
BRH:0
end_of_record
TN:
SF:src/tools/create-sprint.ts
FN:18,handleCreateSprint
FN:22,(anonymous_1)
FN:86,(anonymous_2)
FNF:3
FNH:0
FNDA:0,handleCreateSprint
FNDA:0,(anonymous_1)
FNDA:0,(anonymous_2)
DA:19,0
DA:23,0
DA:25,0
DA:27,0
DA:38,0
DA:40,0
DA:45,0
DA:46,0
DA:47,0
DA:49,0
DA:50,0
DA:51,0
DA:53,0
DA:73,0
DA:74,0
DA:75,0
DA:77,0
DA:79,0
DA:80,0
DA:81,0
DA:82,0
DA:84,0
DA:85,0
DA:86,0
DA:88,0
DA:92,0
DA:93,0
DA:100,0
LF:28
LH:0
BRDA:25,0,0,0
BRDA:25,0,1,0
BRDA:38,1,0,0
BRDA:38,1,1,0
BRDA:45,2,0,0
BRDA:45,2,1,0
BRDA:46,3,0,0
BRDA:46,3,1,0
BRDA:47,4,0,0
BRDA:47,4,1,0
BRDA:64,5,0,0
BRDA:64,5,1,0
BRDA:65,6,0,0
BRDA:65,6,1,0
BRDA:66,7,0,0
BRDA:66,7,1,0
BRDA:77,8,0,0
BRDA:77,8,1,0
BRDA:79,9,0,0
BRDA:79,9,1,0
BRDA:81,10,0,0
BRDA:81,10,1,0
BRDA:84,11,0,0
BRDA:84,11,1,0
BRDA:92,12,0,0
BRDA:92,12,1,0
BRDA:92,13,0,0
BRDA:92,13,1,0
BRDA:96,14,0,0
BRDA:96,14,1,0
BRF:30
BRH:0
end_of_record
TN:
SF:src/tools/create-version.ts
FN:7,handleCreateVersion
FN:11,(anonymous_1)
FNF:2
FNH:0
FNDA:0,handleCreateVersion
FNDA:0,(anonymous_1)
DA:8,0
DA:12,0
DA:13,0
DA:19,0
DA:20,0
DA:22,0
DA:23,0
DA:25,0
DA:26,0
DA:28,0
DA:29,0
DA:31,0
DA:32,0
DA:35,0
DA:37,0
DA:39,0
DA:58,0
LF:17
LH:0
BRDA:19,0,0,0
BRDA:19,0,1,0
BRDA:22,1,0,0
BRDA:22,1,1,0
BRDA:25,2,0,0
BRDA:25,2,1,0
BRDA:28,3,0,0
BRDA:28,3,1,0
BRDA:31,4,0,0
BRDA:31,4,1,0
BRDA:48,5,0,0
BRDA:48,5,1,0
BRDA:49,6,0,0
BRDA:49,6,1,0
BRDA:50,7,0,0
BRDA:50,7,1,0
BRDA:51,8,0,0
BRDA:51,8,1,0
BRDA:51,9,0,0
BRDA:51,9,1,0
BRDA:62,10,0,0
BRDA:62,10,1,0
BRF:22
BRH:0
end_of_record
TN:
SF:src/tools/delete-issue.ts
FN:7,handleDeleteIssue
FN:11,(anonymous_1)
FNF:2
FNH:0
FNDA:0,handleDeleteIssue
FNDA:0,(anonymous_1)
DA:8,0
DA:12,0
DA:14,0
DA:16,0
DA:25,0
DA:26,0
DA:53,0
DA:54,0
DA:78,0
LF:9
LH:0
BRDA:25,0,0,0
BRDA:25,0,1,0
BRDA:53,1,0,0
BRDA:53,1,1,0
BRF:4
BRH:0
end_of_record
TN:
SF:src/tools/duplicate-plan.ts
FN:18,handleDuplicatePlan
FN:19,(anonymous_1)
FN:51,(anonymous_2)
FNF:3
FNH:0
FNDA:0,handleDuplicatePlan
FNDA:0,(anonymous_1)
FNDA:0,(anonymous_2)
DA:19,0
DA:20,0
DA:22,0
DA:27,0
DA:28,0
DA:30,0
DA:31,0
DA:33,0
DA:34,0
DA:36,0
DA:37,0
DA:39,0
DA:40,0
DA:43,0
DA:48,0
DA:51,0
DA:52,0
DA:55,0
DA:56,0
DA:57,0
DA:58,0
DA:59,0
DA:61,0
DA:201,0
DA:202,0
DA:232,0
DA:233,0
DA:270,0
DA:271,0
DA:312,0
DA:313,0
DA:347,0
LF:32
LH:0
BRDA:27,0,0,0
BRDA:27,0,1,0
BRDA:30,1,0,0
BRDA:30,1,1,0
BRDA:33,2,0,0
BRDA:33,2,1,0
BRDA:36,3,0,0
BRDA:36,3,1,0
BRDA:39,4,0,0
BRDA:39,4,1,0
BRDA:51,5,0,0
BRDA:52,6,0,0
BRDA:52,6,1,0
BRDA:85,7,0,0
BRDA:85,7,1,0
BRDA:86,8,0,0
BRDA:86,8,1,0
BRDA:87,9,0,0
BRDA:87,9,1,0
BRDA:88,10,0,0
BRDA:88,10,1,0
BRDA:89,11,0,0
BRDA:89,11,1,0
BRDA:118,12,0,0
BRDA:118,12,1,0
BRDA:130,13,0,0
BRDA:130,13,1,0
BRDA:201,14,0,0
BRDA:201,14,1,0
BRDA:232,15,0,0
BRDA:232,15,1,0
BRDA:270,16,0,0
BRDA:270,16,1,0
BRDA:286,17,0,0
BRDA:286,17,1,0
BRDA:312,18,0,0
BRDA:312,18,1,0
BRDA:327,19,0,0
BRDA:327,19,1,0
BRDA:351,20,0,0
BRDA:351,20,1,0
BRF:41
BRH:0
end_of_record
TN:
SF:src/tools/estimate-issue.ts
FN:8,handleEstimateIssue
FN:12,(anonymous_1)
FNF:2
FNH:0
FNDA:0,handleEstimateIssue
FNDA:0,(anonymous_1)
DA:9,0
DA:13,0
DA:18,0
DA:19,0
DA:23,0
DA:38,0
DA:40,0
DA:41,0
DA:44,0
DA:45,0
DA:51,0
LF:11
LH:0
BRDA:40,0,0,0
BRDA:40,0,1,0
BRDA:44,1,0,0
BRDA:44,1,1,0
BRDA:47,2,0,0
BRDA:47,2,1,0
BRDA:53,3,0,0
BRDA:53,3,1,0
BRF:8
BRH:0
end_of_record
TN:
SF:src/tools/get-board-configuration.ts
FN:12,handleGetBoardConfiguration
FN:16,(anonymous_1)
FN:65,(anonymous_2)
FN:97,(anonymous_3)
FNF:4
FNH:0
FNDA:0,handleGetBoardConfiguration
FNDA:0,(anonymous_1)
FNDA:0,(anonymous_2)
FNDA:0,(anonymous_3)
DA:13,0
DA:17,0
DA:19,0
DA:21,0
DA:23,0
DA:24,0
DA:27,0
DA:28,0
DA:31,0
DA:32,0
DA:33,0
DA:36,0
DA:38,0
DA:41,0
DA:66,0
DA:97,0
DA:108,0
DA:110,0
DA:111,0
DA:114,0
LF:20
LH:0
BRDA:36,0,0,0
BRDA:36,0,1,0
BRDA:50,1,0,0
BRDA:50,1,1,0
BRDA:50,1,2,0
BRDA:51,2,0,0
BRDA:51,2,1,0
BRDA:57,3,0,0
BRDA:57,3,1,0
BRDA:60,4,0,0
BRDA:60,4,1,0
BRDA:63,5,0,0
BRDA:63,5,1,0
BRDA:66,6,0,0
BRDA:66,6,1,0
BRDA:66,7,0,0
BRDA:66,7,1,0
BRDA:66,8,0,0
BRDA:66,8,1,0
BRDA:71,9,0,0
BRDA:71,9,1,0
BRDA:77,10,0,0
BRDA:77,10,1,0
BRDA:80,11,0,0
BRDA:80,11,1,0
BRDA:86,12,0,0
BRDA:86,12,1,0
BRDA:94,13,0,0
BRDA:94,13,1,0
BRDA:110,14,0,0
BRDA:110,14,1,0
BRDA:116,15,0,0
BRDA:116,15,1,0
BRF:33
BRH:0
end_of_record
TN:
SF:src/tools/get-board-cumulative-flow.ts
FN:13,handleGetBoardCumulativeFlow
FN:17,(anonymous_1)
FN:57,(anonymous_2)
FN:61,(anonymous_3)
FN:73,(anonymous_4)
FN:106,(anonymous_5)
FN:113,(anonymous_6)
FN:125,(anonymous_7)
FN:128,(anonymous_8)
FN:131,(anonymous_9)
FN:147,(anonymous_10)
FN:165,(anonymous_11)
FN:175,(anonymous_12)
FN:179,(anonymous_13)
FNF:14
FNH:0
FNDA:0,handleGetBoardCumulativeFlow
FNDA:0,(anonymous_1)
FNDA:0,(anonymous_2)
FNDA:0,(anonymous_3)
FNDA:0,(anonymous_4)
FNDA:0,(anonymous_5)
FNDA:0,(anonymous_6)
FNDA:0,(anonymous_7)
FNDA:0,(anonymous_8)
FNDA:0,(anonymous_9)
FNDA:0,(anonymous_10)
FNDA:0,(anonymous_11)
FNDA:0,(anonymous_12)
FNDA:0,(anonymous_13)
DA:14,0
DA:18,0
DA:20,0
DA:24,0
DA:26,0
DA:27,0
DA:30,0
DA:31,0
DA:34,0
DA:37,0
DA:39,0
DA:40,0
DA:53,0
DA:54,0
DA:57,0
DA:58,0
DA:61,0
DA:66,0
DA:73,0
DA:74,0
DA:75,0
DA:78,0
DA:79,0
DA:80,0
DA:81,0
DA:82,0
DA:83,0
DA:84,0
DA:85,0
DA:90,0
DA:91,0
DA:92,0
DA:93,0
DA:94,0
DA:100,0
DA:101,0
DA:105,0
DA:106,0
DA:107,0
DA:108,0
DA:112,0
DA:113,0
DA:114,0
DA:115,0
DA:124,0
DA:125,0
DA:127,0
DA:128,0
DA:130,0
DA:131,0
DA:134,0
DA:148,0
DA:149,0
DA:166,0
DA:175,0
DA:180,0
DA:181,0
DA:191,0
DA:193,0
DA:194,0
DA:197,0
LF:61
LH:0
BRDA:37,0,0,0
BRDA:37,0,1,0
BRDA:39,1,0,0
BRDA:39,1,1,0
BRDA:54,2,0,0
BRDA:54,2,1,0
BRDA:61,3,0,0
BRDA:61,3,1,0
BRDA:75,4,0,0
BRDA:75,4,1,0
BRDA:75,4,2,0
BRDA:81,5,0,0
BRDA:81,5,1,0
BRDA:90,6,0,0
BRDA:90,6,1,0
BRDA:93,7,0,0
BRDA:93,7,1,0
BRDA:100,8,0,0
BRDA:100,8,1,0
BRDA:107,9,0,0
BRDA:107,9,1,0
BRDA:107,9,2,0
BRDA:114,10,0,0
BRDA:114,10,1,0
BRDA:117,11,0,0
BRDA:117,11,1,0
BRDA:118,12,0,0
BRDA:118,12,1,0
BRDA:148,13,0,0
BRDA:148,13,1,0
BRDA:161,14,0,0
BRDA:161,14,1,0
BRDA:166,15,0,0
BRDA:166,15,1,0
BRDA:173,16,0,0
BRDA:173,16,1,0
BRDA:175,17,0,0
BRDA:175,17,1,0
BRDA:180,18,0,0
BRDA:180,18,1,0
BRDA:181,19,0,0
BRDA:181,19,1,0
BRDA:181,20,0,0
BRDA:181,20,1,0
BRDA:193,21,0,0
BRDA:193,21,1,0
BRDA:199,22,0,0
BRDA:199,22,1,0
BRF:48
BRH:0
end_of_record
TN:
SF:src/tools/get-board-reports.ts
FN:12,handleGetBoardReports
FN:16,(anonymous_1)
FN:38,(anonymous_2)
FN:44,(anonymous_3)
FN:53,(anonymous_4)
FN:72,(anonymous_5)
FN:84,(anonymous_6)
FN:89,(anonymous_7)
FN:99,(anonymous_8)
FNF:9
FNH:0
FNDA:0,handleGetBoardReports
FNDA:0,(anonymous_1)
FNDA:0,(anonymous_2)
FNDA:0,(anonymous_3)
FNDA:0,(anonymous_4)
FNDA:0,(anonymous_5)
FNDA:0,(anonymous_6)
FNDA:0,(anonymous_7)
FNDA:0,(anonymous_8)
DA:13,0
DA:17,0
DA:19,0
DA:21,0
DA:23,0
DA:24,0
DA:27,0
DA:28,0
DA:31,0
DA:34,0
DA:37,0
DA:38,0
DA:39,0
DA:40,0
DA:41,0
DA:44,0
DA:45,0
DA:46,0
DA:47,0
DA:51,0
DA:52,0
DA:53,0
DA:54,0
DA:55,0
DA:56,0
DA:57,0
DA:58,0
DA:62,0
DA:72,0
DA:84,0
DA:89,0
DA:99,0
DA:115,0
DA:117,0
DA:118,0
DA:121,0
LF:36
LH:0
BRDA:28,0,0,0
BRDA:28,0,1,0
BRDA:34,1,0,0
BRDA:34,1,1,0
BRDA:40,2,0,0
BRDA:40,2,1,0
BRDA:46,3,0,0
BRDA:46,3,1,0
BRDA:54,4,0,0
BRDA:54,4,1,0
BRDA:54,4,2,0
BRDA:56,5,0,0
BRDA:56,5,1,0
BRDA:58,6,0,0
BRDA:58,6,1,0
BRDA:70,7,0,0
BRDA:70,7,1,0
BRDA:72,8,0,0
BRDA:72,8,1,0
BRDA:93,9,0,0
BRDA:93,9,1,0
BRDA:108,10,0,0
BRDA:108,10,1,0
BRDA:117,11,0,0
BRDA:117,11,1,0
BRDA:123,12,0,0
BRDA:123,12,1,0
BRF:27
BRH:0
end_of_record
TN:
SF:src/tools/get-burndown-chart-data.ts
FN:13,handleGetBurndownChartData
FN:17,(anonymous_1)
FN:50,(anonymous_2)
FN:62,(anonymous_3)
FN:152,(anonymous_4)
FNF:5
FNH:0
FNDA:0,handleGetBurndownChartData
FNDA:0,(anonymous_1)
FNDA:0,(anonymous_2)
FNDA:0,(anonymous_3)
FNDA:0,(anonymous_4)
DA:14,0
DA:18,0
DA:20,0
DA:24,0
DA:26,0
DA:27,0
DA:30,0
DA:31,0
DA:33,0
DA:34,0
DA:47,0
DA:48,0
DA:50,0
DA:51,0
DA:52,0
DA:53,0
DA:58,0
DA:59,0
DA:60,0
DA:62,0
DA:63,0
DA:64,0
DA:65,0
DA:67,0
DA:68,0
DA:69,0
DA:71,0
DA:72,0
DA:77,0
DA:78,0
DA:81,0
DA:83,0
DA:86,0
DA:90,0
DA:93,0
DA:94,0
DA:97,0
DA:100,0
DA:101,0
DA:102,0
DA:104,0
DA:106,0
DA:107,0
DA:108,0
DA:109,0
DA:114,0
DA:116,0
DA:117,0
DA:119,0
DA:153,0
DA:154,0
DA:155,0
DA:156,0
DA:157,0
DA:159,0
DA:169,0
DA:171,0
DA:172,0
DA:175,0
LF:59
LH:0
BRDA:31,0,0,0
BRDA:31,0,1,0
BRDA:33,1,0,0
BRDA:33,1,1,0
BRDA:51,2,0,0
BRDA:51,2,1,0
BRDA:51,2,2,0
BRDA:52,3,0,0
BRDA:52,3,1,0
BRDA:64,4,0,0
BRDA:64,4,1,0
BRDA:67,5,0,0
BRDA:67,5,1,0
BRDA:67,5,2,0
BRDA:68,6,0,0
BRDA:68,6,1,0
BRDA:71,7,0,0
BRDA:71,7,1,0
BRDA:78,8,0,0
BRDA:78,8,1,0
BRDA:93,9,0,0
BRDA:93,9,1,0
BRDA:101,10,0,0
BRDA:101,10,1,0
BRDA:101,11,0,0
BRDA:101,11,1,0
BRDA:104,12,0,0
BRDA:104,12,1,0
BRDA:106,13,0,0
BRDA:106,13,1,0
BRDA:108,14,0,0
BRDA:108,14,1,0
BRDA:114,15,0,0
BRDA:114,15,1,0
BRDA:116,16,0,0
BRDA:116,16,1,0
BRDA:143,17,0,0
BRDA:143,17,1,0
BRDA:159,18,0,0
BRDA:159,18,1,0
BRDA:159,19,0,0
BRDA:159,19,1,0
BRDA:161,20,0,0
BRDA:161,20,1,0
BRDA:171,21,0,0
BRDA:171,21,1,0
BRDA:177,22,0,0
BRDA:177,22,1,0
BRF:48
BRH:0
end_of_record
TN:
SF:src/tools/get-component-progress.ts
FN:13,handleGetComponentProgress
FN:17,(anonymous_1)
FN:55,(anonymous_2)
FN:84,(anonymous_3)
FN:112,(anonymous_4)
FN:113,(anonymous_5)
FN:118,(anonymous_6)
FN:119,(anonymous_7)
FN:124,(anonymous_8)
FN:125,(anonymous_9)
FN:130,(anonymous_10)
FN:132,(anonymous_11)
FNF:12
FNH:0
FNDA:0,handleGetComponentProgress
FNDA:0,(anonymous_1)
FNDA:0,(anonymous_2)
FNDA:0,(anonymous_3)
FNDA:0,(anonymous_4)
FNDA:0,(anonymous_5)
FNDA:0,(anonymous_6)
FNDA:0,(anonymous_7)
FNDA:0,(anonymous_8)
FNDA:0,(anonymous_9)
FNDA:0,(anonymous_10)
FNDA:0,(anonymous_11)
DA:14,0
DA:18,0
DA:20,0
DA:21,0
DA:24,0
DA:26,0
DA:27,0
DA:30,0
DA:33,0
DA:36,0
DA:44,0
DA:47,0
DA:48,0
DA:49,0
DA:50,0
DA:52,0
DA:53,0
DA:55,0
DA:56,0
DA:57,0
DA:58,0
DA:59,0
DA:61,0
DA:62,0
DA:63,0
DA:64,0
DA:67,0
DA:72,0
DA:78,0
DA:81,0
DA:82,0
DA:83,0
DA:84,0
DA:87,0
DA:112,0
DA:113,0
DA:118,0
DA:119,0
DA:124,0
DA:125,0
DA:130,0
DA:132,0
DA:151,0
LF:43
LH:0
BRDA:18,0,0,0
BRDA:18,0,1,0
BRDA:20,1,0,0
BRDA:20,1,1,0
BRDA:57,2,0,0
BRDA:57,2,1,0
BRDA:58,3,0,0
BRDA:58,3,1,0
BRDA:61,4,0,0
BRDA:61,4,1,0
BRDA:62,5,0,0
BRDA:62,5,1,0
BRDA:63,6,0,0
BRDA:63,6,1,0
BRDA:64,7,0,0
BRDA:64,7,1,0
BRDA:67,8,0,0
BRDA:67,8,1,0
BRDA:68,9,0,0
BRDA:68,9,1,0
BRDA:68,9,2,0
BRDA:78,10,0,0
BRDA:78,10,1,0
BRDA:96,11,0,0
BRDA:96,11,1,0
BRDA:97,12,0,0
BRDA:97,12,1,0
BRDA:108,13,0,0
BRDA:108,13,1,0
BRDA:108,14,0,0
BRDA:108,14,1,0
BRDA:133,15,0,0
BRDA:133,15,1,0
BRDA:137,16,0,0
BRDA:137,16,1,0
BRDA:139,17,0,0
BRDA:139,17,1,0
BRDA:141,18,0,0
BRDA:141,18,1,0
BRDA:146,19,0,0
BRDA:146,19,1,0
BRDA:155,20,0,0
BRDA:155,20,1,0
BRF:43
BRH:0
end_of_record
TN:
SF:src/tools/get-issue-types.ts
FN:12,handleGetIssueTypes
FN:16,(anonymous_1)
FN:42,(anonymous_2)
FN:48,(anonymous_3)
FN:55,(anonymous_4)
FN:60,(anonymous_5)
FN:62,(anonymous_6)
FN:79,(anonymous_7)
FN:80,(anonymous_8)
FN:89,(anonymous_9)
FN:91,(anonymous_10)
FN:92,(anonymous_11)
FN:119,(anonymous_12)
FN:138,(anonymous_13)
FN:157,(anonymous_14)
FN:175,(anonymous_15)
FN:186,(anonymous_16)
FN:215,(anonymous_17)
FN:216,(anonymous_18)
FNF:19
FNH:0
FNDA:0,handleGetIssueTypes
FNDA:0,(anonymous_1)
FNDA:0,(anonymous_2)
FNDA:0,(anonymous_3)
FNDA:0,(anonymous_4)
FNDA:0,(anonymous_5)
FNDA:0,(anonymous_6)
FNDA:0,(anonymous_7)
FNDA:0,(anonymous_8)
FNDA:0,(anonymous_9)
FNDA:0,(anonymous_10)
FNDA:0,(anonymous_11)
FNDA:0,(anonymous_12)
FNDA:0,(anonymous_13)
FNDA:0,(anonymous_14)
FNDA:0,(anonymous_15)
FNDA:0,(anonymous_16)
FNDA:0,(anonymous_17)
FNDA:0,(anonymous_18)
DA:13,0
DA:17,0
DA:19,0
DA:20,0
DA:22,0
DA:24,0
DA:25,0
DA:28,0
DA:32,0
DA:35,0
DA:42,0
DA:44,0
DA:47,0
DA:48,0
DA:49,0
DA:53,0
DA:55,0
DA:57,0
DA:60,0
DA:61,0
DA:62,0
DA:64,0
DA:79,0
DA:80,0
DA:88,0
DA:89,0
DA:91,0
DA:92,0
DA:95,0
DA:102,0
DA:120,0
DA:139,0
DA:158,0
DA:176,0
DA:187,0
DA:188,0
DA:190,0
DA:191,0
DA:192,0
DA:193,0
DA:194,0
DA:195,0
DA:196,0
DA:197,0
DA:198,0
DA:199,0
DA:201,0
DA:204,0
DA:215,0
DA:216,0
DA:223,0
LF:51
LH:0
BRDA:17,0,0,0
BRDA:17,0,1,0
BRDA:19,1,0,0
BRDA:19,1,1,0
BRDA:44,2,0,0
BRDA:44,2,1,0
BRDA:57,3,0,0
BRDA:57,3,1,0
BRDA:67,4,0,0
BRDA:67,4,1,0
BRDA:71,5,0,0
BRDA:71,5,1,0
BRDA:73,6,0,0
BRDA:73,6,1,0
BRDA:76,7,0,0
BRDA:76,7,1,0
BRDA:77,8,0,0
BRDA:77,8,1,0
BRDA:83,9,0,0
BRDA:83,9,1,0
BRDA:89,10,0,0
BRDA:89,10,1,0
BRDA:116,11,0,0
BRDA:116,11,1,0
BRDA:124,12,0,0
BRDA:124,12,1,0
BRDA:125,13,0,0
BRDA:125,13,1,0
BRDA:126,14,0,0
BRDA:126,14,1,0
BRDA:133,15,0,0
BRDA:133,15,1,0
BRDA:143,16,0,0
BRDA:143,16,1,0
BRDA:144,17,0,0
BRDA:144,17,1,0
BRDA:152,18,0,0
BRDA:152,18,1,0
BRDA:162,19,0,0
BRDA:162,19,1,0
BRDA:163,20,0,0
BRDA:163,20,1,0
BRDA:172,21,0,0
BRDA:172,21,1,0
BRDA:176,22,0,0
BRDA:176,22,1,0
BRDA:176,23,0,0
BRDA:176,23,1,0
BRDA:190,24,0,0
BRDA:190,24,1,0
BRDA:190,25,0,0
BRDA:190,25,1,0
BRDA:192,26,0,0
BRDA:192,26,1,0
BRDA:194,27,0,0
BRDA:194,27,1,0
BRDA:194,28,0,0
BRDA:194,28,1,0
BRDA:196,29,0,0
BRDA:196,29,1,0
BRDA:198,30,0,0
BRDA:198,30,1,0
BRDA:198,31,0,0
BRDA:198,31,1,0
BRDA:214,32,0,0
BRDA:214,32,1,0
BRDA:214,33,0,0
BRDA:214,33,1,0
BRDA:216,34,0,0
BRDA:216,34,1,0
BRDA:227,35,0,0
BRDA:227,35,1,0
BRF:72
BRH:0
end_of_record
TN:
SF:src/tools/get-issue.ts
FN:12,handleGetIssue
FN:16,(anonymous_1)
FNF:2
FNH:0
FNDA:0,handleGetIssue
FNDA:0,(anonymous_1)
DA:13,0
DA:18,0
DA:19,0
DA:25,0
DA:28,0
DA:35,0
DA:36,0
DA:39,0
DA:40,0
DA:44,0
DA:52,0
DA:53,0
DA:56,0
DA:57,0
DA:61,0
DA:62,0
DA:66,0
DA:67,0
DA:71,0
DA:72,0
DA:77,0
DA:80,0
LF:22
LH:0
BRDA:31,0,0,0
BRDA:31,0,1,0
BRDA:32,1,0,0
BRDA:32,1,1,0
BRDA:39,2,0,0
BRDA:39,2,1,0
BRDA:52,3,0,0
BRDA:52,3,1,0
BRDA:56,4,0,0
BRDA:56,4,1,0
BRDA:56,5,0,0
BRDA:56,5,1,0
BRDA:61,6,0,0
BRDA:61,6,1,0
BRDA:66,7,0,0
BRDA:66,7,1,0
BRDA:66,8,0,0
BRDA:66,8,1,0
BRDA:77,9,0,0
BRDA:77,9,1,0
BRF:20
BRH:0
end_of_record
TN:
SF:src/tools/get-plan-teams.ts
FN:12,handleGetPlanTeams
FN:13,(anonymous_1)
FN:20,(anonymous_2)
FN:51,(anonymous_3)
FN:55,(anonymous_4)
FN:65,(anonymous_5)
FN:69,(anonymous_6)
FN:81,(anonymous_7)
FN:84,(anonymous_8)
FN:87,(anonymous_9)
FN:114,(anonymous_10)
FN:136,(anonymous_11)
FN:158,(anonymous_12)
FN:195,(anonymous_13)
FN:198,(anonymous_14)
FN:201,(anonymous_15)
FNF:16
FNH:0
FNDA:0,handleGetPlanTeams
FNDA:0,(anonymous_1)
FNDA:0,(anonymous_2)
FNDA:0,(anonymous_3)
FNDA:0,(anonymous_4)
FNDA:0,(anonymous_5)
FNDA:0,(anonymous_6)
FNDA:0,(anonymous_7)
FNDA:0,(anonymous_8)
FNDA:0,(anonymous_9)
FNDA:0,(anonymous_10)
FNDA:0,(anonymous_11)
FNDA:0,(anonymous_12)
FNDA:0,(anonymous_13)
FNDA:0,(anonymous_14)
FNDA:0,(anonymous_15)
DA:13,0
DA:14,0
DA:15,0
DA:17,0
DA:20,0
DA:21,0
DA:23,0
DA:24,0
DA:25,0
DA:27,0
DA:28,0
DA:31,0
DA:32,0
DA:35,0
DA:36,0
DA:39,0
DA:40,0
DA:43,0
DA:44,0
DA:47,0
DA:51,0
DA:52,0
DA:54,0
DA:56,0
DA:57,0
DA:58,0
DA:59,0
DA:65,0
DA:66,0
DA:68,0
DA:70,0
DA:71,0
DA:72,0
DA:74,0
DA:80,0
DA:81,0
DA:83,0
DA:84,0
DA:86,0
DA:88,0
DA:95,0
DA:114,0
DA:136,0
DA:158,0
DA:195,0
DA:198,0
DA:201,0
DA:225,0
DA:226,0
DA:251,0
DA:252,0
DA:277,0
LF:52
LH:0
BRDA:25,0,0,0
BRDA:25,0,1,0
BRDA:27,1,0,0
BRDA:27,1,1,0
BRDA:31,2,0,0
BRDA:31,2,1,0
BRDA:32,3,0,0
BRDA:32,3,1,0
BRDA:35,4,0,0
BRDA:35,4,1,0
BRDA:35,5,0,0
BRDA:35,5,1,0
BRDA:39,6,0,0
BRDA:39,6,1,0
BRDA:39,7,0,0
BRDA:39,7,1,0
BRDA:43,8,0,0
BRDA:43,8,1,0
BRDA:52,9,0,0
BRDA:52,9,1,0
BRDA:52,10,0,0
BRDA:52,10,1,0
BRDA:56,11,0,0
BRDA:56,11,1,0
BRDA:57,12,0,0
BRDA:57,12,1,0
BRDA:58,13,0,0
BRDA:58,13,1,0
BRDA:66,14,0,0
BRDA:66,14,1,0
BRDA:66,15,0,0
BRDA:66,15,1,0
BRDA:70,16,0,0
BRDA:70,16,1,0
BRDA:71,17,0,0
BRDA:71,17,1,0
BRDA:81,18,0,0
BRDA:81,18,1,0
BRDA:84,19,0,0
BRDA:84,19,1,0
BRDA:84,19,2,0
BRDA:88,20,0,0
BRDA:88,20,1,0
BRDA:88,20,2,0
BRDA:88,20,3,0
BRDA:88,20,4,0
BRDA:108,21,0,0
BRDA:108,21,1,0
BRDA:117,22,0,0
BRDA:117,22,1,0
BRDA:130,23,0,0
BRDA:130,23,1,0
BRDA:139,24,0,0
BRDA:139,24,1,0
BRDA:152,25,0,0
BRDA:152,25,1,0
BRDA:161,26,0,0
BRDA:161,26,1,0
BRDA:174,27,0,0
BRDA:174,27,1,0
BRDA:193,28,0,0
BRDA:193,28,1,0
BRDA:195,29,0,0
BRDA:195,29,1,0
BRDA:198,30,0,0
BRDA:198,30,1,0
BRDA:201,31,0,0
BRDA:201,31,1,0
BRDA:225,32,0,0
BRDA:225,32,1,0
BRDA:251,33,0,0
BRDA:251,33,1,0
BRDA:281,34,0,0
BRDA:281,34,1,0
BRF:74
BRH:0
end_of_record
TN:
SF:src/tools/get-plan.ts
FN:12,handleGetPlan
FN:13,(anonymous_1)
FN:20,(anonymous_2)
FN:24,(anonymous_3)
FN:31,(anonymous_4)
FN:35,(anonymous_5)
FN:42,(anonymous_6)
FN:58,(anonymous_7)
FN:89,(anonymous_8)
FN:93,(anonymous_9)
FN:100,(anonymous_10)
FN:104,(anonymous_11)
FN:111,(anonymous_12)
FN:115,(anonymous_13)
FN:122,(anonymous_14)
FNF:15
FNH:0
FNDA:0,handleGetPlan
FNDA:0,(anonymous_1)
FNDA:0,(anonymous_2)
FNDA:0,(anonymous_3)
FNDA:0,(anonymous_4)
FNDA:0,(anonymous_5)
FNDA:0,(anonymous_6)
FNDA:0,(anonymous_7)
FNDA:0,(anonymous_8)
FNDA:0,(anonymous_9)
FNDA:0,(anonymous_10)
FNDA:0,(anonymous_11)
FNDA:0,(anonymous_12)
FNDA:0,(anonymous_13)
FNDA:0,(anonymous_14)
DA:13,0
DA:14,0
DA:15,0
DA:17,0
DA:20,0
DA:21,0
DA:22,0
DA:25,0
DA:31,0
DA:32,0
DA:33,0
DA:36,0
DA:42,0
DA:43,0
DA:45,0
DA:46,0
DA:47,0
DA:48,0
DA:49,0
DA:50,0
DA:51,0
DA:52,0
DA:54,0
DA:58,0
DA:59,0
DA:61,0
DA:62,0
DA:63,0
DA:67,0
DA:68,0
DA:70,0
DA:71,0
DA:73,0
DA:74,0
DA:78,0
DA:79,0
DA:81,0
DA:82,0
DA:85,0
DA:89,0
DA:90,0
DA:91,0
DA:94,0
DA:100,0
DA:101,0
DA:102,0
DA:105,0
DA:111,0
DA:112,0
DA:113,0
DA:116,0
DA:122,0
DA:123,0
DA:125,0
DA:126,0
DA:127,0
DA:129,0
DA:130,0
DA:131,0
DA:134,0
DA:136,0
DA:202,0
DA:203,0
DA:231,0
DA:232,0
DA:258,0
LF:66
LH:0
BRDA:21,0,0,0
BRDA:21,0,1,0
BRDA:21,1,0,0
BRDA:21,1,1,0
BRDA:25,2,0,0
BRDA:25,2,1,0
BRDA:32,3,0,0
BRDA:32,3,1,0
BRDA:32,4,0,0
BRDA:32,4,1,0
BRDA:36,5,0,0
BRDA:36,5,1,0
BRDA:43,6,0,0
BRDA:43,6,1,0
BRDA:46,7,0,0
BRDA:46,7,1,0
BRDA:47,8,0,0
BRDA:47,8,1,0
BRDA:48,9,0,0
BRDA:48,9,1,0
BRDA:50,10,0,0
BRDA:50,10,1,0
BRDA:52,11,0,0
BRDA:52,11,1,0
BRDA:54,12,0,0
BRDA:54,12,1,0
BRDA:59,13,0,0
BRDA:59,13,1,0
BRDA:62,14,0,0
BRDA:62,14,1,0
BRDA:67,15,0,0
BRDA:67,15,1,0
BRDA:70,16,0,0
BRDA:70,16,1,0
BRDA:73,17,0,0
BRDA:73,17,1,0
BRDA:78,18,0,0
BRDA:78,18,1,0
BRDA:81,19,0,0
BRDA:81,19,1,0
BRDA:85,20,0,0
BRDA:85,20,1,0
BRDA:90,21,0,0
BRDA:90,21,1,0
BRDA:90,22,0,0
BRDA:90,22,1,0
BRDA:94,23,0,0
BRDA:94,23,1,0
BRDA:101,24,0,0
BRDA:101,24,1,0
BRDA:101,25,0,0
BRDA:101,25,1,0
BRDA:105,26,0,0
BRDA:105,26,1,0
BRDA:112,27,0,0
BRDA:112,27,1,0
BRDA:112,28,0,0
BRDA:112,28,1,0
BRDA:123,29,0,0
BRDA:123,29,1,0
BRDA:123,30,0,0
BRDA:123,30,1,0
BRDA:129,31,0,0
BRDA:129,31,1,0
BRDA:130,32,0,0
BRDA:130,32,1,0
BRDA:145,33,0,0
BRDA:145,33,1,0
BRDA:146,34,0,0
BRDA:146,34,1,0
BRDA:148,35,0,0
BRDA:148,35,1,0
BRDA:149,36,0,0
BRDA:149,36,1,0
BRDA:152,37,0,0
BRDA:152,37,1,0
BRDA:153,38,0,0
BRDA:153,38,1,0
BRDA:154,39,0,0
BRDA:154,39,1,0
BRDA:155,40,0,0
BRDA:155,40,1,0
BRDA:157,41,0,0
BRDA:157,41,1,0
BRDA:160,42,0,0
BRDA:160,42,1,0
BRDA:169,43,0,0
BRDA:169,43,1,0
BRDA:172,44,0,0
BRDA:172,44,1,0
BRDA:179,45,0,0
BRDA:179,45,1,0
BRDA:180,46,0,0
BRDA:180,46,1,0
BRDA:181,47,0,0
BRDA:181,47,1,0
BRDA:182,48,0,0
BRDA:182,48,1,0
BRDA:185,49,0,0
BRDA:185,49,1,0
BRDA:202,50,0,0
BRDA:202,50,1,0
BRDA:231,51,0,0
BRDA:231,51,1,0
BRDA:262,52,0,0
BRDA:262,52,1,0
BRF:106
BRH:0
end_of_record
TN:
SF:src/tools/get-project-details.ts
FN:13,handleGetProjectDetails
FN:14,(anonymous_1)
FN:37,(anonymous_2)
FN:38,(anonymous_3)
FN:45,(anonymous_4)
FN:46,(anonymous_5)
FN:53,(anonymous_6)
FN:54,(anonymous_7)
FN:61,(anonymous_8)
FN:62,(anonymous_9)
FN:69,(anonymous_10)
FN:70,(anonymous_11)
FN:74,(anonymous_12)
FN:81,(anonymous_13)
FN:82,(anonymous_14)
FN:126,(anonymous_15)
FN:139,(anonymous_16)
FN:152,(anonymous_17)
FN:165,(anonymous_18)
FN:176,(anonymous_19)
FN:186,(anonymous_20)
FNF:21
FNH:0
FNDA:0,handleGetProjectDetails
FNDA:0,(anonymous_1)
FNDA:0,(anonymous_2)
FNDA:0,(anonymous_3)
FNDA:0,(anonymous_4)
FNDA:0,(anonymous_5)
FNDA:0,(anonymous_6)
FNDA:0,(anonymous_7)
FNDA:0,(anonymous_8)
FNDA:0,(anonymous_9)
FNDA:0,(anonymous_10)
FNDA:0,(anonymous_11)
FNDA:0,(anonymous_12)
FNDA:0,(anonymous_13)
FNDA:0,(anonymous_14)
FNDA:0,(anonymous_15)
FNDA:0,(anonymous_16)
FNDA:0,(anonymous_17)
FNDA:0,(anonymous_18)
FNDA:0,(anonymous_19)
FNDA:0,(anonymous_20)
DA:14,0
DA:15,0
DA:16,0
DA:18,0
DA:21,0
DA:24,0
DA:28,0
DA:31,0
DA:34,0
DA:37,0
DA:38,0
DA:42,0
DA:45,0
DA:46,0
DA:50,0
DA:53,0
DA:54,0
DA:58,0
DA:61,0
DA:62,0
DA:66,0
DA:69,0
DA:70,0
DA:73,0
DA:74,0
DA:75,0
DA:76,0
DA:80,0
DA:81,0
DA:82,0
DA:85,0
DA:88,0
DA:91,0
DA:94,0
DA:96,0
DA:127,0
DA:140,0
DA:153,0
DA:166,0
DA:176,0
DA:187,0
DA:216,0
LF:42
LH:0
BRDA:18,0,0,0
BRDA:18,0,1,0
BRDA:80,1,0,0
BRDA:80,1,1,0
BRDA:81,2,0,0
BRDA:81,2,1,0
BRDA:85,3,0,0
BRDA:85,3,1,0
BRDA:88,4,0,0
BRDA:88,4,1,0
BRDA:91,5,0,0
BRDA:91,5,1,0
BRDA:94,6,0,0
BRDA:94,6,1,0
BRDA:105,7,0,0
BRDA:105,7,1,0
BRDA:107,8,0,0
BRDA:107,8,1,0
BRDA:108,9,0,0
BRDA:108,9,1,0
BRDA:109,10,0,0
BRDA:109,10,1,0
BRDA:110,11,0,0
BRDA:110,11,1,0
BRDA:122,12,0,0
BRDA:122,12,1,0
BRDA:127,13,0,0
BRDA:127,13,1,0
BRDA:127,14,0,0
BRDA:127,14,1,0
BRDA:131,15,0,0
BRDA:131,15,1,0
BRDA:135,16,0,0
BRDA:135,16,1,0
BRDA:140,17,0,0
BRDA:140,17,1,0
BRDA:140,18,0,0
BRDA:140,18,1,0
BRDA:144,19,0,0
BRDA:144,19,1,0
BRDA:148,20,0,0
BRDA:148,20,1,0
BRDA:153,21,0,0
BRDA:153,21,1,0
BRDA:157,22,0,0
BRDA:157,22,1,0
BRDA:161,23,0,0
BRDA:161,23,1,0
BRDA:166,24,0,0
BRDA:166,24,1,0
BRDA:170,25,0,0
BRDA:170,25,1,0
BRDA:174,26,0,0
BRDA:174,26,1,0
BRDA:176,27,0,0
BRDA:176,27,1,0
BRDA:183,28,0,0
BRDA:183,28,1,0
BRDA:187,29,0,0
BRDA:187,29,1,0
BRDA:195,30,0,0
BRDA:195,30,1,0
BRDA:200,31,0,0
BRDA:200,31,1,0
BRDA:207,32,0,0
BRDA:207,32,1,0
BRDA:210,33,0,0
BRDA:210,33,1,0
BRDA:211,34,0,0
BRDA:211,34,1,0
BRDA:220,35,0,0
BRDA:220,35,1,0
BRF:72
BRH:0
end_of_record
TN:
SF:src/tools/get-project-statuses.ts
FN:12,handleGetProjectStatuses
FN:16,(anonymous_1)
FN:37,(anonymous_2)
FN:44,(anonymous_3)
FN:50,(anonymous_4)
FN:63,(anonymous_5)
FN:64,(anonymous_6)
FN:73,(anonymous_7)
FN:74,(anonymous_8)
FN:95,(anonymous_9)
FN:96,(anonymous_10)
FN:117,(anonymous_11)
FN:120,(anonymous_12)
FN:144,(anonymous_13)
FN:153,(anonymous_14)
FN:164,(anonymous_15)
FNF:16
FNH:0
FNDA:0,handleGetProjectStatuses
FNDA:0,(anonymous_1)
FNDA:0,(anonymous_2)
FNDA:0,(anonymous_3)
FNDA:0,(anonymous_4)
FNDA:0,(anonymous_5)
FNDA:0,(anonymous_6)
FNDA:0,(anonymous_7)
FNDA:0,(anonymous_8)
FNDA:0,(anonymous_9)
FNDA:0,(anonymous_10)
FNDA:0,(anonymous_11)
FNDA:0,(anonymous_12)
FNDA:0,(anonymous_13)
FNDA:0,(anonymous_14)
FNDA:0,(anonymous_15)
DA:13,0
DA:17,0
DA:19,0
DA:20,0
DA:23,0
DA:25,0
DA:27,0
DA:30,0
DA:37,0
DA:39,0
DA:42,0
DA:44,0
DA:45,0
DA:46,0
DA:48,0
DA:50,0
DA:62,0
DA:63,0
DA:64,0
DA:65,0
DA:70,0
DA:71,0
DA:73,0
DA:74,0
DA:75,0
DA:76,0
DA:77,0
DA:82,0
DA:95,0
DA:97,0
DA:98,0
DA:100,0
DA:101,0
DA:103,0
DA:104,0
DA:106,0
DA:107,0
DA:109,0
DA:118,0
DA:121,0
DA:122,0
DA:124,0
DA:125,0
DA:127,0
DA:128,0
DA:130,0
DA:131,0
DA:133,0
DA:145,0
DA:153,0
DA:165,0
DA:166,0
DA:167,0
DA:169,0
DA:170,0
DA:172,0
DA:173,0
DA:175,0
DA:176,0
DA:178,0
DA:197,0
LF:61
LH:0
BRDA:17,0,0,0
BRDA:17,0,1,0
BRDA:19,1,0,0
BRDA:19,1,1,0
BRDA:39,2,0,0
BRDA:39,2,1,0
BRDA:46,3,0,0
BRDA:46,3,1,0
BRDA:53,4,0,0
BRDA:53,4,1,0
BRDA:54,5,0,0
BRDA:54,5,1,0
BRDA:55,6,0,0
BRDA:55,6,1,0
BRDA:56,7,0,0
BRDA:56,7,1,0
BRDA:65,8,0,0
BRDA:65,8,1,0
BRDA:76,9,0,0
BRDA:76,9,1,0
BRDA:98,10,0,0
BRDA:98,10,1,0
BRDA:98,10,2,0
BRDA:122,11,0,0
BRDA:122,11,1,0
BRDA:122,11,2,0
BRDA:133,12,0,0
BRDA:133,12,1,0
BRDA:141,13,0,0
BRDA:141,13,1,0
BRDA:147,14,0,0
BRDA:147,14,1,0
BRDA:148,15,0,0
BRDA:148,15,1,0
BRDA:149,16,0,0
BRDA:149,16,1,0
BRDA:150,17,0,0
BRDA:150,17,1,0
BRDA:152,18,0,0
BRDA:152,18,1,0
BRDA:152,19,0,0
BRDA:152,19,1,0
BRDA:167,20,0,0
BRDA:167,20,1,0
BRDA:167,20,2,0
BRDA:183,21,0,0
BRDA:183,21,1,0
BRDA:183,22,0,0
BRDA:183,22,1,0
BRDA:183,23,0,0
BRDA:183,23,1,0
BRDA:184,24,0,0
BRDA:184,24,1,0
BRDA:184,25,0,0
BRDA:184,25,1,0
BRDA:185,26,0,0
BRDA:185,26,1,0
BRDA:201,27,0,0
BRDA:201,27,1,0
BRF:59
BRH:0
end_of_record
TN:
SF:src/tools/get-sprint-details.ts
FN:8,handleGetSprintDetails
FN:12,(anonymous_1)
FN:27,(anonymous_2)
FN:30,(anonymous_3)
FN:33,(anonymous_4)
FN:39,(anonymous_5)
FN:86,(anonymous_6)
FNF:7
FNH:0
FNDA:0,handleGetSprintDetails
FNDA:0,(anonymous_1)
FNDA:0,(anonymous_2)
FNDA:0,(anonymous_3)
FNDA:0,(anonymous_4)
FNDA:0,(anonymous_5)
FNDA:0,(anonymous_6)
DA:9,0
DA:13,0
DA:15,0
DA:17,0
DA:18,0
DA:21,0
DA:22,0
DA:25,0
DA:26,0
DA:27,0
DA:29,0
DA:30,0
DA:32,0
DA:33,0
DA:37,0
DA:38,0
DA:39,0
DA:40,0
DA:41,0
DA:42,0
DA:43,0
DA:44,0
DA:50,0
DA:52,0
DA:54,0
DA:86,0
DA:93,0
DA:94,0
LF:28
LH:0
BRDA:22,0,0,0
BRDA:22,0,1,0
BRDA:40,1,0,0
BRDA:40,1,1,0
BRDA:40,1,2,0
BRDA:41,2,0,0
BRDA:41,2,1,0
BRDA:43,3,0,0
BRDA:43,3,1,0
BRDA:50,4,0,0
BRDA:50,4,1,0
BRDA:52,5,0,0
BRDA:52,5,1,0
BRDA:64,6,0,0
BRDA:64,6,1,0
BRDA:65,7,0,0
BRDA:65,7,1,0
BRDA:66,8,0,0
BRDA:66,8,1,0
BRDA:75,9,0,0
BRDA:75,9,1,0
BRDA:88,10,0,0
BRDA:88,10,1,0
BRDA:96,11,0,0
BRDA:96,11,1,0
BRF:25
BRH:0
end_of_record
TN:
SF:src/tools/get-sprint-report.ts
FN:8,handleGetSprintReport
FN:12,(anonymous_1)
FN:37,(anonymous_2)
FN:45,(anonymous_3)
FN:48,(anonymous_4)
FN:51,(anonymous_5)
FN:55,(anonymous_6)
FN:62,(anonymous_7)
FN:73,(anonymous_8)
FN:86,(anonymous_9)
FN:142,(anonymous_10)
FN:149,(anonymous_11)
FN:154,(anonymous_12)
FN:159,(anonymous_13)
FN:164,(anonymous_14)
FNF:15
FNH:0
FNDA:0,handleGetSprintReport
FNDA:0,(anonymous_1)
FNDA:0,(anonymous_2)
FNDA:0,(anonymous_3)
FNDA:0,(anonymous_4)
FNDA:0,(anonymous_5)
FNDA:0,(anonymous_6)
FNDA:0,(anonymous_7)
FNDA:0,(anonymous_8)
FNDA:0,(anonymous_9)
FNDA:0,(anonymous_10)
FNDA:0,(anonymous_11)
FNDA:0,(anonymous_12)
FNDA:0,(anonymous_13)
FNDA:0,(anonymous_14)
DA:9,0
DA:13,0
DA:15,0
DA:20,0
DA:22,0
DA:23,0
DA:26,0
DA:27,0
DA:30,0
DA:31,0
DA:34,0
DA:37,0
DA:38,0
DA:39,0
DA:40,0
DA:41,0
DA:44,0
DA:45,0
DA:47,0
DA:48,0
DA:50,0
DA:51,0
DA:55,0
DA:56,0
DA:57,0
DA:58,0
DA:62,0
DA:63,0
DA:64,0
DA:65,0
DA:69,0
DA:70,0
DA:71,0
DA:73,0
DA:74,0
DA:75,0
DA:76,0
DA:77,0
DA:78,0
DA:79,0
DA:81,0
DA:86,0
DA:87,0
DA:88,0
DA:89,0
DA:94,0
DA:96,0
DA:99,0
DA:100,0
DA:101,0
DA:102,0
DA:103,0
DA:104,0
DA:105,0
DA:106,0
DA:107,0
DA:108,0
DA:111,0
DA:142,0
DA:149,0
DA:154,0
DA:159,0
DA:164,0
DA:173,0
DA:175,0
DA:176,0
DA:182,0
LF:67
LH:0
BRDA:27,0,0,0
BRDA:27,0,1,0
BRDA:40,1,0,0
BRDA:40,1,1,0
BRDA:57,2,0,0
BRDA:57,2,1,0
BRDA:63,3,0,0
BRDA:63,3,1,0
BRDA:64,4,0,0
BRDA:64,4,1,0
BRDA:74,5,0,0
BRDA:74,5,1,0
BRDA:74,5,2,0
BRDA:76,6,0,0
BRDA:76,6,1,0
BRDA:78,7,0,0
BRDA:78,7,1,0
BRDA:81,8,0,0
BRDA:81,8,1,0
BRDA:87,9,0,0
BRDA:87,9,1,0
BRDA:88,10,0,0
BRDA:88,10,1,0
BRDA:94,11,0,0
BRDA:94,11,1,0
BRDA:96,12,0,0
BRDA:96,12,1,0
BRDA:101,13,0,0
BRDA:101,13,1,0
BRDA:101,14,0,0
BRDA:101,14,1,0
BRDA:123,15,0,0
BRDA:123,15,1,0
BRDA:124,16,0,0
BRDA:124,16,1,0
BRDA:125,17,0,0
BRDA:125,17,1,0
BRDA:134,18,0,0
BRDA:134,18,1,0
BRDA:175,19,0,0
BRDA:175,19,1,0
BRDA:184,20,0,0
BRDA:184,20,1,0
BRF:43
BRH:0
end_of_record
TN:
SF:src/tools/get-velocity-chart-data.ts
FN:14,handleGetVelocityChartData
FN:18,(anonymous_1)
FN:70,(anonymous_2)
FN:115,(anonymous_3)
FN:117,(anonymous_4)
FN:122,(anonymous_5)
FN:143,(anonymous_6)
FN:155,(anonymous_7)
FN:158,(anonymous_8)
FNF:9
FNH:0
FNDA:0,handleGetVelocityChartData
FNDA:0,(anonymous_1)
FNDA:0,(anonymous_2)
FNDA:0,(anonymous_3)
FNDA:0,(anonymous_4)
FNDA:0,(anonymous_5)
FNDA:0,(anonymous_6)
FNDA:0,(anonymous_7)
FNDA:0,(anonymous_8)
DA:15,0
DA:19,0
DA:21,0
DA:26,0
DA:28,0
DA:29,0
DA:32,0
DA:38,0
DA:40,0
DA:41,0
DA:56,0
DA:57,0
DA:58,0
DA:60,0
DA:62,0
DA:63,0
DA:64,0
DA:67,0
DA:68,0
DA:70,0
DA:71,0
DA:72,0
DA:74,0
DA:75,0
DA:76,0
DA:81,0
DA:91,0
DA:92,0
DA:94,0
DA:95,0
DA:110,0
DA:112,0
DA:115,0
DA:116,0
DA:118,0
DA:121,0
DA:123,0
DA:127,0
DA:144,0
DA:145,0
DA:156,0
DA:157,0
DA:158,0
DA:161,0
DA:166,0
DA:177,0
DA:179,0
DA:180,0
DA:183,0
LF:49
LH:0
BRDA:19,0,0,0
BRDA:38,1,0,0
BRDA:38,1,1,0
BRDA:40,2,0,0
BRDA:40,2,1,0
BRDA:64,3,0,0
BRDA:64,3,1,0
BRDA:71,4,0,0
BRDA:71,4,1,0
BRDA:74,5,0,0
BRDA:74,5,1,0
BRDA:74,5,2,0
BRDA:75,6,0,0
BRDA:75,6,1,0
BRDA:110,7,0,0
BRDA:110,7,1,0
BRDA:112,8,0,0
BRDA:112,8,1,0
BRDA:118,9,0,0
BRDA:118,9,1,0
BRDA:119,10,0,0
BRDA:119,10,1,0
BRDA:123,11,0,0
BRDA:123,11,1,0
BRDA:124,12,0,0
BRDA:124,12,1,0
BRDA:138,13,0,0
BRDA:138,13,1,0
BRDA:139,14,0,0
BRDA:139,14,1,0
BRDA:144,15,0,0
BRDA:144,15,1,0
BRDA:148,16,0,0
BRDA:148,16,1,0
BRDA:154,17,0,0
BRDA:154,17,1,0
BRDA:161,18,0,0
BRDA:161,18,1,0
BRDA:163,19,0,0
BRDA:163,19,1,0
BRDA:179,20,0,0
BRDA:179,20,1,0
BRDA:185,21,0,0
BRDA:185,21,1,0
BRF:44
BRH:0
end_of_record
TN:
SF:src/tools/get-version-progress.ts
FN:13,handleGetVersionProgress
FN:17,(anonymous_1)
FN:51,(anonymous_2)
FN:104,(anonymous_3)
FN:105,(anonymous_4)
FN:110,(anonymous_5)
FN:111,(anonymous_6)
FN:116,(anonymous_7)
FN:118,(anonymous_8)
FNF:9
FNH:0
FNDA:0,handleGetVersionProgress
FNDA:0,(anonymous_1)
FNDA:0,(anonymous_2)
FNDA:0,(anonymous_3)
FNDA:0,(anonymous_4)
FNDA:0,(anonymous_5)
FNDA:0,(anonymous_6)
FNDA:0,(anonymous_7)
FNDA:0,(anonymous_8)
DA:14,0
DA:18,0
DA:20,0
DA:21,0
DA:24,0
DA:26,0
DA:27,0
DA:30,0
DA:33,0
DA:36,0
DA:44,0
DA:47,0
DA:48,0
DA:49,0
DA:51,0
DA:52,0
DA:53,0
DA:54,0
DA:56,0
DA:57,0
DA:58,0
DA:62,0
DA:64,0
DA:67,0
DA:68,0
DA:69,0
DA:70,0
DA:74,0
DA:104,0
DA:105,0
DA:110,0
DA:111,0
DA:116,0
DA:118,0
DA:127,0
LF:35
LH:0
BRDA:18,0,0,0
BRDA:18,0,1,0
BRDA:20,1,0,0
BRDA:20,1,1,0
BRDA:53,2,0,0
BRDA:53,2,1,0
BRDA:54,3,0,0
BRDA:54,3,1,0
BRDA:56,4,0,0
BRDA:56,4,1,0
BRDA:57,5,0,0
BRDA:57,5,1,0
BRDA:58,6,0,0
BRDA:58,6,1,0
BRDA:64,7,0,0
BRDA:64,7,1,0
BRDA:68,8,0,0
BRDA:68,8,1,0
BRDA:69,9,0,0
BRDA:69,9,1,0
BRDA:69,9,2,0
BRDA:70,10,0,0
BRDA:70,10,1,0
BRDA:83,11,0,0
BRDA:83,11,1,0
BRDA:85,12,0,0
BRDA:85,12,1,0
BRDA:85,13,0,0
BRDA:85,13,1,0
BRDA:85,14,0,0
BRDA:85,14,1,0
BRDA:88,15,0,0
BRDA:88,15,1,0
BRDA:89,16,0,0
BRDA:89,16,1,0
BRDA:91,17,0,0
BRDA:91,17,1,0
BRDA:92,18,0,0
BRDA:92,18,1,0
BRDA:119,19,0,0
BRDA:119,19,1,0
BRDA:121,20,0,0
BRDA:121,20,1,0
BRDA:122,21,0,0
BRDA:122,21,1,0
BRDA:122,22,0,0
BRDA:122,22,1,0
BRDA:122,22,2,0
BRDA:131,23,0,0
BRDA:131,23,1,0
BRF:50
BRH:0
end_of_record
TN:
SF:src/tools/index.ts
FN:81,setupToolHandlers
FN:82,(anonymous_1)
FN:2045,(anonymous_2)
FN:2257,(anonymous_3)
FNF:4
FNH:1
FNDA:3,setupToolHandlers
FNDA:0,(anonymous_1)
FNDA:0,(anonymous_2)
FNDA:0,(anonymous_3)
DA:82,3
DA:2045,3
DA:2046,0
DA:2047,0
DA:2050,0
DA:2111,0
DA:2113,0
DA:2116,0
DA:2119,0
DA:2122,0
DA:2125,0
DA:2128,0
DA:2131,0
DA:2135,0
DA:2137,0
DA:2139,0
DA:2141,0
DA:2143,0
DA:2147,0
DA:2149,0
DA:2151,0
DA:2153,0
DA:2157,0
DA:2159,0
DA:2161,0
DA:2163,0
DA:2165,0
DA:2169,0
DA:2171,0
DA:2173,0
DA:2177,0
DA:2179,0
DA:2181,0
DA:2183,0
DA:2187,0
DA:2189,0
DA:2191,0
DA:2193,0
DA:2195,0
DA:2197,0
DA:2199,0
DA:2201,0
DA:2203,0
DA:2205,0
DA:2207,0
DA:2209,0
DA:2211,0
DA:2215,0
DA:2217,0
DA:2219,0
DA:2221,0
DA:2223,0
DA:2225,0
DA:2227,0
DA:2229,0
DA:2231,0
DA:2234,0
DA:2240,0
DA:2241,0
DA:2247,0
DA:2248,0
DA:2251,0
DA:2253,0
DA:2254,0
DA:2255,0
DA:2256,0
DA:2257,0
DA:2259,0
DA:2261,0
DA:2262,0
DA:2264,0
DA:2265,0
DA:2266,0
DA:2267,0
DA:2268,0
DA:2269,0
DA:2271,0
DA:2272,0
DA:2273,0
DA:2277,0
DA:2279,0
LF:81
LH:2
BRDA:2111,0,0,0
BRDA:2111,0,1,0
BRDA:2111,0,2,0
BRDA:2111,0,3,0
BRDA:2111,0,4,0
BRDA:2111,0,5,0
BRDA:2111,0,6,0
BRDA:2111,0,7,0
BRDA:2111,0,8,0
BRDA:2111,0,9,0
BRDA:2111,0,10,0
BRDA:2111,0,11,0
BRDA:2111,0,12,0
BRDA:2111,0,13,0
BRDA:2111,0,14,0
BRDA:2111,0,15,0
BRDA:2111,0,16,0
BRDA:2111,0,17,0
BRDA:2111,0,18,0
BRDA:2111,0,19,0
BRDA:2111,0,20,0
BRDA:2111,0,21,0
BRDA:2111,0,22,0
BRDA:2111,0,23,0
BRDA:2111,0,24,0
BRDA:2111,0,25,0
BRDA:2111,0,26,0
BRDA:2111,0,27,0
BRDA:2111,0,28,0
BRDA:2111,0,29,0
BRDA:2111,0,30,0
BRDA:2111,0,31,0
BRDA:2111,0,32,0
BRDA:2111,0,33,0
BRDA:2111,0,34,0
BRDA:2111,0,35,0
BRDA:2111,0,36,0
BRDA:2111,0,37,0
BRDA:2111,0,38,0
BRDA:2111,0,39,0
BRDA:2111,0,40,0
BRDA:2111,0,41,0
BRDA:2111,0,42,0
BRDA:2111,0,43,0
BRDA:2111,0,44,0
BRDA:2111,0,45,0
BRDA:2111,0,46,0
BRDA:2111,0,47,0
BRDA:2111,0,48,0
BRDA:2111,0,49,0
BRDA:2111,0,50,0
BRDA:2240,1,0,0
BRDA:2240,1,1,0
BRDA:2253,2,0,0
BRDA:2253,2,1,0
BRDA:2254,3,0,0
BRDA:2254,3,1,0
BRDA:2255,4,0,0
BRDA:2255,4,1,0
BRDA:2261,5,0,0
BRDA:2261,5,1,0
BRDA:2264,6,0,0
BRDA:2264,6,1,0
BRDA:2265,7,0,0
BRDA:2265,7,1,0
BRDA:2266,8,0,0
BRDA:2266,8,1,0
BRDA:2267,9,0,0
BRDA:2267,9,1,0
BRDA:2268,10,0,0
BRDA:2268,10,1,0
BRDA:2271,11,0,0
BRDA:2271,11,1,0
BRDA:2272,12,0,0
BRDA:2272,12,1,0
BRF:75
BRH:0
end_of_record
TN:
SF:src/tools/list-boards.ts
FN:16,handleListBoards
FN:20,(anonymous_1)
FN:64,(anonymous_2)
FNF:3
FNH:0
FNDA:0,handleListBoards
FNDA:0,(anonymous_1)
FNDA:0,(anonymous_2)
DA:17,0
DA:21,0
DA:23,0
DA:25,0
DA:33,0
DA:34,0
DA:39,0
DA:40,0
DA:41,0
DA:43,0
DA:44,0
DA:46,0
DA:47,0
DA:57,0
DA:65,0
DA:83,0
DA:84,0
LF:17
LH:0
BRDA:21,0,0,0
BRDA:21,1,0,0
BRDA:23,2,0,0
BRDA:23,2,1,0
BRDA:39,3,0,0
BRDA:39,3,1,0
BRDA:40,4,0,0
BRDA:40,4,1,0
BRDA:41,5,0,0
BRDA:41,5,1,0
BRDA:44,6,0,0
BRDA:44,6,1,0
BRDA:46,7,0,0
BRDA:46,7,1,0
BRDA:51,8,0,0
BRDA:51,8,1,0
BRDA:61,9,0,0
BRDA:61,9,1,0
BRDA:67,10,0,0
BRDA:67,10,1,0
BRDA:67,10,2,0
BRDA:68,11,0,0
BRDA:68,11,1,0
BRDA:69,12,0,0
BRDA:69,12,1,0
BRDA:70,13,0,0
BRDA:70,13,1,0
BRDA:71,14,0,0
BRDA:71,14,1,0
BRDA:76,15,0,0
BRDA:76,15,1,0
BRDA:86,16,0,0
BRDA:86,16,1,0
BRF:33
BRH:0
end_of_record
TN:
SF:src/tools/list-components.ts
FN:12,handleListComponents
FN:16,(anonymous_1)
FN:29,(anonymous_2)
FN:43,(anonymous_3)
FN:58,(anonymous_4)
FNF:5
FNH:0
FNDA:0,handleListComponents
FNDA:0,(anonymous_1)
FNDA:0,(anonymous_2)
FNDA:0,(anonymous_3)
FNDA:0,(anonymous_4)
DA:13,0
DA:17,0
DA:19,0
DA:20,0
DA:23,0
DA:24,0
DA:26,0
DA:29,0
DA:43,0
DA:45,0
DA:59,0
DA:78,0
LF:12
LH:0
BRDA:17,0,0,0
BRDA:17,0,1,0
BRDA:19,1,0,0
BRDA:19,1,1,0
BRDA:32,2,0,0
BRDA:32,2,1,0
BRDA:33,3,0,0
BRDA:33,3,1,0
BRDA:34,4,0,0
BRDA:34,4,1,0
BRDA:35,5,0,0
BRDA:35,5,1,0
BRDA:55,6,0,0
BRDA:55,6,1,0
BRDA:63,7,0,0
BRDA:63,7,1,0
BRDA:82,8,0,0
BRDA:82,8,1,0
BRF:18
BRH:0
end_of_record
TN:
SF:src/tools/list-epic-issues.ts
FN:8,handleListEpicIssues
FN:12,(anonymous_1)
FN:48,(anonymous_2)
FN:51,(anonymous_3)
FN:54,(anonymous_4)
FN:63,(anonymous_5)
FN:96,(anonymous_6)
FNF:7
FNH:0
FNDA:0,handleListEpicIssues
FNDA:0,(anonymous_1)
FNDA:0,(anonymous_2)
FNDA:0,(anonymous_3)
FNDA:0,(anonymous_4)
FNDA:0,(anonymous_5)
FNDA:0,(anonymous_6)
DA:9,0
DA:13,0
DA:15,0
DA:21,0
DA:22,0
DA:27,0
DA:28,0
DA:30,0
DA:31,0
DA:46,0
DA:47,0
DA:48,0
DA:50,0
DA:51,0
DA:53,0
DA:54,0
DA:58,0
DA:61,0
DA:62,0
DA:63,0
DA:64,0
DA:65,0
DA:66,0
DA:67,0
DA:68,0
DA:73,0
DA:97,0
DA:98,0
DA:112,0
DA:114,0
DA:115,0
DA:118,0
LF:32
LH:0
BRDA:13,0,0,0
BRDA:13,1,0,0
BRDA:28,2,0,0
BRDA:28,2,1,0
BRDA:30,3,0,0
BRDA:30,3,1,0
BRDA:46,4,0,0
BRDA:46,4,1,0
BRDA:58,5,0,0
BRDA:58,5,1,0
BRDA:64,6,0,0
BRDA:64,6,1,0
BRDA:64,6,2,0
BRDA:65,7,0,0
BRDA:65,7,1,0
BRDA:67,8,0,0
BRDA:67,8,1,0
BRDA:86,9,0,0
BRDA:86,9,1,0
BRDA:97,10,0,0
BRDA:97,10,1,0
BRDA:101,11,0,0
BRDA:101,11,1,0
BRDA:102,12,0,0
BRDA:102,12,1,0
BRDA:103,13,0,0
BRDA:103,13,1,0
BRDA:107,14,0,0
BRDA:107,14,1,0
BRDA:114,15,0,0
BRDA:114,15,1,0
BRDA:120,16,0,0
BRDA:120,16,1,0
BRF:33
BRH:0
end_of_record
TN:
SF:src/tools/list-instances.ts
FN:11,handleListInstances
FN:66,(anonymous_1)
FN:76,(anonymous_2)
FNF:3
FNH:0
FNDA:0,handleListInstances
FNDA:0,(anonymous_1)
FNDA:0,(anonymous_2)
DA:12,0
DA:13,0
DA:15,0
DA:17,0
DA:18,0
DA:19,0
DA:21,0
DA:22,0
DA:53,0
DA:54,0
DA:65,0
DA:66,0
DA:67,0
DA:68,0
DA:69,0
DA:70,0
DA:74,0
DA:75,0
DA:76,0
DA:77,0
DA:79,0
DA:83,0
DA:84,0
DA:85,0
DA:87,0
DA:89,0
DA:91,0
DA:94,0
DA:95,0
DA:97,0
DA:98,0
DA:108,0
DA:110,0
DA:111,0
DA:112,0
DA:113,0
DA:114,0
DA:115,0
DA:117,0
DA:118,0
DA:119,0
DA:120,0
DA:146,0
DA:148,0
DA:149,0
DA:150,0
DA:158,0
DA:160,0
DA:169,0
DA:170,0
LF:50
LH:0
BRDA:17,0,0,0
BRDA:17,0,1,0
BRDA:70,1,0,0
BRDA:70,1,1,0
BRDA:74,2,0,0
BRDA:74,2,1,0
BRDA:174,3,0,0
BRDA:174,3,1,0
BRF:8
BRH:0
end_of_record
TN:
SF:src/tools/list-issues.ts
FN:12,handleListIssues
FN:16,(anonymous_1)
FN:62,(anonymous_2)
FNF:3
FNH:0
FNDA:0,handleListIssues
FNDA:0,(anonymous_1)
FNDA:0,(anonymous_2)
DA:13,0
DA:21,0
DA:23,0
DA:24,0
DA:30,0
DA:31,0
DA:34,0
DA:36,0
DA:37,0
DA:40,0
DA:41,0
DA:44,0
DA:46,0
DA:49,0
DA:52,0
DA:60,0
DA:61,0
DA:64,0
DA:71,0
DA:72,0
DA:75,0
DA:76,0
DA:80,0
DA:88,0
DA:89,0
DA:92,0
DA:93,0
DA:97,0
DA:98,0
DA:101,0
DA:105,0
DA:107,0
LF:32
LH:0
BRDA:21,0,0,0
BRDA:21,0,1,0
BRDA:23,1,0,0
BRDA:23,1,1,0
BRDA:30,2,0,0
BRDA:30,2,1,0
BRDA:31,3,0,0
BRDA:31,3,1,0
BRDA:36,4,0,0
BRDA:36,4,1,0
BRDA:40,5,0,0
BRDA:40,5,1,0
BRDA:67,6,0,0
BRDA:67,6,1,0
BRDA:68,7,0,0
BRDA:68,7,1,0
BRDA:75,8,0,0
BRDA:75,8,1,0
BRDA:88,9,0,0
BRDA:88,9,1,0
BRDA:92,10,0,0
BRDA:92,10,1,0
BRDA:92,11,0,0
BRDA:92,11,1,0
BRDA:97,12,0,0
BRDA:97,12,1,0
BRF:26
BRH:0
end_of_record
TN:
SF:src/tools/list-plans.ts
FN:13,handleListPlans
FN:14,(anonymous_1)
FN:32,(anonymous_2)
FN:52,(anonymous_3)
FN:56,(anonymous_4)
FN:62,(anonymous_5)
FN:96,(anonymous_6)
FN:97,(anonymous_7)
FN:120,(anonymous_8)
FN:128,(anonymous_9)
FNF:10
FNH:0
FNDA:0,handleListPlans
FNDA:0,(anonymous_1)
FNDA:0,(anonymous_2)
FNDA:0,(anonymous_3)
FNDA:0,(anonymous_4)
FNDA:0,(anonymous_5)
FNDA:0,(anonymous_6)
FNDA:0,(anonymous_7)
FNDA:0,(anonymous_8)
FNDA:0,(anonymous_9)
DA:14,0
DA:15,0
DA:16,0
DA:19,0
DA:20,0
DA:22,0
DA:23,0
DA:26,0
DA:28,0
DA:29,0
DA:32,0
DA:51,0
DA:53,0
DA:55,0
DA:57,0
DA:61,0
DA:62,0
DA:63,0
DA:64,0
DA:66,0
DA:67,0
DA:68,0
DA:69,0
DA:70,0
DA:71,0
DA:73,0
DA:77,0
DA:80,0
DA:97,0
DA:98,0
DA:120,0
DA:129,0
DA:130,0
DA:132,0
DA:133,0
DA:135,0
DA:136,0
DA:138,0
DA:139,0
DA:141,0
DA:142,0
DA:144,0
DA:168,0
DA:169,0
DA:195,0
LF:45
LH:0
BRDA:19,0,0,0
BRDA:19,0,1,0
BRDA:22,1,0,0
BRDA:22,1,1,0
BRDA:29,2,0,0
BRDA:29,2,1,0
BRDA:35,3,0,0
BRDA:35,3,1,0
BRDA:36,4,0,0
BRDA:36,4,1,0
BRDA:37,5,0,0
BRDA:37,5,1,0
BRDA:38,6,0,0
BRDA:38,6,1,0
BRDA:39,7,0,0
BRDA:39,7,1,0
BRDA:40,8,0,0
BRDA:40,8,1,0
BRDA:43,9,0,0
BRDA:43,9,1,0
BRDA:44,10,0,0
BRDA:44,10,1,0
BRDA:45,11,0,0
BRDA:45,11,1,0
BRDA:46,12,0,0
BRDA:46,12,1,0
BRDA:53,13,0,0
BRDA:53,13,1,0
BRDA:53,13,2,0
BRDA:57,14,0,0
BRDA:57,14,1,0
BRDA:57,14,2,0
BRDA:63,15,0,0
BRDA:63,15,1,0
BRDA:64,16,0,0
BRDA:64,16,1,0
BRDA:67,17,0,0
BRDA:67,17,1,0
BRDA:67,18,0,0
BRDA:67,18,1,0
BRDA:68,19,0,0
BRDA:68,19,1,0
BRDA:70,20,0,0
BRDA:70,20,1,0
BRDA:90,21,0,0
BRDA:90,21,1,0
BRDA:94,22,0,0
BRDA:94,22,1,0
BRDA:101,23,0,0
BRDA:101,23,1,0
BRDA:108,24,0,0
BRDA:108,24,1,0
BRDA:115,25,0,0
BRDA:115,25,1,0
BRDA:121,26,0,0
BRDA:121,26,1,0
BRDA:130,27,0,0
BRDA:130,27,1,0
BRDA:130,27,2,0
BRDA:130,27,3,0
BRDA:159,28,0,0
BRDA:159,28,1,0
BRDA:168,29,0,0
BRDA:168,29,1,0
BRDA:168,30,0,0
BRDA:168,30,1,0
BRDA:199,31,0,0
BRDA:199,31,1,0
BRF:68
BRH:0
end_of_record
TN:
SF:src/tools/list-versions.ts
FN:7,handleListVersions
FN:11,(anonymous_1)
FN:18,(anonymous_2)
FN:34,(anonymous_3)
FN:35,(anonymous_4)
FN:36,(anonymous_5)
FN:49,(anonymous_6)
FN:65,(anonymous_7)
FNF:8
FNH:0
FNDA:0,handleListVersions
FNDA:0,(anonymous_1)
FNDA:0,(anonymous_2)
FNDA:0,(anonymous_3)
FNDA:0,(anonymous_4)
FNDA:0,(anonymous_5)
FNDA:0,(anonymous_6)
FNDA:0,(anonymous_7)
DA:8,0
DA:12,0
DA:13,0
DA:15,0
DA:18,0
DA:34,0
DA:35,0
DA:36,0
DA:38,0
DA:50,0
DA:65,0
DA:82,0
LF:12
LH:0
BRDA:21,0,0,0
BRDA:21,0,1,0
BRDA:24,1,0,0
BRDA:24,1,1,0
BRDA:25,2,0,0
BRDA:25,2,1,0
BRDA:26,3,0,0
BRDA:26,3,1,0
BRDA:27,4,0,0
BRDA:27,4,1,0
BRDA:28,5,0,0
BRDA:28,5,1,0
BRDA:34,6,0,0
BRDA:34,6,1,0
BRDA:46,7,0,0
BRDA:46,7,1,0
BRDA:54,8,0,0
BRDA:54,8,1,0
BRDA:62,9,0,0
BRDA:62,9,1,0
BRDA:68,10,0,0
BRDA:68,10,1,0
BRDA:72,11,0,0
BRDA:72,11,1,0
BRDA:86,12,0,0
BRDA:86,12,1,0
BRF:26
BRH:0
end_of_record
TN:
SF:src/tools/manage-board-quickfilters.ts
FN:14,handleManageBoardQuickfilters
FN:18,(anonymous_1)
FN:53,(anonymous_2)
FNF:3
FNH:0
FNDA:0,handleManageBoardQuickfilters
FNDA:0,(anonymous_1)
FNDA:0,(anonymous_2)
DA:15,0
DA:19,0
DA:21,0
DA:27,0
DA:28,0
DA:30,0
DA:31,0
DA:33,0
DA:34,0
DA:46,0
DA:54,0
DA:68,0
DA:69,0
DA:70,0
DA:77,0
DA:80,0
DA:82,0
DA:99,0
DA:105,0
DA:107,0
DA:108,0
DA:109,0
DA:114,0
DA:118,0
LF:24
LH:0
BRDA:28,0,0,0
BRDA:28,0,1,0
BRDA:31,1,0,0
BRDA:31,1,1,0
BRDA:33,2,0,0
BRDA:33,2,1,0
BRDA:55,3,0,0
BRDA:55,3,1,0
BRDA:56,4,0,0
BRDA:56,4,1,0
BRDA:57,5,0,0
BRDA:57,5,1,0
BRDA:68,6,0,0
BRDA:68,6,1,0
BRDA:69,7,0,0
BRDA:69,7,1,0
BRDA:90,8,0,0
BRDA:90,8,1,0
BRDA:91,9,0,0
BRDA:91,9,1,0
BRDA:92,10,0,0
BRDA:92,10,1,0
BRDA:107,11,0,0
BRDA:107,11,1,0
BRDA:108,12,0,0
BRDA:108,12,1,0
BRDA:120,13,0,0
BRDA:120,13,1,0
BRF:28
BRH:0
end_of_record
TN:
SF:src/tools/move-issues-to-epic.ts
FN:8,handleMoveIssuesToEpic
FN:12,(anonymous_1)
FN:36,(anonymous_2)
FNF:3
FNH:0
FNDA:0,handleMoveIssuesToEpic
FNDA:0,(anonymous_1)
FNDA:0,(anonymous_2)
DA:9,0
DA:13,0
DA:15,0
DA:20,0
DA:21,0
DA:24,0
DA:25,0
DA:29,0
DA:36,0
DA:43,0
DA:45,0
DA:46,0
DA:52,0
DA:53,0
DA:59,0
LF:15
LH:0
BRDA:20,0,0,0
BRDA:20,0,1,0
BRDA:20,1,0,0
BRDA:20,1,1,0
BRDA:45,2,0,0
BRDA:45,2,1,0
BRDA:52,3,0,0
BRDA:52,3,1,0
BRDA:55,4,0,0
BRDA:55,4,1,0
BRDA:61,5,0,0
BRDA:61,5,1,0
BRF:12
BRH:0
end_of_record
TN:
SF:src/tools/move-issues-to-sprint.ts
FN:13,handleMoveIssuesToSprint
FN:17,(anonymous_1)
FN:41,(anonymous_2)
FNF:3
FNH:0
FNDA:0,handleMoveIssuesToSprint
FNDA:0,(anonymous_1)
FNDA:0,(anonymous_2)
DA:14,0
DA:18,0
DA:20,0
DA:25,0
DA:26,0
DA:29,0
DA:30,0
DA:34,0
DA:41,0
DA:48,0
DA:51,0
DA:52,0
DA:58,0
LF:13
LH:0
BRDA:25,0,0,0
BRDA:25,0,1,0
BRDA:25,1,0,0
BRDA:25,1,1,0
BRDA:51,2,0,0
BRDA:51,2,1,0
BRDA:60,3,0,0
BRDA:60,3,1,0
BRF:8
BRH:0
end_of_record
TN:
SF:src/tools/rank-epics.ts
FN:8,handleRankEpics
FN:12,(anonymous_1)
FNF:2
FNH:0
FNDA:0,handleRankEpics
FNDA:0,(anonymous_1)
DA:9,0
DA:13,0
DA:15,0
DA:23,0
DA:24,0
DA:30,0
DA:31,0
DA:37,0
DA:38,0
DA:39,0
DA:40,0
DA:42,0
DA:43,0
DA:45,0
DA:62,0
DA:64,0
DA:65,0
DA:71,0
DA:72,0
DA:78,0
LF:20
LH:0
BRDA:23,0,0,0
BRDA:23,0,1,0
BRDA:23,1,0,0
BRDA:23,1,1,0
BRDA:30,2,0,0
BRDA:30,2,1,0
BRDA:30,3,0,0
BRDA:30,3,1,0
BRDA:38,4,0,0
BRDA:38,4,1,0
BRDA:39,5,0,0
BRDA:39,5,1,0
BRDA:40,6,0,0
BRDA:40,6,1,0
BRDA:53,7,0,0
BRDA:53,7,1,0
BRDA:54,8,0,0
BRDA:54,8,1,0
BRDA:55,9,0,0
BRDA:55,9,1,0
BRDA:64,10,0,0
BRDA:64,10,1,0
BRDA:71,11,0,0
BRDA:71,11,1,0
BRDA:74,12,0,0
BRDA:74,12,1,0
BRDA:80,13,0,0
BRDA:80,13,1,0
BRF:28
BRH:0
end_of_record
TN:
SF:src/tools/rank-issues.ts
FN:8,handleRankIssues
FN:12,(anonymous_1)
FNF:2
FNH:0
FNDA:0,handleRankIssues
FNDA:0,(anonymous_1)
DA:9,0
DA:13,0
DA:15,0
DA:22,0
DA:23,0
DA:27,0
DA:28,0
DA:34,0
DA:35,0
DA:41,0
DA:45,0
DA:46,0
DA:47,0
DA:49,0
DA:50,0
DA:52,0
DA:70,0
DA:72,0
DA:73,0
DA:79,0
DA:80,0
DA:86,0
LF:22
LH:0
BRDA:22,0,0,0
BRDA:22,0,1,0
BRDA:22,1,0,0
BRDA:22,1,1,0
BRDA:27,2,0,0
BRDA:27,2,1,0
BRDA:27,3,0,0
BRDA:27,3,1,0
BRDA:34,4,0,0
BRDA:34,4,1,0
BRDA:34,5,0,0
BRDA:34,5,1,0
BRDA:45,6,0,0
BRDA:45,6,1,0
BRDA:46,7,0,0
BRDA:46,7,1,0
BRDA:47,8,0,0
BRDA:47,8,1,0
BRDA:61,9,0,0
BRDA:61,9,1,0
BRDA:62,10,0,0
BRDA:62,10,1,0
BRDA:63,11,0,0
BRDA:63,11,1,0
BRDA:72,12,0,0
BRDA:72,12,1,0
BRDA:79,13,0,0
BRDA:79,13,1,0
BRDA:82,14,0,0
BRDA:82,14,1,0
BRDA:88,15,0,0
BRDA:88,15,1,0
BRF:32
BRH:0
end_of_record
TN:
SF:src/tools/remove-plan-team.ts
FN:13,handleRemovePlanTeam
FN:14,(anonymous_1)
FNF:2
FNH:0
FNDA:0,handleRemovePlanTeam
FNDA:0,(anonymous_1)
DA:14,0
DA:15,0
DA:16,0
DA:20,0
DA:115,0
DA:116,0
DA:152,0
DA:153,0
DA:184,0
DA:185,0
DA:219,0
DA:220,0
DA:249,0
LF:13
LH:0
BRDA:115,0,0,0
BRDA:115,0,1,0
BRDA:152,1,0,0
BRDA:152,1,1,0
BRDA:184,2,0,0
BRDA:184,2,1,0
BRDA:200,3,0,0
BRDA:200,3,1,0
BRDA:219,4,0,0
BRDA:219,4,1,0
BRDA:241,5,0,0
BRDA:241,5,1,0
BRDA:253,6,0,0
BRDA:253,6,1,0
BRF:14
BRH:0
end_of_record
TN:
SF:src/tools/search-issues-jql.ts
FN:7,handleSearchIssuesJql
FN:8,(anonymous_1)
FN:30,(anonymous_2)
FN:43,(anonymous_3)
FN:44,(anonymous_4)
FN:64,(anonymous_5)
FN:78,(anonymous_6)
FN:103,(anonymous_7)
FN:104,(anonymous_8)
FN:109,(anonymous_9)
FN:110,(anonymous_10)
FN:115,(anonymous_11)
FN:116,(anonymous_12)
FN:125,(anonymous_13)
FNF:14
FNH:0
FNDA:0,handleSearchIssuesJql
FNDA:0,(anonymous_1)
FNDA:0,(anonymous_2)
FNDA:0,(anonymous_3)
FNDA:0,(anonymous_4)
FNDA:0,(anonymous_5)
FNDA:0,(anonymous_6)
FNDA:0,(anonymous_7)
FNDA:0,(anonymous_8)
FNDA:0,(anonymous_9)
FNDA:0,(anonymous_10)
FNDA:0,(anonymous_11)
FNDA:0,(anonymous_12)
FNDA:0,(anonymous_13)
DA:8,0
DA:9,0
DA:10,0
DA:20,0
DA:21,0
DA:24,0
DA:26,0
DA:27,0
DA:30,0
DA:31,0
DA:32,0
DA:43,0
DA:44,0
DA:55,0
DA:64,0
DA:66,0
DA:70,0
DA:74,0
DA:78,0
DA:79,0
DA:83,0
DA:87,0
DA:103,0
DA:104,0
DA:109,0
DA:110,0
DA:115,0
DA:116,0
DA:126,0
DA:161,0
LF:30
LH:0
BRDA:12,0,0,0
BRDA:12,0,1,0
BRDA:13,1,0,0
BRDA:13,1,1,0
BRDA:15,2,0,0
BRDA:15,2,1,0
BRDA:17,3,0,0
BRDA:17,3,1,0
BRDA:20,4,0,0
BRDA:20,4,1,0
BRDA:27,5,0,0
BRDA:27,5,1,0
BRDA:36,6,0,0
BRDA:36,6,1,0
BRDA:37,7,0,0
BRDA:37,7,1,0
BRDA:38,8,0,0
BRDA:38,8,1,0
BRDA:39,9,0,0
BRDA:39,9,1,0
BRDA:40,10,0,0
BRDA:40,10,1,0
BRDA:43,11,0,0
BRDA:43,11,1,0
BRDA:44,12,0,0
BRDA:44,12,1,0
BRDA:45,13,0,0
BRDA:45,13,1,0
BRDA:46,14,0,0
BRDA:46,14,1,0
BRDA:46,14,2,0
BRDA:47,15,0,0
BRDA:47,15,1,0
BRDA:47,15,2,0
BRDA:48,16,0,0
BRDA:48,16,1,0
BRDA:49,17,0,0
BRDA:49,17,1,0
BRDA:50,18,0,0
BRDA:50,18,1,0
BRDA:56,19,0,0
BRDA:56,19,1,0
BRDA:67,20,0,0
BRDA:67,20,1,0
BRDA:71,21,0,0
BRDA:71,21,1,0
BRDA:75,22,0,0
BRDA:75,22,1,0
BRDA:79,23,0,0
BRDA:79,23,1,0
BRDA:84,24,0,0
BRDA:84,24,1,0
BRDA:97,25,0,0
BRDA:97,25,1,0
BRDA:97,26,0,0
BRDA:97,26,1,0
BRDA:122,27,0,0
BRDA:122,27,1,0
BRDA:131,28,0,0
BRDA:131,28,1,0
BRDA:132,29,0,0
BRDA:132,29,1,0
BRDA:133,30,0,0
BRDA:133,30,1,0
BRDA:136,31,0,0
BRDA:136,31,1,0
BRDA:137,32,0,0
BRDA:137,32,1,0
BRDA:153,33,0,0
BRDA:153,33,1,0
BRDA:165,34,0,0
BRDA:165,34,1,0
BRF:72
BRH:0
end_of_record
TN:
SF:src/tools/search-projects.ts
FN:7,handleSearchProjects
FN:8,(anonymous_1)
FN:48,(anonymous_2)
FN:75,(anonymous_3)
FN:76,(anonymous_4)
FN:77,(anonymous_5)
FN:98,(anonymous_6)
FN:120,(anonymous_7)
FN:135,(anonymous_8)
FNF:9
FNH:0
FNDA:0,handleSearchProjects
FNDA:0,(anonymous_1)
FNDA:0,(anonymous_2)
FNDA:0,(anonymous_3)
FNDA:0,(anonymous_4)
FNDA:0,(anonymous_5)
FNDA:0,(anonymous_6)
FNDA:0,(anonymous_7)
FNDA:0,(anonymous_8)
DA:8,0
DA:9,0
DA:10,0
DA:13,0
DA:14,0
DA:16,0
DA:17,0
DA:19,0
DA:20,0
DA:22,0
DA:23,0
DA:25,0
DA:26,0
DA:28,0
DA:29,0
DA:31,0
DA:32,0
DA:34,0
DA:35,0
DA:39,0
DA:40,0
DA:42,0
DA:44,0
DA:45,0
DA:48,0
DA:75,0
DA:76,0
DA:77,0
DA:79,0
DA:99,0
DA:121,0
DA:136,0
DA:152,0
LF:33
LH:0
BRDA:13,0,0,0
BRDA:13,0,1,0
BRDA:16,1,0,0
BRDA:16,1,1,0
BRDA:19,2,0,0
BRDA:19,2,1,0
BRDA:22,3,0,0
BRDA:22,3,1,0
BRDA:25,4,0,0
BRDA:25,4,1,0
BRDA:28,5,0,0
BRDA:28,5,1,0
BRDA:31,6,0,0
BRDA:31,6,1,0
BRDA:34,7,0,0
BRDA:34,7,1,0
BRDA:39,8,0,0
BRDA:39,8,1,0
BRDA:40,9,0,0
BRDA:40,9,1,0
BRDA:45,10,0,0
BRDA:45,10,1,0
BRDA:52,11,0,0
BRDA:52,11,1,0
BRDA:54,12,0,0
BRDA:54,12,1,0
BRDA:55,13,0,0
BRDA:55,13,1,0
BRDA:56,14,0,0
BRDA:56,14,1,0
BRDA:57,15,0,0
BRDA:57,15,1,0
BRDA:58,16,0,0
BRDA:58,16,1,0
BRDA:59,17,0,0
BRDA:59,17,1,0
BRDA:61,18,0,0
BRDA:61,18,1,0
BRDA:62,19,0,0
BRDA:62,19,1,0
BRDA:63,20,0,0
BRDA:63,20,1,0
BRDA:64,21,0,0
BRDA:64,21,1,0
BRDA:65,22,0,0
BRDA:65,22,1,0
BRDA:66,23,0,0
BRDA:66,23,1,0
BRDA:67,24,0,0
BRDA:67,24,1,0
BRDA:68,25,0,0
BRDA:68,25,1,0
BRDA:69,26,0,0
BRDA:69,26,1,0
BRDA:70,27,0,0
BRDA:70,27,1,0
BRDA:71,28,0,0
BRDA:71,28,1,0
BRDA:75,29,0,0
BRDA:75,29,1,0
BRDA:86,30,0,0
BRDA:86,30,1,0
BRDA:87,31,0,0
BRDA:87,31,1,0
BRDA:95,32,0,0
BRDA:95,32,1,0
BRDA:114,33,0,0
BRDA:114,33,1,0
BRDA:121,34,0,0
BRDA:121,34,1,0
BRDA:123,35,0,0
BRDA:123,35,1,0
BRDA:129,36,0,0
BRDA:129,36,1,0
BRDA:136,37,0,0
BRDA:136,37,1,0
BRDA:138,38,0,0
BRDA:138,38,1,0
BRDA:156,39,0,0
BRDA:156,39,1,0
BRF:80
BRH:0
end_of_record
TN:
SF:src/tools/trash-plan.ts
FN:12,handleTrashPlan
FN:13,(anonymous_1)
FNF:2
FNH:0
FNDA:0,handleTrashPlan
FNDA:0,(anonymous_1)
DA:13,0
DA:14,0
DA:15,0
DA:17,0
DA:174,0
DA:175,0
DA:211,0
DA:212,0
DA:252,0
DA:253,0
DA:293,0
DA:294,0
DA:327,0
LF:13
LH:0
BRDA:174,0,0,0
BRDA:174,0,1,0
BRDA:211,1,0,0
BRDA:211,1,1,0
BRDA:252,2,0,0
BRDA:252,2,1,0
BRDA:268,3,0,0
BRDA:268,3,1,0
BRDA:293,4,0,0
BRDA:293,4,1,0
BRDA:309,5,0,0
BRDA:309,5,1,0
BRDA:331,6,0,0
BRDA:331,6,1,0
BRF:14
BRH:0
end_of_record
TN:
SF:src/tools/update-epic-details.ts
FN:8,handleUpdateEpicDetails
FN:12,(anonymous_1)
FNF:2
FNH:0
FNDA:0,handleUpdateEpicDetails
FNDA:0,(anonymous_1)
DA:9,0
DA:13,0
DA:15,0
DA:23,0
DA:24,0
DA:25,0
DA:26,0
DA:27,0
DA:28,0
DA:31,0
DA:32,0
DA:38,0
DA:39,0
DA:41,0
DA:59,0
DA:61,0
DA:62,0
DA:65,0
LF:18
LH:0
BRDA:24,0,0,0
BRDA:24,0,1,0
BRDA:25,1,0,0
BRDA:25,1,1,0
BRDA:26,2,0,0
BRDA:26,2,1,0
BRDA:27,3,0,0
BRDA:27,3,1,0
BRDA:31,4,0,0
BRDA:31,4,1,0
BRDA:49,5,0,0
BRDA:49,5,1,0
BRDA:50,6,0,0
BRDA:50,6,1,0
BRDA:51,7,0,0
BRDA:51,7,1,0
BRDA:52,8,0,0
BRDA:52,8,1,0
BRDA:61,9,0,0
BRDA:61,9,1,0
BRDA:67,10,0,0
BRDA:67,10,1,0
BRF:22
BRH:0
end_of_record
TN:
SF:src/tools/update-issue.ts
FN:12,handleUpdateIssue
FN:16,(anonymous_1)
FN:117,(anonymous_2)
FN:119,(anonymous_3)
FN:125,(anonymous_4)
FN:154,(anonymous_5)
FN:164,(anonymous_6)
FNF:7
FNH:0
FNDA:0,handleUpdateIssue
FNDA:0,(anonymous_1)
FNDA:0,(anonymous_2)
FNDA:0,(anonymous_3)
FNDA:0,(anonymous_4)
FNDA:0,(anonymous_5)
FNDA:0,(anonymous_6)
DA:13,0
DA:30,0
DA:33,0
DA:35,0
DA:40,0
DA:41,0
DA:42,0
DA:43,0
DA:44,0
DA:46,0
DA:47,0
DA:48,0
DA:50,0
DA:51,0
DA:52,0
DA:54,0
DA:55,0
DA:56,0
DA:57,0
DA:58,0
DA:59,0
DA:61,0
DA:62,0
DA:65,0
DA:71,0
DA:72,0
DA:75,0
DA:79,0
DA:81,0
DA:88,0
DA:89,0
DA:90,0
DA:91,0
DA:95,0
DA:96,0
DA:99,0
DA:101,0
DA:102,0
DA:105,0
DA:106,0
DA:112,0
DA:116,0
DA:117,0
DA:119,0
DA:122,0
DA:123,0
DA:125,0
DA:130,0
DA:131,0
DA:132,0
DA:139,0
DA:140,0
DA:150,0
DA:151,0
DA:152,0
DA:153,0
DA:154,0
DA:156,0
DA:157,0
DA:158,0
DA:162,0
DA:163,0
DA:164,0
DA:170,0
DA:171,0
DA:172,0
DA:174,0
DA:178,0
DA:179,0
DA:180,0
DA:186,0
DA:187,0
DA:191,0
DA:192,0
DA:193,0
DA:195,0
DA:196,0
DA:200,0
DA:202,0
DA:204,0
DA:205,0
DA:207,0
DA:209,0
DA:215,0
DA:216,0
DA:221,0
DA:226,0
DA:231,0
DA:232,0
DA:238,0
LF:90
LH:0
BRDA:33,0,0,0
BRDA:33,0,1,0
BRDA:40,1,0,0
BRDA:40,1,1,0
BRDA:41,2,0,0
BRDA:41,2,1,0
BRDA:42,3,0,0
BRDA:42,3,1,0
BRDA:46,4,0,0
BRDA:46,4,1,0
BRDA:46,5,0,0
BRDA:46,5,1,0
BRDA:50,6,0,0
BRDA:50,6,1,0
BRDA:51,7,0,0
BRDA:51,7,1,0
BRDA:54,8,0,0
BRDA:54,8,1,0
BRDA:57,9,0,0
BRDA:57,9,1,0
BRDA:71,10,0,0
BRDA:71,10,1,0
BRDA:79,11,0,0
BRDA:79,11,1,0
BRDA:89,12,0,0
BRDA:89,12,1,0
BRDA:95,13,0,0
BRDA:95,13,1,0
BRDA:99,14,0,0
BRDA:99,14,1,0
BRDA:108,15,0,0
BRDA:108,15,1,0
BRDA:116,16,0,0
BRDA:116,16,1,0
BRDA:122,17,0,0
BRDA:122,17,1,0
BRDA:131,18,0,0
BRDA:131,18,1,0
BRDA:150,19,0,0
BRDA:150,19,1,0
BRDA:156,20,0,0
BRDA:156,20,1,0
BRDA:170,21,0,0
BRDA:170,21,1,0
BRDA:178,22,0,0
BRDA:178,22,1,0
BRDA:178,23,0,0
BRDA:178,23,1,0
BRDA:179,24,0,0
BRDA:179,24,1,0
BRDA:179,25,0,0
BRDA:179,25,1,0
BRDA:191,26,0,0
BRDA:191,26,1,0
BRDA:207,27,0,0
BRDA:207,27,1,0
BRDA:215,28,0,0
BRDA:215,28,1,0
BRDA:223,29,0,0
BRDA:223,29,1,0
BRF:60
BRH:0
end_of_record
TN:
SF:src/tools/update-plan.ts
FN:19,handleUpdatePlan
FN:20,(anonymous_1)
FN:39,(anonymous_2)
FN:41,(anonymous_3)
FNF:4
FNH:0
FNDA:0,handleUpdatePlan
FNDA:0,(anonymous_1)
FNDA:0,(anonymous_2)
FNDA:0,(anonymous_3)
DA:20,0
DA:21,0
DA:22,0
DA:23,0
DA:24,0
DA:27,0
DA:39,0
DA:40,0
DA:42,0
DA:44,0
DA:46,0
DA:47,0
DA:49,0
DA:50,0
DA:52,0
DA:53,0
DA:55,0
DA:56,0
DA:58,0
DA:59,0
DA:61,0
DA:62,0
DA:64,0
DA:67,0
DA:69,0
DA:73,0
DA:76,0
DA:81,0
DA:83,0
DA:162,0
DA:163,0
DA:188,0
DA:189,0
DA:207,0
DA:208,0
DA:246,0
LF:36
LH:0
BRDA:23,0,0,0
BRDA:23,0,1,0
BRDA:44,1,0,0
BRDA:44,1,1,0
BRDA:44,1,2,0
BRDA:44,1,3,0
BRDA:44,1,4,0
BRDA:44,1,5,0
BRDA:44,1,6,0
BRDA:67,2,0,0
BRDA:67,2,1,0
BRDA:67,3,0,0
BRDA:67,3,1,0
BRDA:67,3,2,0
BRDA:69,4,0,0
BRDA:69,4,1,0
BRDA:71,5,0,0
BRDA:71,5,1,0
BRDA:91,6,0,0
BRDA:91,6,1,0
BRDA:162,7,0,0
BRDA:162,7,1,0
BRDA:188,8,0,0
BRDA:188,8,1,0
BRDA:207,9,0,0
BRDA:207,9,1,0
BRDA:222,10,0,0
BRDA:222,10,1,0
BRDA:250,11,0,0
BRDA:250,11,1,0
BRF:30
BRH:0
end_of_record
TN:
SF:src/tools/update-sprint.ts
FN:21,formatJiraDate
FN:33,handleUpdateSprint
FN:37,(anonymous_2)
FN:132,(anonymous_3)
FNF:4
FNH:0
FNDA:0,formatJiraDate
FNDA:0,handleUpdateSprint
FNDA:0,(anonymous_2)
FNDA:0,(anonymous_3)
DA:22,0
DA:23,0
DA:24,0
DA:28,0
DA:30,0
DA:34,0
DA:38,0
DA:40,0
DA:49,0
DA:50,0
DA:51,0
DA:54,0
DA:55,0
DA:56,0
DA:58,0
DA:65,0
DA:66,0
DA:67,0
DA:69,0
DA:76,0
DA:77,0
DA:80,0
DA:81,0
DA:82,0
DA:90,0
DA:91,0
DA:97,0
DA:98,0
DA:99,0
DA:101,0
DA:119,0
DA:120,0
DA:121,0
DA:123,0
DA:125,0
DA:126,0
DA:127,0
DA:128,0
DA:130,0
DA:131,0
DA:132,0
DA:134,0
DA:138,0
DA:139,0
DA:147,0
LF:45
LH:0
BRDA:23,0,0,0
BRDA:23,0,1,0
BRDA:50,1,0,0
BRDA:50,1,1,0
BRDA:51,2,0,0
BRDA:51,2,1,0
BRDA:54,3,0,0
BRDA:54,3,1,0
BRDA:65,4,0,0
BRDA:65,4,1,0
BRDA:76,5,0,0
BRDA:76,5,1,0
BRDA:80,6,0,0
BRDA:80,6,1,0
BRDA:81,7,0,0
BRDA:81,7,1,0
BRDA:81,8,0,0
BRDA:81,8,1,0
BRDA:90,9,0,0
BRDA:90,9,1,0
BRDA:112,10,0,0
BRDA:112,10,1,0
BRDA:113,11,0,0
BRDA:113,11,1,0
BRDA:114,12,0,0
BRDA:114,12,1,0
BRDA:123,13,0,0
BRDA:123,13,1,0
BRDA:125,14,0,0
BRDA:125,14,1,0
BRDA:127,15,0,0
BRDA:127,15,1,0
BRDA:130,16,0,0
BRDA:130,16,1,0
BRDA:138,17,0,0
BRDA:138,17,1,0
BRF:36
BRH:0
end_of_record
TN:
SF:src/utils/adf-converter.ts
FN:29,textToAdf
FN:49,(anonymous_1)
FN:69,(anonymous_2)
FN:90,markdownToAdf
FN:103,createAdfParagraph
FN:118,createAdfCodeBlock
FN:134,createAdfBulletList
FN:137,(anonymous_7)
FN:157,isAdfFormat
FN:170,ensureAdfFormat
FNF:10
FNH:6
FNDA:5,textToAdf
FNDA:6,(anonymous_1)
FNDA:6,(anonymous_2)
FNDA:2,markdownToAdf
FNDA:0,createAdfParagraph
FNDA:0,createAdfCodeBlock
FNDA:0,createAdfBulletList
FNDA:0,(anonymous_7)
FNDA:6,isAdfFormat
FNDA:2,ensureAdfFormat
DA:30,5
DA:31,1
DA:49,6
DA:51,4
DA:52,0
DA:69,6
DA:79,4
DA:91,2
DA:92,1
DA:97,1
DA:104,0
DA:119,0
DA:135,0
DA:137,0
DA:158,6
DA:171,2
DA:172,1
DA:175,1
DA:176,1
DA:180,0
LF:20
LH:14
BRDA:30,0,0,1
BRDA:30,0,1,4
BRDA:30,1,0,5
BRDA:30,1,1,4
BRDA:51,2,0,0
BRDA:51,2,1,4
BRDA:91,3,0,1
BRDA:91,3,1,1
BRDA:91,4,0,2
BRDA:91,4,1,1
BRDA:109,5,0,0
BRDA:109,5,1,0
BRDA:121,6,0,0
BRDA:121,6,1,0
BRDA:159,7,0,6
BRDA:159,7,1,5
BRDA:159,7,2,4
BRDA:159,7,3,3
BRDA:159,7,4,2
BRDA:171,8,0,1
BRDA:171,8,1,1
BRDA:175,9,0,1
BRDA:175,9,1,0
BRF:23
BRH:17
end_of_record
TN:
SF:src/utils/formatting.ts
FN:9,formatDate
FN:20,formatIssue
FN:80,(anonymous_2)
FN:93,formatIssueList
FN:102,(anonymous_4)
FN:109,formatCreatedIssue
FNF:6
FNH:4
FNDA:7,formatDate
FNDA:4,formatIssue
FNDA:0,(anonymous_2)
FNDA:2,formatIssueList
FNDA:2,(anonymous_4)
FNDA:0,formatCreatedIssue
DA:10,7
DA:21,4
DA:28,4
DA:29,0
DA:33,4
DA:34,0
DA:37,4
DA:40,4
DA:41,4
DA:46,0
DA:47,0
DA:48,0
DA:49,0
DA:50,0
DA:55,0
DA:58,4
DA:62,4
DA:63,0
DA:66,4
DA:67,0
DA:71,4
DA:72,28
DA:73,0
DA:77,4
DA:78,4
DA:79,0
DA:80,0
DA:81,0
DA:87,4
DA:98,2
DA:99,1
DA:102,2
DA:103,1
DA:110,0
LF:34
LH:19
BRDA:20,0,0,2
BRDA:24,1,0,4
BRDA:24,1,1,0
BRDA:25,2,0,4
BRDA:25,2,1,2
BRDA:28,3,0,0
BRDA:28,3,1,4
BRDA:28,4,0,4
BRDA:28,4,1,0
BRDA:29,5,0,0
BRDA:29,5,1,0
BRDA:33,6,0,0
BRDA:33,6,1,4
BRDA:41,7,0,0
BRDA:41,7,1,4
BRDA:42,8,0,4
BRDA:42,8,1,0
BRDA:42,8,2,0
BRDA:47,9,0,0
BRDA:47,9,1,0
BRDA:47,10,0,0
BRDA:47,10,1,0
BRDA:48,11,0,0
BRDA:48,11,1,0
BRDA:48,12,0,0
BRDA:48,12,1,0
BRDA:49,13,0,0
BRDA:49,13,1,0
BRDA:58,14,0,4
BRDA:58,14,1,2
BRDA:62,15,0,0
BRDA:62,15,1,4
BRDA:62,16,0,4
BRDA:62,16,1,0
BRDA:66,17,0,0
BRDA:66,17,1,4
BRDA:72,18,0,0
BRDA:72,18,1,28
BRDA:72,19,0,28
BRDA:72,19,1,0
BRDA:72,19,2,0
BRDA:78,20,0,0
BRDA:78,20,1,4
BRDA:78,21,0,4
BRDA:78,21,1,0
BRDA:96,22,0,2
BRDA:98,23,0,1
BRDA:98,23,1,1
BRF:48
BRH:21
end_of_record
TN:
SF:src/utils/jira-api.ts
FN:12,createJiraApiInstances
FN:60,createLegacyJiraApiInstances
FN:67,getBoardId
FN:88,getActiveSprint
FN:108,checkStoryPointsField
FN:113,(anonymous_5)
FN:136,inspectSprints
FN:154,inspectIssueFields
FN:163,(anonymous_8)
FN:182,(anonymous_9)
FN:200,(anonymous_10)
FN:203,(anonymous_11)
FNF:12
FNH:0
FNDA:0,createJiraApiInstances
FNDA:0,createLegacyJiraApiInstances
FNDA:0,getBoardId
FNDA:0,getActiveSprint
FNDA:0,checkStoryPointsField
FNDA:0,(anonymous_5)
FNDA:0,inspectSprints
FNDA:0,inspectIssueFields
FNDA:0,(anonymous_8)
FNDA:0,(anonymous_9)
FNDA:0,(anonymous_10)
FNDA:0,(anonymous_11)
DA:14,0
DA:15,0
DA:16,0
DA:18,0
DA:19,0
DA:25,0
DA:26,0
DA:29,0
DA:42,0
DA:54,0
DA:61,0
DA:72,0
DA:78,0
DA:79,0
DA:82,0
DA:92,0
DA:98,0
DA:99,0
DA:102,0
DA:112,0
DA:113,0
DA:115,0
DA:118,0
DA:119,0
DA:124,0
DA:125,0
DA:126,0
DA:127,0
DA:140,0
DA:142,0
DA:148,0
DA:160,0
DA:163,0
DA:164,0
DA:165,0
DA:166,0
DA:169,0
DA:172,0
DA:180,0
DA:181,0
DA:183,0
DA:187,0
DA:190,0
DA:198,0
DA:201,0
DA:204,0
DA:205,0
DA:208,0
LF:48
LH:0
BRDA:14,0,0,0
BRDA:14,0,1,0
BRDA:15,1,0,0
BRDA:15,1,1,0
BRDA:16,2,0,0
BRDA:16,2,1,0
BRDA:18,3,0,0
BRDA:18,3,1,0
BRDA:18,4,0,0
BRDA:18,4,1,0
BRDA:18,4,2,0
BRDA:78,5,0,0
BRDA:78,5,1,0
BRDA:98,6,0,0
BRDA:98,6,1,0
BRDA:118,7,0,0
BRDA:118,7,1,0
BRDA:126,8,0,0
BRDA:126,8,1,0
BRDA:166,9,0,0
BRDA:166,9,1,0
BRDA:183,10,0,0
BRDA:183,10,1,0
BRDA:201,11,0,0
BRDA:201,11,1,0
BRDA:201,11,2,0
BRF:26
BRH:0
end_of_record
TN:
SF:src/utils/logger.ts
FN:13,(anonymous_0)
FN:26,(anonymous_1)
FN:27,(anonymous_2)
FN:31,(anonymous_3)
FN:35,(anonymous_4)
FN:39,(anonymous_5)
FN:43,(anonymous_6)
FNF:7
FNH:4
FNDA:12,(anonymous_0)
FNDA:1,(anonymous_1)
FNDA:6,(anonymous_2)
FNDA:0,(anonymous_3)
FNDA:0,(anonymous_4)
FNDA:6,(anonymous_5)
FNDA:0,(anonymous_6)
DA:13,1
DA:14,12
DA:15,12
DA:16,12
DA:17,12
DA:19,12
DA:20,12
DA:21,0
DA:23,12
DA:26,1
DA:28,6
DA:29,6
DA:32,0
DA:33,0
DA:36,0
DA:37,0
DA:40,6
DA:41,6
DA:43,0
DA:46,1
LF:20
LH:14
BRDA:15,0,0,0
BRDA:15,0,1,12
BRDA:16,1,0,0
BRDA:16,1,1,12
BRDA:17,2,0,0
BRDA:17,2,1,12
BRDA:20,3,0,0
BRDA:20,3,1,12
BRDA:28,4,0,0
BRDA:28,4,1,6
BRDA:32,5,0,0
BRDA:32,5,1,0
BRDA:36,6,0,0
BRDA:36,6,1,0
BRDA:40,7,0,0
BRDA:40,7,1,6
BRDA:43,8,0,0
BRDA:43,8,1,0
BRF:18
BRH:6
end_of_record
TN:
SF:src/utils/tool-wrapper.ts
FN:28,extractProjectKey
FN:63,withJiraContext
FN:147,getStandardFields
FN:182,formatSprintInfo
FN:223,formatStoryPoints
FNF:5
FNH:0
FNDA:0,extractProjectKey
FNDA:0,withJiraContext
FNDA:0,getStandardFields
FNDA:0,formatSprintInfo
FNDA:0,formatStoryPoints
DA:30,0
DA:31,0
DA:35,0
DA:36,0
DA:40,0
DA:41,0
DA:45,0
DA:46,0
DA:50,0
DA:51,0
DA:55,0
DA:68,0
DA:71,0
DA:75,0
DA:80,0
DA:82,0
DA:83,0
DA:86,0
DA:92,0
DA:99,0
DA:100,0
DA:103,0
DA:111,0
DA:117,0
DA:118,0
DA:119,0
DA:121,0
DA:126,0
DA:128,0
DA:140,0
DA:148,0
DA:163,0
DA:164,0
DA:166,0
DA:167,0
DA:169,0
DA:170,0
DA:174,0
DA:176,0
DA:183,0
DA:185,0
DA:190,0
DA:193,0
DA:195,0
DA:196,0
DA:199,0
DA:200,0
DA:201,0
DA:202,0
DA:209,0
DA:217,0
DA:224,0
DA:228,0
DA:231,0
LF:54
LH:0
BRDA:30,0,0,0
BRDA:30,0,1,0
BRDA:35,1,0,0
BRDA:35,1,1,0
BRDA:35,2,0,0
BRDA:35,2,1,0
BRDA:40,3,0,0
BRDA:40,3,1,0
BRDA:40,4,0,0
BRDA:40,4,1,0
BRDA:45,5,0,0
BRDA:45,5,1,0
BRDA:50,6,0,0
BRDA:50,6,1,0
BRDA:83,7,0,0
BRDA:83,7,1,0
BRDA:94,8,0,0
BRDA:94,8,1,0
BRDA:108,9,0,0
BRDA:108,9,1,0
BRDA:131,10,0,0
BRDA:131,10,1,0
BRDA:163,11,0,0
BRDA:163,11,1,0
BRDA:166,12,0,0
BRDA:166,12,1,0
BRDA:169,13,0,0
BRDA:169,13,1,0
BRDA:183,14,0,0
BRDA:183,14,1,0
BRDA:185,15,0,0
BRDA:185,15,1,0
BRDA:186,16,0,0
BRDA:186,16,1,0
BRDA:186,16,2,0
BRDA:195,17,0,0
BRDA:195,17,1,0
BRDA:195,18,0,0
BRDA:195,18,1,0
BRDA:199,19,0,0
BRDA:199,19,1,0
BRDA:200,20,0,0
BRDA:200,20,1,0
BRDA:201,21,0,0
BRDA:201,21,1,0
BRDA:202,22,0,0
BRDA:202,22,1,0
BRDA:209,23,0,0
BRDA:209,23,1,0
BRDA:224,24,0,0
BRDA:224,24,1,0
BRDA:225,25,0,0
BRDA:225,25,1,0
BRDA:231,26,0,0
BRDA:231,26,1,0
BRF:55
BRH:0
end_of_record
TN:
SF:src/utils/user-resolver.ts
FN:22,resolveUserToAccountId
FN:63,(anonymous_1)
FN:75,(anonymous_2)
FN:87,(anonymous_3)
FN:99,(anonymous_4)
FN:108,(anonymous_5)
FN:110,(anonymous_6)
FN:137,getUserByAccountId
FN:160,resolveAssigneeValue
FNF:9
FNH:0
FNDA:0,resolveUserToAccountId
FNDA:0,(anonymous_1)
FNDA:0,(anonymous_2)
FNDA:0,(anonymous_3)
FNDA:0,(anonymous_4)
FNDA:0,(anonymous_5)
FNDA:0,(anonymous_6)
FNDA:0,getUserByAccountId
FNDA:0,resolveAssigneeValue
DA:27,0
DA:28,0
DA:35,0
DA:36,0
DA:39,0
DA:41,0
DA:44,0
DA:51,0
DA:52,0
DA:54,0
DA:55,0
DA:62,0
DA:63,0
DA:66,0
DA:67,0
DA:70,0
DA:74,0
DA:75,0
DA:78,0
DA:79,0
DA:82,0
DA:86,0
DA:88,0
DA:92,0
DA:93,0
DA:94,0
DA:95,0
DA:98,0
DA:99,0
DA:100,0
DA:107,0
DA:108,0
DA:110,0
DA:113,0
DA:118,0
DA:119,0
DA:122,0
DA:123,0
DA:141,0
DA:142,0
DA:146,0
DA:148,0
DA:149,0
DA:165,0
DA:171,0
DA:175,0
LF:46
LH:0
BRDA:27,0,0,0
BRDA:27,0,1,0
BRDA:27,1,0,0
BRDA:27,1,1,0
BRDA:35,2,0,0
BRDA:35,2,1,0
BRDA:35,3,0,0
BRDA:35,3,1,0
BRDA:54,4,0,0
BRDA:54,4,1,0
BRDA:66,5,0,0
BRDA:66,5,1,0
BRDA:78,6,0,0
BRDA:78,6,1,0
BRDA:88,7,0,0
BRDA:88,7,1,0
BRDA:92,8,0,0
BRDA:92,8,1,0
BRDA:98,9,0,0
BRDA:98,9,1,0
BRDA:115,10,0,0
BRDA:115,10,1,0
BRDA:118,11,0,0
BRDA:118,11,1,0
BRDA:165,12,0,0
BRDA:165,12,1,0
BRDA:166,13,0,0
BRDA:166,13,1,0
BRDA:166,13,2,0
BRDA:166,13,3,0
BRF:30
BRH:0
end_of_record
