TN:
SF:src/config.ts
FN:21,loadMultiInstanceConfig
FN:81,(anonymous_1)
FN:161,getInstanceForProject
FN:287,listAvailableInstances
FN:301,(anonymous_4)
FN:308,(anonymous_5)
FN:319,loadProjectConfig
FNF:7
FNH:2
FNDA:3,loadMultiInstanceConfig
FNDA:2,(anonymous_1)
FNDA:0,getInstanceForProject
FNDA:0,listAvailableInstances
FNDA:0,(anonymous_4)
FNDA:0,(anonymous_5)
FNDA:0,loadProjectConfig
DA:10,2
DA:11,2
DA:12,2
DA:15,2
DA:16,2
DA:25,3
DA:26,0
DA:27,0
DA:30,3
DA:33,3
DA:40,3
DA:43,3
DA:44,3
DA:45,3
DA:46,3
DA:48,3
DA:49,1
DA:51,1
DA:54,1
DA:56,1
DA:57,1
DA:58,1
DA:60,1
DA:61,1
DA:62,1
DA:65,1
DA:68,1
DA:70,1
DA:71,0
DA:72,0
DA:73,0
DA:79,1
DA:80,1
DA:81,2
DA:84,1
DA:85,0
DA:87,0
DA:90,0
DA:97,0
DA:98,0
DA:103,0
DA:118,0
DA:119,0
DA:123,0
DA:126,0
DA:132,0
DA:133,0
DA:134,0
DA:145,0
DA:146,0
DA:150,0
DA:151,0
DA:166,0
DA:169,0
DA:170,0
DA:173,0
DA:174,0
DA:175,0
DA:182,0
DA:186,0
DA:198,0
DA:199,0
DA:200,0
DA:201,0
DA:204,0
DA:205,0
DA:206,0
DA:212,0
DA:224,0
DA:226,0
DA:227,0
DA:228,0
DA:229,0
DA:243,0
DA:244,0
DA:247,0
DA:248,0
DA:260,0
DA:261,0
DA:262,0
DA:263,0
DA:264,0
DA:276,0
DA:299,0
DA:301,0
DA:308,0
DA:313,0
DA:320,0
DA:323,0
DA:324,0
DA:325,0
DA:327,0
DA:328,0
DA:329,0
DA:330,0
DA:334,0
DA:341,0
DA:342,0
LF:98
LH:30
BRDA:25,0,0,0
BRDA:25,0,1,3
BRDA:54,1,0,1
BRDA:54,1,1,0
BRDA:62,2,0,1
BRDA:62,2,1,1
BRDA:70,3,0,0
BRDA:70,3,1,1
BRDA:79,4,0,1
BRDA:79,4,1,0
BRDA:85,5,0,0
BRDA:85,5,1,0
BRDA:91,6,0,0
BRDA:91,6,1,0
BRDA:92,7,0,0
BRDA:92,7,1,0
BRDA:93,8,0,0
BRDA:93,8,1,0
BRDA:97,9,0,0
BRDA:97,9,1,0
BRDA:97,10,0,0
BRDA:97,10,1,0
BRDA:97,10,2,0
BRDA:132,11,0,0
BRDA:132,11,1,0
BRDA:132,12,0,0
BRDA:132,12,1,0
BRDA:132,12,2,0
BRDA:169,13,0,0
BRDA:169,13,1,0
BRDA:174,14,0,0
BRDA:174,14,1,0
BRDA:182,15,0,0
BRDA:182,15,1,0
BRDA:182,16,0,0
BRDA:182,16,1,0
BRDA:189,17,0,0
BRDA:189,17,1,0
BRDA:198,18,0,0
BRDA:198,18,1,0
BRDA:200,19,0,0
BRDA:200,19,1,0
BRDA:205,20,0,0
BRDA:205,20,1,0
BRDA:227,21,0,0
BRDA:227,21,1,0
BRDA:227,22,0,0
BRDA:227,22,1,0
BRDA:243,23,0,0
BRDA:243,23,1,0
BRDA:251,24,0,0
BRDA:251,24,1,0
BRDA:261,25,0,0
BRDA:261,25,1,0
BRDA:267,26,0,0
BRDA:267,26,1,0
BRDA:305,27,0,0
BRDA:305,27,1,0
BRDA:327,28,0,0
BRDA:327,28,1,0
BRF:60
BRH:6
end_of_record
TN:
SF:src/jira-server.ts
FN:23,(anonymous_0)
FN:46,(anonymous_1)
FN:51,(anonymous_2)
FN:56,(anonymous_3)
FN:75,(anonymous_4)
FN:99,(anonymous_5)
FN:114,(anonymous_6)
FN:124,(anonymous_7)
FN:167,(anonymous_8)
FN:189,(anonymous_9)
FN:199,(anonymous_10)
FN:241,(anonymous_11)
FNF:12
FNH:2
FNDA:3,(anonymous_0)
FNDA:0,(anonymous_1)
FNDA:0,(anonymous_2)
FNDA:0,(anonymous_3)
FNDA:0,(anonymous_4)
FNDA:0,(anonymous_5)
FNDA:0,(anonymous_6)
FNDA:0,(anonymous_7)
FNDA:0,(anonymous_8)
FNDA:0,(anonymous_9)
FNDA:0,(anonymous_10)
FNDA:3,(anonymous_11)
DA:20,3
DA:21,3
DA:24,3
DA:26,3
DA:40,3
DA:42,3
DA:43,3
DA:46,3
DA:51,3
DA:56,3
DA:57,0
DA:67,3
DA:69,3
DA:77,0
DA:78,0
DA:80,0
DA:81,0
DA:82,0
DA:84,0
DA:87,0
DA:89,0
DA:92,0
DA:100,0
DA:101,0
DA:104,0
DA:105,0
DA:106,0
DA:108,0
DA:114,0
DA:115,0
DA:116,0
DA:117,0
DA:118,0
DA:124,0
DA:125,0
DA:133,0
DA:135,0
DA:136,0
DA:137,0
DA:143,0
DA:149,0
DA:156,0
DA:157,0
DA:160,0
DA:169,0
DA:179,0
DA:180,0
DA:181,0
DA:183,0
DA:189,0
DA:190,0
DA:191,0
DA:192,0
DA:193,0
DA:199,0
DA:200,0
DA:208,0
DA:210,0
DA:212,0
DA:217,0
DA:221,0
DA:222,0
DA:226,0
DA:233,0
DA:234,0
DA:237,0
DA:242,3
DA:243,3
DA:246,3
DA:247,2
DA:248,0
DA:250,0
DA:251,0
DA:254,0
DA:258,0
DA:259,0
DA:260,0
DA:262,0
DA:268,1
LF:79
LH:17
BRDA:82,0,0,0
BRDA:82,0,1,0
BRDA:87,1,0,0
BRDA:87,1,1,0
BRDA:116,2,0,0
BRDA:116,2,1,0
BRDA:156,3,0,0
BRDA:156,3,1,0
BRDA:191,4,0,0
BRDA:191,4,1,0
BRDA:233,5,0,0
BRDA:233,5,1,0
BRDA:250,6,0,0
BRDA:250,6,1,0
BRF:14
BRH:0
end_of_record
TN:
SF:src/session-config.ts
FN:20,loadMultiInstanceConfigForSession
FN:151,getInstanceForProjectWithSession
FN:206,getInstanceForProjectNameWithSession
FNF:3
FNH:0
FNDA:0,loadMultiInstanceConfigForSession
FNDA:0,getInstanceForProjectWithSession
FNDA:0,getInstanceForProjectNameWithSession
DA:13,1
DA:14,1
DA:15,1
DA:24,0
DA:27,0
DA:28,0
DA:32,0
DA:35,0
DA:41,0
DA:49,0
DA:52,0
DA:53,0
DA:54,0
DA:55,0
DA:60,0
DA:61,0
DA:66,0
DA:68,0
DA:72,0
DA:73,0
DA:75,0
DA:81,0
DA:88,0
DA:89,0
DA:94,0
DA:109,0
DA:113,0
DA:115,0
DA:122,0
DA:124,0
DA:125,0
DA:130,0
DA:135,0
DA:142,0
DA:157,0
DA:161,0
DA:164,0
DA:165,0
DA:166,0
DA:170,0
DA:174,0
DA:179,0
DA:188,0
DA:197,0
DA:212,0
DA:215,0
DA:216,0
DA:217,0
DA:219,0
DA:224,0
DA:229,0
DA:230,0
DA:231,0
DA:236,0
DA:240,0
DA:241,0
DA:242,0
DA:247,0
DA:252,0
DA:253,0
DA:258,0
DA:262,0
DA:263,0
DA:264,0
DA:269,0
DA:272,0
LF:66
LH:3
BRDA:27,0,0,0
BRDA:27,0,1,0
BRDA:66,1,0,0
BRDA:66,1,1,0
BRDA:73,2,0,0
BRDA:73,2,1,0
BRDA:82,3,0,0
BRDA:82,3,1,0
BRDA:83,4,0,0
BRDA:83,4,1,0
BRDA:84,5,0,0
BRDA:84,5,1,0
BRDA:88,6,0,0
BRDA:88,6,1,0
BRDA:88,7,0,0
BRDA:88,7,1,0
BRDA:88,7,2,0
BRDA:119,8,0,0
BRDA:119,8,1,0
BRDA:128,9,0,0
BRDA:128,9,1,0
BRDA:161,10,0,0
BRDA:161,10,1,0
BRDA:165,11,0,0
BRDA:165,11,1,0
BRDA:215,12,0,0
BRDA:215,12,1,0
BRDA:216,13,0,0
BRDA:216,13,1,0
BRDA:229,14,0,0
BRDA:229,14,1,0
BRDA:241,15,0,0
BRDA:241,15,1,0
BRDA:252,16,0,0
BRDA:252,16,1,0
BRDA:252,17,0,0
BRDA:252,17,1,0
BRDA:263,18,0,0
BRDA:263,18,1,0
BRF:39
BRH:0
end_of_record
TN:
SF:src/session-manager.ts
FN:22,(anonymous_0)
FN:33,(anonymous_1)
FN:35,(anonymous_2)
FN:48,(anonymous_3)
FN:58,(anonymous_4)
FN:87,(anonymous_5)
FN:104,(anonymous_6)
FN:116,(anonymous_7)
FN:126,(anonymous_8)
FN:140,(anonymous_9)
FN:166,(anonymous_10)
FN:173,(anonymous_11)
FN:180,(anonymous_12)
FN:183,(anonymous_13)
FN:186,(anonymous_14)
FN:195,(anonymous_15)
FN:202,(anonymous_16)
FN:235,(anonymous_17)
FN:248,(anonymous_18)
FN:256,(anonymous_19)
FNF:20
FNH:1
FNDA:1,(anonymous_0)
FNDA:0,(anonymous_1)
FNDA:0,(anonymous_2)
FNDA:0,(anonymous_3)
FNDA:0,(anonymous_4)
FNDA:0,(anonymous_5)
FNDA:0,(anonymous_6)
FNDA:0,(anonymous_7)
FNDA:0,(anonymous_8)
FNDA:0,(anonymous_9)
FNDA:0,(anonymous_10)
FNDA:0,(anonymous_11)
FNDA:0,(anonymous_12)
FNDA:0,(anonymous_13)
FNDA:0,(anonymous_14)
FNDA:0,(anonymous_15)
FNDA:0,(anonymous_16)
FNDA:0,(anonymous_17)
FNDA:0,(anonymous_18)
FNDA:0,(anonymous_19)
DA:17,1
DA:18,1
DA:19,1
DA:20,1
DA:25,1
DA:34,0
DA:35,0
DA:36,0
DA:38,0
DA:39,0
DA:49,0
DA:50,0
DA:51,0
DA:59,0
DA:60,0
DA:62,0
DA:71,0
DA:74,0
DA:76,0
DA:81,0
DA:88,0
DA:89,0
DA:92,0
DA:93,0
DA:94,0
DA:95,0
DA:98,0
DA:105,0
DA:106,0
DA:107,0
DA:108,0
DA:110,0
DA:117,0
DA:118,0
DA:119,0
DA:127,0
DA:128,0
DA:129,0
DA:134,0
DA:141,0
DA:142,0
DA:144,0
DA:145,0
DA:146,0
DA:147,0
DA:151,0
DA:152,0
DA:153,0
DA:156,0
DA:167,0
DA:174,0
DA:175,0
DA:177,0
DA:180,0
DA:183,0
DA:186,0
DA:196,0
DA:203,0
DA:204,0
DA:205,0
DA:209,0
DA:212,0
DA:213,0
DA:216,0
DA:217,0
DA:219,0
DA:220,0
DA:221,0
DA:229,0
DA:236,0
DA:237,0
DA:238,0
DA:241,0
DA:242,0
DA:249,0
DA:250,0
DA:257,0
DA:259,0
DA:263,0
DA:268,1
LF:80
LH:6
BRDA:34,0,0,0
BRDA:34,0,1,0
BRDA:38,1,0,0
BRDA:38,1,1,0
BRDA:49,2,0,0
BRDA:49,2,1,0
BRDA:59,3,0,0
BRDA:59,3,1,0
BRDA:88,4,0,0
BRDA:88,4,1,0
BRDA:93,5,0,0
BRDA:93,5,1,0
BRDA:106,6,0,0
BRDA:106,6,1,0
BRDA:118,7,0,0
BRDA:118,7,1,0
BRDA:128,8,0,0
BRDA:128,8,1,0
BRDA:146,9,0,0
BRDA:146,9,1,0
BRDA:151,10,0,0
BRDA:151,10,1,0
BRDA:183,11,0,0
BRDA:183,11,1,0
BRDA:185,12,0,0
BRDA:185,12,1,0
BRDA:204,13,0,0
BRDA:204,13,1,0
BRDA:212,14,0,0
BRDA:212,14,1,0
BRDA:219,15,0,0
BRDA:219,15,1,0
BRDA:237,16,0,0
BRDA:237,16,1,0
BRDA:242,17,0,0
BRDA:242,17,1,0
BRDA:250,18,0,0
BRDA:250,18,1,0
BRF:38
BRH:0
end_of_record
TN:
SF:src/tools/add-comment.ts
FN:9,handleAddComment
FN:13,(anonymous_1)
FNF:2
FNH:0
FNDA:0,handleAddComment
FNDA:0,(anonymous_1)
DA:10,0
DA:15,0
DA:17,0
DA:18,0
DA:20,0
DA:22,0
DA:24,0
DA:25,0
DA:29,0
DA:31,0
DA:33,0
DA:34,0
DA:43,0
DA:46,0
DA:47,0
DA:53,0
DA:59,0
DA:66,0
DA:67,0
DA:69,0
DA:70,0
DA:74,0
DA:76,0
DA:86,0
DA:87,0
DA:96,0
DA:97,0
DA:102,0
DA:109,0
DA:113,0
LF:30
LH:0
BRDA:38,0,0,0
BRDA:38,0,1,0
BRDA:46,1,0,0
BRDA:46,1,1,0
BRDA:53,2,0,0
BRDA:53,2,1,0
BRDA:54,3,0,0
BRDA:54,3,1,0
BRDA:91,4,0,0
BRDA:91,4,1,0
BRF:10
BRH:0
end_of_record
TN:
SF:src/tools/add-plan-team.ts
FN:14,handleAddPlanTeam
FN:15,(anonymous_1)
FNF:2
FNH:0
FNDA:0,handleAddPlanTeam
FNDA:0,(anonymous_1)
DA:15,0
DA:16,0
DA:17,0
DA:22,0
DA:24,0
DA:104,0
DA:106,0
DA:143,0
DA:144,0
DA:175,0
DA:176,0
DA:209,0
DA:210,0
DA:236,0
LF:14
LH:0
BRDA:40,0,0,0
BRDA:40,0,1,0
BRDA:40,1,0,0
BRDA:40,1,1,0
BRDA:43,2,0,0
BRDA:43,2,1,0
BRDA:44,3,0,0
BRDA:44,3,1,0
BRDA:45,4,0,0
BRDA:45,4,1,0
BRDA:104,5,0,0
BRDA:104,5,1,0
BRDA:143,6,0,0
BRDA:143,6,1,0
BRDA:175,7,0,0
BRDA:175,7,1,0
BRDA:191,8,0,0
BRDA:191,8,1,0
BRDA:209,9,0,0
BRDA:209,9,1,0
BRDA:240,10,0,0
BRDA:240,10,1,0
BRF:22
BRH:0
end_of_record
TN:
SF:src/tools/archive-plan.ts
FN:13,handleArchivePlan
FN:14,(anonymous_1)
FNF:2
FNH:0
FNDA:0,handleArchivePlan
FNDA:0,(anonymous_1)
DA:14,0
DA:15,0
DA:16,0
DA:18,0
DA:154,0
DA:155,0
DA:191,0
DA:192,0
DA:229,0
DA:230,0
DA:269,0
DA:270,0
DA:303,0
LF:13
LH:0
BRDA:154,0,0,0
BRDA:154,0,1,0
BRDA:191,1,0,0
BRDA:191,1,1,0
BRDA:229,2,0,0
BRDA:229,2,1,0
BRDA:245,3,0,0
BRDA:245,3,1,0
BRDA:269,4,0,0
BRDA:269,4,1,0
BRDA:285,5,0,0
BRDA:285,5,1,0
BRDA:307,6,0,0
BRDA:307,6,1,0
BRF:14
BRH:0
end_of_record
TN:
SF:src/tools/bulk-update-issues.ts
FN:10,handleBulkUpdateIssues
FN:14,(anonymous_1)
FN:121,(anonymous_2)
FN:123,(anonymous_3)
FN:141,(anonymous_4)
FN:142,(anonymous_5)
FN:150,(anonymous_6)
FN:158,(anonymous_7)
FN:159,(anonymous_8)
FN:166,(anonymous_9)
FNF:10
FNH:0
FNDA:0,handleBulkUpdateIssues
FNDA:0,(anonymous_1)
FNDA:0,(anonymous_2)
FNDA:0,(anonymous_3)
FNDA:0,(anonymous_4)
FNDA:0,(anonymous_5)
FNDA:0,(anonymous_6)
FNDA:0,(anonymous_7)
FNDA:0,(anonymous_8)
FNDA:0,(anonymous_9)
DA:11,0
DA:15,0
DA:17,0
DA:19,0
DA:24,0
DA:25,0
DA:28,0
DA:29,0
DA:32,0
DA:33,0
DA:36,0
DA:37,0
DA:38,0
DA:41,0
DA:44,0
DA:47,0
DA:48,0
DA:49,0
DA:50,0
DA:51,0
DA:53,0
DA:56,0
DA:57,0
DA:62,0
DA:66,0
DA:67,0
DA:70,0
DA:71,0
DA:74,0
DA:75,0
DA:79,0
DA:80,0
DA:81,0
DA:83,0
DA:89,0
DA:92,0
DA:97,0
DA:98,0
DA:99,0
DA:105,0
DA:112,0
DA:113,0
DA:121,0
DA:122,0
DA:123,0
DA:125,0
DA:141,0
DA:142,0
DA:150,0
DA:158,0
DA:159,0
DA:166,0
LF:52
LH:0
BRDA:24,0,0,0
BRDA:24,0,1,0
BRDA:24,1,0,0
BRDA:24,1,1,0
BRDA:28,2,0,0
BRDA:28,2,1,0
BRDA:28,3,0,0
BRDA:28,3,1,0
BRDA:41,4,0,0
BRDA:41,4,1,0
BRDA:47,5,0,0
BRDA:47,5,1,0
BRDA:50,6,0,0
BRDA:50,6,1,0
BRDA:66,7,0,0
BRDA:66,7,1,0
BRDA:70,8,0,0
BRDA:70,8,1,0
BRDA:74,9,0,0
BRDA:74,9,1,0
BRDA:74,10,0,0
BRDA:74,10,1,0
BRDA:79,11,0,0
BRDA:79,11,1,0
BRDA:81,12,0,0
BRDA:81,12,1,0
BRDA:97,13,0,0
BRDA:97,13,1,0
BRDA:116,14,0,0
BRDA:116,14,1,0
BRDA:138,15,0,0
BRDA:138,15,1,0
BRDA:148,16,0,0
BRDA:148,16,1,0
BRDA:155,17,0,0
BRDA:155,17,1,0
BRDA:166,18,0,0
BRDA:166,18,1,0
BRF:38
BRH:0
end_of_record
TN:
SF:src/tools/complete-sprint.ts
FN:9,handleCompleteSprint
FN:13,(anonymous_1)
FN:105,(anonymous_2)
FNF:3
FNH:0
FNDA:0,handleCompleteSprint
FNDA:0,(anonymous_1)
FNDA:0,(anonymous_2)
DA:10,0
DA:14,0
DA:16,0
DA:18,0
DA:19,0
DA:21,0
DA:22,0
DA:32,0
DA:33,0
DA:41,0
DA:50,0
DA:52,0
DA:54,0
DA:73,0
DA:74,0
DA:80,0
DA:81,0
DA:87,0
DA:88,0
DA:94,0
DA:95,0
DA:101,0
DA:102,0
DA:103,0
DA:105,0
DA:108,0
DA:112,0
DA:119,0
DA:125,0
LF:29
LH:0
BRDA:21,0,0,0
BRDA:21,0,1,0
BRDA:32,1,0,0
BRDA:32,1,1,0
BRDA:64,2,0,0
BRDA:64,2,1,0
BRDA:65,3,0,0
BRDA:65,3,1,0
BRDA:66,4,0,0
BRDA:66,4,1,0
BRDA:80,5,0,0
BRDA:80,5,1,0
BRDA:87,6,0,0
BRDA:87,6,1,0
BRDA:94,7,0,0
BRDA:94,7,1,0
BRDA:101,8,0,0
BRDA:101,8,1,0
BRDA:102,9,0,0
BRDA:102,9,1,0
BRDA:103,10,0,0
BRDA:103,10,1,0
BRDA:108,11,0,0
BRDA:108,11,1,0
BRDA:127,12,0,0
BRDA:127,12,1,0
BRF:26
BRH:0
end_of_record
TN:
SF:src/tools/confluence-health-check.ts
FN:4,handleConfluenceHealthCheck
FNF:1
FNH:0
FNDA:0,handleConfluenceHealthCheck
DA:7,0
DA:9,0
DA:27,0
DA:32,0
DA:41,0
DA:42,0
LF:6
LH:0
BRDA:17,0,0,0
BRDA:17,0,1,0
BRDA:19,1,0,0
BRDA:19,1,1,0
BRDA:43,2,0,0
BRDA:43,2,1,0
BRF:6
BRH:0
end_of_record
TN:
SF:src/tools/create-component.ts
FN:17,handleCreateComponent
FN:21,(anonymous_1)
FNF:2
FNH:0
FNDA:0,handleCreateComponent
FNDA:0,(anonymous_1)
DA:18,0
DA:22,0
DA:24,0
DA:25,0
DA:28,0
DA:29,0
DA:35,0
DA:36,0
DA:38,0
DA:39,0
DA:41,0
DA:42,0
DA:45,0
DA:47,0
DA:49,0
DA:73,0
LF:16
LH:0
BRDA:22,0,0,0
BRDA:22,0,1,0
BRDA:24,1,0,0
BRDA:24,1,1,0
BRDA:35,2,0,0
BRDA:35,2,1,0
BRDA:38,3,0,0
BRDA:38,3,1,0
BRDA:41,4,0,0
BRDA:41,4,1,0
BRDA:58,5,0,0
BRDA:58,5,1,0
BRDA:59,6,0,0
BRDA:59,6,1,0
BRDA:60,7,0,0
BRDA:60,7,1,0
BRDA:77,8,0,0
BRDA:77,8,1,0
BRF:18
BRH:0
end_of_record
TN:
SF:src/tools/create-epic-with-issues.ts
FN:34,handleCreateEpicWithIssues
FN:41,(anonymous_1)
FN:71,(anonymous_2)
FN:76,(anonymous_3)
FN:82,(anonymous_4)
FN:88,(anonymous_5)
FN:197,(anonymous_6)
FN:289,(anonymous_7)
FN:298,(anonymous_8)
FN:335,(anonymous_9)
FNF:10
FNH:0
FNDA:0,handleCreateEpicWithIssues
FNDA:0,(anonymous_1)
FNDA:0,(anonymous_2)
FNDA:0,(anonymous_3)
FNDA:0,(anonymous_4)
FNDA:0,(anonymous_5)
FNDA:0,(anonymous_6)
FNDA:0,(anonymous_7)
FNDA:0,(anonymous_8)
FNDA:0,(anonymous_9)
DA:38,0
DA:45,0
DA:46,0
DA:48,0
DA:55,0
DA:58,0
DA:65,0
DA:66,0
DA:67,0
DA:71,0
DA:72,0
DA:73,0
DA:76,0
DA:82,0
DA:83,0
DA:84,0
DA:85,0
DA:88,0
DA:94,0
DA:100,0
DA:102,0
DA:103,0
DA:111,0
DA:112,0
DA:116,0
DA:119,0
DA:120,0
DA:124,0
DA:125,0
DA:126,0
DA:132,0
DA:135,0
DA:139,0
DA:140,0
DA:141,0
DA:142,0
DA:150,0
DA:155,0
DA:157,0
DA:158,0
DA:159,0
DA:160,0
DA:168,0
DA:169,0
DA:173,0
DA:174,0
DA:178,0
DA:179,0
DA:183,0
DA:185,0
DA:186,0
DA:190,0
DA:191,0
DA:192,0
DA:193,0
DA:196,0
DA:198,0
DA:202,0
DA:203,0
DA:205,0
DA:211,0
DA:212,0
DA:219,0
DA:220,0
DA:223,0
DA:226,0
DA:227,0
DA:228,0
DA:234,0
DA:235,0
DA:238,0
DA:244,0
DA:252,0
DA:254,0
DA:255,0
DA:256,0
DA:261,0
DA:262,0
DA:263,0
DA:265,0
DA:268,0
DA:269,0
DA:270,0
DA:271,0
DA:272,0
DA:273,0
DA:274,0
DA:276,0
DA:279,0
DA:280,0
DA:281,0
DA:282,0
DA:284,0
DA:287,0
DA:288,0
DA:289,0
DA:290,0
DA:292,0
DA:296,0
DA:297,0
DA:298,0
DA:299,0
DA:301,0
DA:305,0
DA:306,0
DA:307,0
DA:308,0
DA:309,0
DA:310,0
DA:313,0
DA:322,0
DA:325,0
DA:326,0
DA:328,0
DA:329,0
DA:330,0
DA:331,0
DA:333,0
DA:334,0
DA:335,0
DA:336,0
DA:340,0
DA:344,0
DA:345,0
DA:346,0
DA:347,0
DA:348,0
DA:352,0
LF:128
LH:0
BRDA:46,0,0,0
BRDA:46,0,1,0
BRDA:66,1,0,0
BRDA:66,1,1,0
BRDA:72,2,0,0
BRDA:72,2,1,0
BRDA:84,3,0,0
BRDA:84,3,1,0
BRDA:107,4,0,0
BRDA:107,4,1,0
BRDA:111,5,0,0
BRDA:111,5,1,0
BRDA:119,6,0,0
BRDA:119,6,1,0
BRDA:135,7,0,0
BRDA:135,7,1,0
BRDA:136,8,0,0
BRDA:136,8,1,0
BRDA:164,9,0,0
BRDA:164,9,1,0
BRDA:168,10,0,0
BRDA:168,10,1,0
BRDA:173,11,0,0
BRDA:173,11,1,0
BRDA:178,12,0,0
BRDA:178,12,1,0
BRDA:178,13,0,0
BRDA:178,13,1,0
BRDA:183,14,0,0
BRDA:183,14,1,0
BRDA:190,15,0,0
BRDA:190,15,1,0
BRDA:192,16,0,0
BRDA:192,16,1,0
BRDA:198,17,0,0
BRDA:198,17,1,0
BRDA:198,17,2,0
BRDA:202,18,0,0
BRDA:202,18,1,0
BRDA:219,19,0,0
BRDA:219,19,1,0
BRDA:226,20,0,0
BRDA:226,20,1,0
BRDA:254,21,0,0
BRDA:254,21,1,0
BRDA:273,22,0,0
BRDA:273,22,1,0
BRDA:281,23,0,0
BRDA:281,23,1,0
BRDA:287,24,0,0
BRDA:287,24,1,0
BRDA:296,25,0,0
BRDA:296,25,1,0
BRDA:309,26,0,0
BRDA:309,26,1,0
BRDA:328,27,0,0
BRDA:328,27,1,0
BRDA:330,28,0,0
BRDA:330,28,1,0
BRDA:333,29,0,0
BRDA:333,29,1,0
BRDA:344,30,0,0
BRDA:344,30,1,0
BRDA:347,31,0,0
BRDA:347,31,1,0
BRF:65
BRH:0
end_of_record
TN:
SF:src/tools/create-epic.ts
FN:19,handleCreateEpic
FN:23,(anonymous_1)
FN:50,(anonymous_2)
FN:55,(anonymous_3)
FNF:4
FNH:0
FNDA:0,handleCreateEpic
FNDA:0,(anonymous_1)
FNDA:0,(anonymous_2)
FNDA:0,(anonymous_3)
DA:20,0
DA:24,0
DA:26,0
DA:28,0
DA:38,0
DA:45,0
DA:46,0
DA:47,0
DA:50,0
DA:51,0
DA:52,0
DA:55,0
DA:60,0
DA:72,0
DA:74,0
DA:75,0
DA:76,0
DA:82,0
DA:88,0
DA:91,0
DA:92,0
DA:97,0
DA:98,0
DA:102,0
DA:123,0
DA:126,0
DA:127,0
DA:128,0
DA:130,0
DA:131,0
DA:135,0
DA:157,0
DA:158,0
DA:170,0
DA:171,0
LF:35
LH:0
BRDA:26,0,0,0
BRDA:26,0,1,0
BRDA:46,1,0,0
BRDA:46,1,1,0
BRDA:51,2,0,0
BRDA:51,2,1,0
BRDA:68,3,0,0
BRDA:68,3,1,0
BRDA:72,4,0,0
BRDA:72,4,1,0
BRDA:91,5,0,0
BRDA:91,5,1,0
BRDA:113,6,0,0
BRDA:113,6,1,0
BRDA:114,7,0,0
BRDA:114,7,1,0
BRDA:114,8,0,0
BRDA:114,8,1,0
BRDA:126,9,0,0
BRDA:126,9,1,0
BRDA:126,10,0,0
BRDA:126,10,1,0
BRDA:145,11,0,0
BRDA:145,11,1,0
BRDA:146,12,0,0
BRDA:146,12,1,0
BRDA:146,13,0,0
BRDA:146,13,1,0
BRF:28
BRH:0
end_of_record
TN:
SF:src/tools/create-filter.ts
FN:8,handleCreateFilter
FN:9,(anonymous_1)
FN:63,(anonymous_2)
FN:75,(anonymous_3)
FNF:4
FNH:0
FNDA:0,handleCreateFilter
FNDA:0,(anonymous_1)
FNDA:0,(anonymous_2)
FNDA:0,(anonymous_3)
DA:9,0
DA:10,0
DA:11,0
DA:19,0
DA:20,0
DA:22,0
DA:23,0
DA:26,0
DA:28,0
DA:31,0
DA:35,0
DA:37,0
DA:64,0
DA:76,0
DA:100,0
LF:15
LH:0
BRDA:13,0,0,0
BRDA:13,0,1,0
BRDA:15,1,0,0
BRDA:15,1,1,0
BRDA:19,2,0,0
BRDA:19,2,1,0
BRDA:22,3,0,0
BRDA:22,3,1,0
BRDA:46,4,0,0
BRDA:46,4,1,0
BRDA:48,5,0,0
BRDA:48,5,1,0
BRDA:49,6,0,0
BRDA:49,6,1,0
BRDA:50,7,0,0
BRDA:50,7,1,0
BRDA:53,8,0,0
BRDA:53,8,1,0
BRDA:54,9,0,0
BRDA:54,9,1,0
BRDA:60,10,0,0
BRDA:60,10,1,0
BRDA:60,11,0,0
BRDA:60,11,1,0
BRDA:64,12,0,0
BRDA:64,12,1,0
BRDA:64,12,2,0
BRDA:64,12,3,0
BRDA:72,13,0,0
BRDA:72,13,1,0
BRDA:72,14,0,0
BRDA:72,14,1,0
BRDA:76,15,0,0
BRDA:76,15,1,0
BRDA:76,15,2,0
BRDA:76,15,3,0
BRDA:104,16,0,0
BRDA:104,16,1,0
BRF:38
BRH:0
end_of_record
TN:
SF:src/tools/create-issue.ts
FN:12,handleCreateIssue
FN:16,(anonymous_1)
FN:77,(anonymous_2)
FN:83,(anonymous_3)
FN:94,(anonymous_4)
FN:175,(anonymous_5)
FN:177,(anonymous_6)
FN:183,(anonymous_7)
FNF:8
FNH:0
FNDA:0,handleCreateIssue
FNDA:0,(anonymous_1)
FNDA:0,(anonymous_2)
FNDA:0,(anonymous_3)
FNDA:0,(anonymous_4)
FNDA:0,(anonymous_5)
FNDA:0,(anonymous_6)
FNDA:0,(anonymous_7)
DA:13,0
DA:18,0
DA:30,0
DA:33,0
DA:35,0
DA:37,0
DA:38,0
DA:44,0
DA:48,0
DA:62,0
DA:69,0
DA:71,0
DA:72,0
DA:73,0
DA:76,0
DA:77,0
DA:79,0
DA:80,0
DA:83,0
DA:89,0
DA:91,0
DA:93,0
DA:94,0
DA:95,0
DA:98,0
DA:100,0
DA:101,0
DA:103,0
DA:107,0
DA:108,0
DA:111,0
DA:123,0
DA:125,0
DA:126,0
DA:127,0
DA:133,0
DA:137,0
DA:138,0
DA:141,0
DA:145,0
DA:147,0
DA:148,0
DA:149,0
DA:152,0
DA:153,0
DA:158,0
DA:159,0
DA:160,0
DA:161,0
DA:164,0
DA:170,0
DA:174,0
DA:175,0
DA:177,0
DA:180,0
DA:181,0
DA:183,0
DA:188,0
DA:189,0
DA:190,0
DA:197,0
DA:199,0
DA:207,0
DA:209,0
DA:210,0
DA:214,0
DA:218,0
DA:219,0
DA:220,0
DA:224,0
DA:225,0
DA:228,0
DA:236,0
DA:237,0
DA:238,0
DA:240,0
DA:247,0
DA:248,0
DA:249,0
DA:251,0
DA:256,0
DA:260,0
DA:269,0
DA:270,0
DA:274,0
DA:276,0
DA:277,0
DA:278,0
DA:281,0
DA:284,0
DA:289,0
DA:291,0
DA:292,0
DA:293,0
DA:297,0
DA:298,0
DA:299,0
DA:303,0
DA:304,0
DA:307,0
DA:315,0
DA:316,0
DA:317,0
DA:319,0
DA:326,0
DA:327,0
DA:328,0
DA:330,0
DA:334,0
DA:338,0
LF:110
LH:0
BRDA:18,0,0,0
BRDA:18,0,1,0
BRDA:33,1,0,0
BRDA:33,1,1,0
BRDA:35,2,0,0
BRDA:35,2,1,0
BRDA:37,3,0,0
BRDA:37,3,1,0
BRDA:72,4,0,0
BRDA:72,4,1,0
BRDA:79,5,0,0
BRDA:79,5,1,0
BRDA:91,6,0,0
BRDA:91,6,1,0
BRDA:91,7,0,0
BRDA:91,7,1,0
BRDA:98,8,0,0
BRDA:98,8,1,0
BRDA:107,9,0,0
BRDA:107,9,1,0
BRDA:119,10,0,0
BRDA:119,10,1,0
BRDA:123,11,0,0
BRDA:123,11,1,0
BRDA:137,12,0,0
BRDA:137,12,1,0
BRDA:145,13,0,0
BRDA:145,13,1,0
BRDA:147,14,0,0
BRDA:147,14,1,0
BRDA:158,15,0,0
BRDA:158,15,1,0
BRDA:158,16,0,0
BRDA:158,16,1,0
BRDA:166,17,0,0
BRDA:166,17,1,0
BRDA:174,18,0,0
BRDA:174,18,1,0
BRDA:180,19,0,0
BRDA:180,19,1,0
BRDA:189,20,0,0
BRDA:189,20,1,0
BRDA:209,21,0,0
BRDA:209,21,1,0
BRDA:209,22,0,0
BRDA:209,22,1,0
BRDA:218,23,0,0
BRDA:218,23,1,0
BRDA:224,24,0,0
BRDA:224,24,1,0
BRDA:237,25,0,0
BRDA:237,25,1,0
BRDA:247,26,0,0
BRDA:247,26,1,0
BRDA:274,27,0,0
BRDA:274,27,1,0
BRDA:276,28,0,0
BRDA:276,28,1,0
BRDA:291,29,0,0
BRDA:291,29,1,0
BRDA:291,30,0,0
BRDA:291,30,1,0
BRDA:297,31,0,0
BRDA:297,31,1,0
BRDA:303,32,0,0
BRDA:303,32,1,0
BRDA:316,33,0,0
BRDA:316,33,1,0
BRDA:326,34,0,0
BRDA:326,34,1,0
BRF:70
BRH:0
end_of_record
TN:
SF:src/tools/create-plan.ts
FN:55,handleCreatePlan
FN:56,(anonymous_1)
FN:111,(anonymous_2)
FN:141,(anonymous_3)
FN:152,(anonymous_4)
FN:164,(anonymous_5)
FNF:6
FNH:0
FNDA:0,handleCreatePlan
FNDA:0,(anonymous_1)
FNDA:0,(anonymous_2)
FNDA:0,(anonymous_3)
FNDA:0,(anonymous_4)
FNDA:0,(anonymous_5)
DA:56,0
DA:57,0
DA:58,0
DA:64,0
DA:65,0
DA:68,0
DA:69,0
DA:72,0
DA:73,0
DA:76,0
DA:77,0
DA:80,0
DA:81,0
DA:84,0
DA:85,0
DA:88,0
DA:89,0
DA:90,0
DA:93,0
DA:95,0
DA:97,0
DA:111,0
DA:141,0
DA:153,0
DA:165,0
DA:184,0
DA:185,0
DA:211,0
LF:28
LH:0
BRDA:64,0,0,0
BRDA:64,0,1,0
BRDA:68,1,0,0
BRDA:68,1,1,0
BRDA:72,2,0,0
BRDA:72,2,1,0
BRDA:76,3,0,0
BRDA:76,3,1,0
BRDA:80,4,0,0
BRDA:80,4,1,0
BRDA:84,5,0,0
BRDA:84,5,1,0
BRDA:89,6,0,0
BRDA:89,6,1,0
BRDA:106,7,0,0
BRDA:106,7,1,0
BRDA:115,8,0,0
BRDA:115,8,1,0
BRDA:117,9,0,0
BRDA:117,9,1,0
BRDA:118,10,0,0
BRDA:118,10,1,0
BRDA:119,11,0,0
BRDA:119,11,1,0
BRDA:120,12,0,0
BRDA:120,12,1,0
BRDA:121,13,0,0
BRDA:121,13,1,0
BRDA:126,14,0,0
BRDA:126,14,1,0
BRDA:128,15,0,0
BRDA:128,15,1,0
BRDA:129,16,0,0
BRDA:129,16,1,0
BRDA:130,17,0,0
BRDA:130,17,1,0
BRDA:131,18,0,0
BRDA:131,18,1,0
BRDA:132,19,0,0
BRDA:132,19,1,0
BRDA:137,20,0,0
BRDA:137,20,1,0
BRDA:148,21,0,0
BRDA:148,21,1,0
BRDA:153,22,0,0
BRDA:153,22,1,0
BRDA:160,23,0,0
BRDA:160,23,1,0
BRDA:184,24,0,0
BRDA:184,24,1,0
BRDA:184,25,0,0
BRDA:184,25,1,0
BRDA:215,26,0,0
BRDA:215,26,1,0
BRF:54
BRH:0
end_of_record
TN:
SF:src/tools/create-sprint.ts
FN:19,handleCreateSprint
FN:23,(anonymous_1)
FN:87,(anonymous_2)
FNF:3
FNH:0
FNDA:0,handleCreateSprint
FNDA:0,(anonymous_1)
FNDA:0,(anonymous_2)
DA:20,0
DA:24,0
DA:26,0
DA:28,0
DA:39,0
DA:41,0
DA:46,0
DA:47,0
DA:48,0
DA:50,0
DA:51,0
DA:52,0
DA:54,0
DA:74,0
DA:75,0
DA:76,0
DA:78,0
DA:80,0
DA:81,0
DA:82,0
DA:83,0
DA:85,0
DA:86,0
DA:87,0
DA:89,0
DA:93,0
DA:94,0
DA:101,0
LF:28
LH:0
BRDA:26,0,0,0
BRDA:26,0,1,0
BRDA:39,1,0,0
BRDA:39,1,1,0
BRDA:46,2,0,0
BRDA:46,2,1,0
BRDA:47,3,0,0
BRDA:47,3,1,0
BRDA:48,4,0,0
BRDA:48,4,1,0
BRDA:65,5,0,0
BRDA:65,5,1,0
BRDA:66,6,0,0
BRDA:66,6,1,0
BRDA:67,7,0,0
BRDA:67,7,1,0
BRDA:78,8,0,0
BRDA:78,8,1,0
BRDA:80,9,0,0
BRDA:80,9,1,0
BRDA:82,10,0,0
BRDA:82,10,1,0
BRDA:85,11,0,0
BRDA:85,11,1,0
BRDA:93,12,0,0
BRDA:93,12,1,0
BRDA:93,13,0,0
BRDA:93,13,1,0
BRDA:97,14,0,0
BRDA:97,14,1,0
BRF:30
BRH:0
end_of_record
TN:
SF:src/tools/create-version.ts
FN:8,handleCreateVersion
FN:12,(anonymous_1)
FNF:2
FNH:0
FNDA:0,handleCreateVersion
FNDA:0,(anonymous_1)
DA:9,0
DA:13,0
DA:14,0
DA:20,0
DA:21,0
DA:23,0
DA:24,0
DA:26,0
DA:27,0
DA:29,0
DA:30,0
DA:32,0
DA:33,0
DA:36,0
DA:38,0
DA:40,0
DA:59,0
LF:17
LH:0
BRDA:20,0,0,0
BRDA:20,0,1,0
BRDA:23,1,0,0
BRDA:23,1,1,0
BRDA:26,2,0,0
BRDA:26,2,1,0
BRDA:29,3,0,0
BRDA:29,3,1,0
BRDA:32,4,0,0
BRDA:32,4,1,0
BRDA:49,5,0,0
BRDA:49,5,1,0
BRDA:50,6,0,0
BRDA:50,6,1,0
BRDA:51,7,0,0
BRDA:51,7,1,0
BRDA:52,8,0,0
BRDA:52,8,1,0
BRDA:52,9,0,0
BRDA:52,9,1,0
BRDA:63,10,0,0
BRDA:63,10,1,0
BRF:22
BRH:0
end_of_record
TN:
SF:src/tools/delete-issue.ts
FN:8,handleDeleteIssue
FN:12,(anonymous_1)
FNF:2
FNH:0
FNDA:0,handleDeleteIssue
FNDA:0,(anonymous_1)
DA:9,0
DA:13,0
DA:15,0
DA:17,0
DA:26,0
DA:27,0
DA:54,0
DA:55,0
DA:79,0
LF:9
LH:0
BRDA:26,0,0,0
BRDA:26,0,1,0
BRDA:54,1,0,0
BRDA:54,1,1,0
BRF:4
BRH:0
end_of_record
TN:
SF:src/tools/detect-project-fields.ts
FN:45,detectProjectFields
FN:52,(anonymous_1)
FN:71,(anonymous_2)
FN:91,(anonymous_3)
FN:110,(anonymous_4)
FNF:5
FNH:0
FNDA:0,detectProjectFields
FNDA:0,(anonymous_1)
FNDA:0,(anonymous_2)
FNDA:0,(anonymous_3)
FNDA:0,(anonymous_4)
DA:5,1
DA:49,0
DA:53,0
DA:60,0
DA:61,0
DA:62,0
DA:64,0
DA:67,0
DA:70,0
DA:72,0
DA:77,0
DA:78,0
DA:82,0
DA:90,0
DA:92,0
DA:96,0
DA:97,0
DA:101,0
DA:109,0
DA:111,0
DA:115,0
DA:116,0
DA:120,0
DA:128,0
DA:131,0
DA:133,0
DA:134,0
DA:135,0
DA:136,0
DA:137,0
DA:138,0
DA:139,0
DA:140,0
DA:142,0
DA:144,0
DA:145,0
DA:147,0
DA:148,0
DA:150,0
DA:151,0
DA:154,0
DA:155,0
DA:156,0
DA:158,0
DA:159,0
DA:161,0
DA:162,0
DA:164,0
DA:165,0
DA:168,0
DA:169,0
DA:170,0
DA:171,0
DA:172,0
DA:173,0
DA:174,0
DA:175,0
DA:176,0
DA:177,0
DA:179,0
DA:180,0
DA:182,0
DA:183,0
DA:185,0
DA:186,0
DA:189,0
DA:190,0
DA:191,0
DA:192,0
DA:193,0
DA:194,0
DA:195,0
DA:197,0
DA:198,0
DA:200,0
DA:201,0
DA:203,0
DA:204,0
DA:207,0
DA:208,0
DA:209,0
DA:212,0
DA:213,0
DA:219,1
LF:84
LH:2
BRDA:72,0,0,0
BRDA:72,0,1,0
BRDA:72,0,2,0
BRDA:77,1,0,0
BRDA:77,1,1,0
BRDA:92,2,0,0
BRDA:92,2,1,0
BRDA:96,3,0,0
BRDA:96,3,1,0
BRDA:111,4,0,0
BRDA:111,4,1,0
BRDA:115,5,0,0
BRDA:115,5,1,0
BRDA:128,6,0,0
BRDA:128,6,1,0
BRDA:133,7,0,0
BRDA:133,7,1,0
BRDA:144,8,0,0
BRDA:144,8,1,0
BRDA:147,9,0,0
BRDA:147,9,1,0
BRDA:150,10,0,0
BRDA:150,10,1,0
BRDA:158,11,0,0
BRDA:158,11,1,0
BRDA:161,12,0,0
BRDA:161,12,1,0
BRDA:164,13,0,0
BRDA:164,13,1,0
BRDA:179,14,0,0
BRDA:179,14,1,0
BRDA:182,15,0,0
BRDA:182,15,1,0
BRDA:185,16,0,0
BRDA:185,16,1,0
BRDA:197,17,0,0
BRDA:197,17,1,0
BRDA:200,18,0,0
BRDA:200,18,1,0
BRDA:203,19,0,0
BRDA:203,19,1,0
BRF:41
BRH:0
end_of_record
TN:
SF:src/tools/duplicate-plan.ts
FN:19,handleDuplicatePlan
FN:20,(anonymous_1)
FN:52,(anonymous_2)
FNF:3
FNH:0
FNDA:0,handleDuplicatePlan
FNDA:0,(anonymous_1)
FNDA:0,(anonymous_2)
DA:20,0
DA:21,0
DA:23,0
DA:28,0
DA:29,0
DA:31,0
DA:32,0
DA:34,0
DA:35,0
DA:37,0
DA:38,0
DA:40,0
DA:41,0
DA:44,0
DA:49,0
DA:52,0
DA:53,0
DA:56,0
DA:57,0
DA:58,0
DA:59,0
DA:60,0
DA:62,0
DA:202,0
DA:203,0
DA:233,0
DA:234,0
DA:271,0
DA:272,0
DA:313,0
DA:314,0
DA:348,0
LF:32
LH:0
BRDA:28,0,0,0
BRDA:28,0,1,0
BRDA:31,1,0,0
BRDA:31,1,1,0
BRDA:34,2,0,0
BRDA:34,2,1,0
BRDA:37,3,0,0
BRDA:37,3,1,0
BRDA:40,4,0,0
BRDA:40,4,1,0
BRDA:52,5,0,0
BRDA:53,6,0,0
BRDA:53,6,1,0
BRDA:86,7,0,0
BRDA:86,7,1,0
BRDA:87,8,0,0
BRDA:87,8,1,0
BRDA:88,9,0,0
BRDA:88,9,1,0
BRDA:89,10,0,0
BRDA:89,10,1,0
BRDA:90,11,0,0
BRDA:90,11,1,0
BRDA:119,12,0,0
BRDA:119,12,1,0
BRDA:131,13,0,0
BRDA:131,13,1,0
BRDA:202,14,0,0
BRDA:202,14,1,0
BRDA:233,15,0,0
BRDA:233,15,1,0
BRDA:271,16,0,0
BRDA:271,16,1,0
BRDA:287,17,0,0
BRDA:287,17,1,0
BRDA:313,18,0,0
BRDA:313,18,1,0
BRDA:328,19,0,0
BRDA:328,19,1,0
BRDA:352,20,0,0
BRDA:352,20,1,0
BRF:41
BRH:0
end_of_record
TN:
SF:src/tools/estimate-issue.ts
FN:9,handleEstimateIssue
FN:13,(anonymous_1)
FNF:2
FNH:0
FNDA:0,handleEstimateIssue
FNDA:0,(anonymous_1)
DA:10,0
DA:14,0
DA:19,0
DA:20,0
DA:24,0
DA:39,0
DA:41,0
DA:42,0
DA:45,0
DA:46,0
DA:52,0
LF:11
LH:0
BRDA:41,0,0,0
BRDA:41,0,1,0
BRDA:45,1,0,0
BRDA:45,1,1,0
BRDA:48,2,0,0
BRDA:48,2,1,0
BRDA:54,3,0,0
BRDA:54,3,1,0
BRF:8
BRH:0
end_of_record
TN:
SF:src/tools/get-board-configuration.ts
FN:13,handleGetBoardConfiguration
FN:20,(anonymous_1)
FN:69,(anonymous_2)
FN:101,(anonymous_3)
FNF:4
FNH:0
FNDA:0,handleGetBoardConfiguration
FNDA:0,(anonymous_1)
FNDA:0,(anonymous_2)
FNDA:0,(anonymous_3)
DA:17,0
DA:21,0
DA:23,0
DA:25,0
DA:27,0
DA:28,0
DA:31,0
DA:32,0
DA:35,0
DA:36,0
DA:37,0
DA:40,0
DA:42,0
DA:45,0
DA:70,0
DA:101,0
DA:112,0
DA:114,0
DA:115,0
DA:118,0
LF:20
LH:0
BRDA:40,0,0,0
BRDA:40,0,1,0
BRDA:54,1,0,0
BRDA:54,1,1,0
BRDA:54,1,2,0
BRDA:55,2,0,0
BRDA:55,2,1,0
BRDA:61,3,0,0
BRDA:61,3,1,0
BRDA:64,4,0,0
BRDA:64,4,1,0
BRDA:67,5,0,0
BRDA:67,5,1,0
BRDA:70,6,0,0
BRDA:70,6,1,0
BRDA:70,7,0,0
BRDA:70,7,1,0
BRDA:70,8,0,0
BRDA:70,8,1,0
BRDA:75,9,0,0
BRDA:75,9,1,0
BRDA:81,10,0,0
BRDA:81,10,1,0
BRDA:84,11,0,0
BRDA:84,11,1,0
BRDA:90,12,0,0
BRDA:90,12,1,0
BRDA:98,13,0,0
BRDA:98,13,1,0
BRDA:114,14,0,0
BRDA:114,14,1,0
BRDA:120,15,0,0
BRDA:120,15,1,0
BRF:33
BRH:0
end_of_record
TN:
SF:src/tools/get-board-cumulative-flow.ts
FN:14,handleGetBoardCumulativeFlow
FN:21,(anonymous_1)
FN:61,(anonymous_2)
FN:65,(anonymous_3)
FN:77,(anonymous_4)
FN:110,(anonymous_5)
FN:117,(anonymous_6)
FN:129,(anonymous_7)
FN:132,(anonymous_8)
FN:135,(anonymous_9)
FN:151,(anonymous_10)
FN:169,(anonymous_11)
FN:179,(anonymous_12)
FN:183,(anonymous_13)
FNF:14
FNH:0
FNDA:0,handleGetBoardCumulativeFlow
FNDA:0,(anonymous_1)
FNDA:0,(anonymous_2)
FNDA:0,(anonymous_3)
FNDA:0,(anonymous_4)
FNDA:0,(anonymous_5)
FNDA:0,(anonymous_6)
FNDA:0,(anonymous_7)
FNDA:0,(anonymous_8)
FNDA:0,(anonymous_9)
FNDA:0,(anonymous_10)
FNDA:0,(anonymous_11)
FNDA:0,(anonymous_12)
FNDA:0,(anonymous_13)
DA:18,0
DA:22,0
DA:24,0
DA:28,0
DA:30,0
DA:31,0
DA:34,0
DA:35,0
DA:38,0
DA:41,0
DA:43,0
DA:44,0
DA:57,0
DA:58,0
DA:61,0
DA:62,0
DA:65,0
DA:70,0
DA:77,0
DA:78,0
DA:79,0
DA:82,0
DA:83,0
DA:84,0
DA:85,0
DA:86,0
DA:87,0
DA:88,0
DA:89,0
DA:94,0
DA:95,0
DA:96,0
DA:97,0
DA:98,0
DA:104,0
DA:105,0
DA:109,0
DA:110,0
DA:111,0
DA:112,0
DA:116,0
DA:117,0
DA:118,0
DA:119,0
DA:128,0
DA:129,0
DA:131,0
DA:132,0
DA:134,0
DA:135,0
DA:138,0
DA:152,0
DA:153,0
DA:170,0
DA:179,0
DA:184,0
DA:185,0
DA:195,0
DA:197,0
DA:198,0
DA:201,0
LF:61
LH:0
BRDA:41,0,0,0
BRDA:41,0,1,0
BRDA:43,1,0,0
BRDA:43,1,1,0
BRDA:58,2,0,0
BRDA:58,2,1,0
BRDA:65,3,0,0
BRDA:65,3,1,0
BRDA:79,4,0,0
BRDA:79,4,1,0
BRDA:79,4,2,0
BRDA:85,5,0,0
BRDA:85,5,1,0
BRDA:94,6,0,0
BRDA:94,6,1,0
BRDA:97,7,0,0
BRDA:97,7,1,0
BRDA:104,8,0,0
BRDA:104,8,1,0
BRDA:111,9,0,0
BRDA:111,9,1,0
BRDA:111,9,2,0
BRDA:118,10,0,0
BRDA:118,10,1,0
BRDA:121,11,0,0
BRDA:121,11,1,0
BRDA:122,12,0,0
BRDA:122,12,1,0
BRDA:152,13,0,0
BRDA:152,13,1,0
BRDA:165,14,0,0
BRDA:165,14,1,0
BRDA:170,15,0,0
BRDA:170,15,1,0
BRDA:177,16,0,0
BRDA:177,16,1,0
BRDA:179,17,0,0
BRDA:179,17,1,0
BRDA:184,18,0,0
BRDA:184,18,1,0
BRDA:185,19,0,0
BRDA:185,19,1,0
BRDA:185,20,0,0
BRDA:185,20,1,0
BRDA:197,21,0,0
BRDA:197,21,1,0
BRDA:203,22,0,0
BRDA:203,22,1,0
BRF:48
BRH:0
end_of_record
TN:
SF:src/tools/get-board-reports.ts
FN:13,handleGetBoardReports
FN:17,(anonymous_1)
FN:41,(anonymous_2)
FN:47,(anonymous_3)
FN:56,(anonymous_4)
FN:69,(anonymous_5)
FN:84,(anonymous_6)
FN:89,(anonymous_7)
FN:100,(anonymous_8)
FNF:9
FNH:0
FNDA:0,handleGetBoardReports
FNDA:0,(anonymous_1)
FNDA:0,(anonymous_2)
FNDA:0,(anonymous_3)
FNDA:0,(anonymous_4)
FNDA:0,(anonymous_5)
FNDA:0,(anonymous_6)
FNDA:0,(anonymous_7)
FNDA:0,(anonymous_8)
DA:14,0
DA:18,0
DA:20,0
DA:22,0
DA:24,0
DA:25,0
DA:28,0
DA:31,0
DA:34,0
DA:37,0
DA:40,0
DA:41,0
DA:42,0
DA:43,0
DA:44,0
DA:47,0
DA:48,0
DA:49,0
DA:50,0
DA:54,0
DA:55,0
DA:56,0
DA:57,0
DA:58,0
DA:59,0
DA:60,0
DA:61,0
DA:67,0
DA:70,0
DA:73,0
DA:76,0
DA:77,0
DA:83,0
DA:84,0
DA:88,0
DA:89,0
DA:94,0
DA:100,0
DA:106,0
DA:137,0
DA:139,0
DA:140,0
DA:143,0
LF:43
LH:0
BRDA:31,0,0,0
BRDA:31,0,1,0
BRDA:37,1,0,0
BRDA:37,1,1,0
BRDA:43,2,0,0
BRDA:43,2,1,0
BRDA:49,3,0,0
BRDA:49,3,1,0
BRDA:57,4,0,0
BRDA:57,4,1,0
BRDA:57,4,2,0
BRDA:59,5,0,0
BRDA:59,5,1,0
BRDA:61,6,0,0
BRDA:61,6,1,0
BRDA:67,7,0,0
BRDA:67,7,1,0
BRDA:70,8,0,0
BRDA:70,8,1,0
BRDA:73,9,0,0
BRDA:73,9,1,0
BRDA:76,10,0,0
BRDA:76,10,1,0
BRDA:94,11,0,0
BRDA:94,11,1,0
BRDA:129,12,0,0
BRDA:129,12,1,0
BRDA:139,13,0,0
BRDA:139,13,1,0
BRDA:145,14,0,0
BRDA:145,14,1,0
BRF:31
BRH:0
end_of_record
TN:
SF:src/tools/get-burndown-chart-data.ts
FN:14,handleGetBurndownChartData
FN:21,(anonymous_1)
FN:54,(anonymous_2)
FN:66,(anonymous_3)
FN:156,(anonymous_4)
FNF:5
FNH:0
FNDA:0,handleGetBurndownChartData
FNDA:0,(anonymous_1)
FNDA:0,(anonymous_2)
FNDA:0,(anonymous_3)
FNDA:0,(anonymous_4)
DA:18,0
DA:22,0
DA:24,0
DA:28,0
DA:30,0
DA:31,0
DA:34,0
DA:35,0
DA:37,0
DA:38,0
DA:51,0
DA:52,0
DA:54,0
DA:55,0
DA:56,0
DA:57,0
DA:62,0
DA:63,0
DA:64,0
DA:66,0
DA:67,0
DA:68,0
DA:69,0
DA:71,0
DA:72,0
DA:73,0
DA:75,0
DA:76,0
DA:81,0
DA:82,0
DA:85,0
DA:87,0
DA:90,0
DA:94,0
DA:97,0
DA:98,0
DA:101,0
DA:104,0
DA:105,0
DA:106,0
DA:108,0
DA:110,0
DA:111,0
DA:112,0
DA:113,0
DA:118,0
DA:120,0
DA:121,0
DA:123,0
DA:157,0
DA:158,0
DA:159,0
DA:160,0
DA:161,0
DA:163,0
DA:173,0
DA:175,0
DA:176,0
DA:179,0
LF:59
LH:0
BRDA:35,0,0,0
BRDA:35,0,1,0
BRDA:37,1,0,0
BRDA:37,1,1,0
BRDA:55,2,0,0
BRDA:55,2,1,0
BRDA:55,2,2,0
BRDA:56,3,0,0
BRDA:56,3,1,0
BRDA:68,4,0,0
BRDA:68,4,1,0
BRDA:71,5,0,0
BRDA:71,5,1,0
BRDA:71,5,2,0
BRDA:72,6,0,0
BRDA:72,6,1,0
BRDA:75,7,0,0
BRDA:75,7,1,0
BRDA:82,8,0,0
BRDA:82,8,1,0
BRDA:97,9,0,0
BRDA:97,9,1,0
BRDA:105,10,0,0
BRDA:105,10,1,0
BRDA:105,11,0,0
BRDA:105,11,1,0
BRDA:108,12,0,0
BRDA:108,12,1,0
BRDA:110,13,0,0
BRDA:110,13,1,0
BRDA:112,14,0,0
BRDA:112,14,1,0
BRDA:118,15,0,0
BRDA:118,15,1,0
BRDA:120,16,0,0
BRDA:120,16,1,0
BRDA:147,17,0,0
BRDA:147,17,1,0
BRDA:163,18,0,0
BRDA:163,18,1,0
BRDA:163,19,0,0
BRDA:163,19,1,0
BRDA:165,20,0,0
BRDA:165,20,1,0
BRDA:175,21,0,0
BRDA:175,21,1,0
BRDA:181,22,0,0
BRDA:181,22,1,0
BRF:48
BRH:0
end_of_record
TN:
SF:src/tools/get-component-progress.ts
FN:14,handleGetComponentProgress
FN:21,(anonymous_1)
FN:55,(anonymous_2)
FN:84,(anonymous_3)
FN:112,(anonymous_4)
FN:113,(anonymous_5)
FN:118,(anonymous_6)
FN:119,(anonymous_7)
FN:124,(anonymous_8)
FN:125,(anonymous_9)
FN:130,(anonymous_10)
FN:132,(anonymous_11)
FNF:12
FNH:0
FNDA:0,handleGetComponentProgress
FNDA:0,(anonymous_1)
FNDA:0,(anonymous_2)
FNDA:0,(anonymous_3)
FNDA:0,(anonymous_4)
FNDA:0,(anonymous_5)
FNDA:0,(anonymous_6)
FNDA:0,(anonymous_7)
FNDA:0,(anonymous_8)
FNDA:0,(anonymous_9)
FNDA:0,(anonymous_10)
FNDA:0,(anonymous_11)
DA:18,0
DA:22,0
DA:24,0
DA:25,0
DA:28,0
DA:30,0
DA:31,0
DA:38,0
DA:44,0
DA:47,0
DA:48,0
DA:49,0
DA:50,0
DA:52,0
DA:53,0
DA:55,0
DA:56,0
DA:57,0
DA:58,0
DA:59,0
DA:61,0
DA:62,0
DA:63,0
DA:64,0
DA:67,0
DA:72,0
DA:78,0
DA:81,0
DA:82,0
DA:83,0
DA:84,0
DA:87,0
DA:112,0
DA:113,0
DA:118,0
DA:119,0
DA:124,0
DA:125,0
DA:130,0
DA:132,0
DA:151,0
LF:41
LH:0
BRDA:22,0,0,0
BRDA:22,0,1,0
BRDA:24,1,0,0
BRDA:24,1,1,0
BRDA:57,2,0,0
BRDA:57,2,1,0
BRDA:58,3,0,0
BRDA:58,3,1,0
BRDA:61,4,0,0
BRDA:61,4,1,0
BRDA:62,5,0,0
BRDA:62,5,1,0
BRDA:63,6,0,0
BRDA:63,6,1,0
BRDA:64,7,0,0
BRDA:64,7,1,0
BRDA:67,8,0,0
BRDA:67,8,1,0
BRDA:68,9,0,0
BRDA:68,9,1,0
BRDA:68,9,2,0
BRDA:78,10,0,0
BRDA:78,10,1,0
BRDA:96,11,0,0
BRDA:96,11,1,0
BRDA:97,12,0,0
BRDA:97,12,1,0
BRDA:108,13,0,0
BRDA:108,13,1,0
BRDA:108,14,0,0
BRDA:108,14,1,0
BRDA:133,15,0,0
BRDA:133,15,1,0
BRDA:137,16,0,0
BRDA:137,16,1,0
BRDA:139,17,0,0
BRDA:139,17,1,0
BRDA:141,18,0,0
BRDA:141,18,1,0
BRDA:146,19,0,0
BRDA:146,19,1,0
BRDA:155,20,0,0
BRDA:155,20,1,0
BRF:43
BRH:0
end_of_record
TN:
SF:src/tools/get-issue-types.ts
FN:13,handleGetIssueTypes
FN:17,(anonymous_1)
FN:43,(anonymous_2)
FN:49,(anonymous_3)
FN:56,(anonymous_4)
FN:61,(anonymous_5)
FN:63,(anonymous_6)
FN:80,(anonymous_7)
FN:81,(anonymous_8)
FN:90,(anonymous_9)
FN:92,(anonymous_10)
FN:93,(anonymous_11)
FN:120,(anonymous_12)
FN:139,(anonymous_13)
FN:158,(anonymous_14)
FN:176,(anonymous_15)
FN:187,(anonymous_16)
FN:216,(anonymous_17)
FN:217,(anonymous_18)
FNF:19
FNH:0
FNDA:0,handleGetIssueTypes
FNDA:0,(anonymous_1)
FNDA:0,(anonymous_2)
FNDA:0,(anonymous_3)
FNDA:0,(anonymous_4)
FNDA:0,(anonymous_5)
FNDA:0,(anonymous_6)
FNDA:0,(anonymous_7)
FNDA:0,(anonymous_8)
FNDA:0,(anonymous_9)
FNDA:0,(anonymous_10)
FNDA:0,(anonymous_11)
FNDA:0,(anonymous_12)
FNDA:0,(anonymous_13)
FNDA:0,(anonymous_14)
FNDA:0,(anonymous_15)
FNDA:0,(anonymous_16)
FNDA:0,(anonymous_17)
FNDA:0,(anonymous_18)
DA:14,0
DA:18,0
DA:20,0
DA:21,0
DA:23,0
DA:25,0
DA:26,0
DA:29,0
DA:33,0
DA:36,0
DA:43,0
DA:45,0
DA:48,0
DA:49,0
DA:50,0
DA:54,0
DA:56,0
DA:58,0
DA:61,0
DA:62,0
DA:63,0
DA:65,0
DA:80,0
DA:81,0
DA:89,0
DA:90,0
DA:92,0
DA:93,0
DA:96,0
DA:103,0
DA:121,0
DA:140,0
DA:159,0
DA:177,0
DA:188,0
DA:189,0
DA:191,0
DA:192,0
DA:193,0
DA:194,0
DA:195,0
DA:196,0
DA:197,0
DA:198,0
DA:199,0
DA:200,0
DA:202,0
DA:205,0
DA:216,0
DA:217,0
DA:224,0
LF:51
LH:0
BRDA:18,0,0,0
BRDA:18,0,1,0
BRDA:20,1,0,0
BRDA:20,1,1,0
BRDA:45,2,0,0
BRDA:45,2,1,0
BRDA:58,3,0,0
BRDA:58,3,1,0
BRDA:68,4,0,0
BRDA:68,4,1,0
BRDA:72,5,0,0
BRDA:72,5,1,0
BRDA:74,6,0,0
BRDA:74,6,1,0
BRDA:77,7,0,0
BRDA:77,7,1,0
BRDA:78,8,0,0
BRDA:78,8,1,0
BRDA:84,9,0,0
BRDA:84,9,1,0
BRDA:90,10,0,0
BRDA:90,10,1,0
BRDA:117,11,0,0
BRDA:117,11,1,0
BRDA:125,12,0,0
BRDA:125,12,1,0
BRDA:126,13,0,0
BRDA:126,13,1,0
BRDA:127,14,0,0
BRDA:127,14,1,0
BRDA:134,15,0,0
BRDA:134,15,1,0
BRDA:144,16,0,0
BRDA:144,16,1,0
BRDA:145,17,0,0
BRDA:145,17,1,0
BRDA:153,18,0,0
BRDA:153,18,1,0
BRDA:163,19,0,0
BRDA:163,19,1,0
BRDA:164,20,0,0
BRDA:164,20,1,0
BRDA:173,21,0,0
BRDA:173,21,1,0
BRDA:177,22,0,0
BRDA:177,22,1,0
BRDA:177,23,0,0
BRDA:177,23,1,0
BRDA:191,24,0,0
BRDA:191,24,1,0
BRDA:191,25,0,0
BRDA:191,25,1,0
BRDA:193,26,0,0
BRDA:193,26,1,0
BRDA:195,27,0,0
BRDA:195,27,1,0
BRDA:195,28,0,0
BRDA:195,28,1,0
BRDA:197,29,0,0
BRDA:197,29,1,0
BRDA:199,30,0,0
BRDA:199,30,1,0
BRDA:199,31,0,0
BRDA:199,31,1,0
BRDA:215,32,0,0
BRDA:215,32,1,0
BRDA:215,33,0,0
BRDA:215,33,1,0
BRDA:217,34,0,0
BRDA:217,34,1,0
BRDA:228,35,0,0
BRDA:228,35,1,0
BRF:72
BRH:0
end_of_record
TN:
SF:src/tools/get-issue.ts
FN:17,convertADFToMarkdown
FN:50,handleGetIssue
FN:54,(anonymous_2)
FN:136,(anonymous_3)
FN:163,(anonymous_4)
FN:249,(anonymous_5)
FNF:6
FNH:0
FNDA:0,convertADFToMarkdown
FNDA:0,handleGetIssue
FNDA:0,(anonymous_2)
FNDA:0,(anonymous_3)
FNDA:0,(anonymous_4)
FNDA:0,(anonymous_5)
DA:18,0
DA:21,0
DA:22,0
DA:26,0
DA:27,0
DA:30,0
DA:32,0
DA:35,0
DA:36,0
DA:37,0
DA:38,0
DA:40,0
DA:41,0
DA:44,0
DA:46,0
DA:51,0
DA:56,0
DA:57,0
DA:63,0
DA:66,0
DA:73,0
DA:74,0
DA:79,0
DA:88,0
DA:90,0
DA:91,0
DA:92,0
DA:93,0
DA:94,0
DA:96,0
DA:99,0
DA:103,0
DA:104,0
DA:105,0
DA:108,0
DA:111,0
DA:112,0
DA:113,0
DA:114,0
DA:115,0
DA:117,0
DA:120,0
DA:121,0
DA:122,0
DA:124,0
DA:127,0
DA:130,0
DA:131,0
DA:135,0
DA:136,0
DA:137,0
DA:141,0
DA:142,0
DA:146,0
DA:147,0
DA:148,0
DA:149,0
DA:150,0
DA:151,0
DA:153,0
DA:154,0
DA:156,0
DA:157,0
DA:163,0
DA:164,0
DA:165,0
DA:166,0
DA:167,0
DA:169,0
DA:170,0
DA:171,0
DA:172,0
DA:174,0
DA:178,0
DA:179,0
DA:180,0
DA:181,0
DA:182,0
DA:183,0
DA:185,0
DA:186,0
DA:187,0
DA:189,0
DA:190,0
DA:191,0
DA:197,0
DA:199,0
DA:200,0
DA:203,0
DA:204,0
DA:205,0
DA:206,0
DA:211,0
DA:213,0
DA:222,0
DA:225,0
DA:229,0
DA:231,0
DA:232,0
DA:234,0
DA:235,0
DA:239,0
DA:242,0
DA:243,0
DA:244,0
DA:245,0
DA:246,0
DA:247,0
DA:248,0
DA:250,0
DA:256,0
DA:258,0
DA:263,0
DA:270,0
DA:274,0
DA:276,0
DA:277,0
DA:284,0
DA:290,0
DA:291,0
DA:295,0
DA:296,0
DA:303,0
DA:304,0
DA:305,0
DA:306,0
DA:307,0
DA:308,0
DA:310,0
DA:313,0
DA:317,0
DA:318,0
DA:319,0
DA:323,0
DA:325,0
DA:330,0
DA:339,0
LF:137
LH:0
BRDA:18,0,0,0
BRDA:18,0,1,0
BRDA:21,1,0,0
BRDA:21,1,1,0
BRDA:26,2,0,0
BRDA:26,2,1,0
BRDA:35,3,0,0
BRDA:35,3,1,0
BRDA:35,4,0,0
BRDA:35,4,1,0
BRDA:36,5,0,0
BRDA:36,5,1,0
BRDA:37,6,0,0
BRDA:37,6,1,0
BRDA:38,7,0,0
BRDA:38,7,1,0
BRDA:69,8,0,0
BRDA:69,8,1,0
BRDA:70,9,0,0
BRDA:70,9,1,0
BRDA:90,10,0,0
BRDA:90,10,1,0
BRDA:92,11,0,0
BRDA:92,11,1,0
BRDA:94,12,0,0
BRDA:94,12,1,0
BRDA:103,13,0,0
BRDA:103,13,1,0
BRDA:111,14,0,0
BRDA:111,14,1,0
BRDA:113,15,0,0
BRDA:113,15,1,0
BRDA:115,16,0,0
BRDA:115,16,1,0
BRDA:120,17,0,0
BRDA:120,17,1,0
BRDA:130,18,0,0
BRDA:130,18,1,0
BRDA:130,19,0,0
BRDA:130,19,1,0
BRDA:135,20,0,0
BRDA:135,20,1,0
BRDA:135,21,0,0
BRDA:135,21,1,0
BRDA:136,22,0,0
BRDA:136,22,1,0
BRDA:141,23,0,0
BRDA:141,23,1,0
BRDA:146,24,0,0
BRDA:146,24,1,0
BRDA:146,25,0,0
BRDA:146,25,1,0
BRDA:148,26,0,0
BRDA:148,26,1,0
BRDA:148,27,0,0
BRDA:148,27,1,0
BRDA:148,27,2,0
BRDA:150,28,0,0
BRDA:150,28,1,0
BRDA:153,29,0,0
BRDA:153,29,1,0
BRDA:156,30,0,0
BRDA:156,30,1,0
BRDA:164,31,0,0
BRDA:164,31,1,0
BRDA:170,32,0,0
BRDA:170,32,1,0
BRDA:171,33,0,0
BRDA:171,33,1,0
BRDA:172,34,0,0
BRDA:172,34,1,0
BRDA:174,35,0,0
BRDA:174,35,1,0
BRDA:178,36,0,0
BRDA:178,36,1,0
BRDA:178,36,2,0
BRDA:179,37,0,0
BRDA:179,37,1,0
BRDA:181,38,0,0
BRDA:181,38,1,0
BRDA:185,39,0,0
BRDA:185,39,1,0
BRDA:189,40,0,0
BRDA:189,40,1,0
BRDA:205,41,0,0
BRDA:205,41,1,0
BRDA:205,42,0,0
BRDA:205,42,1,0
BRDA:213,43,0,0
BRDA:213,43,1,0
BRDA:214,44,0,0
BRDA:214,44,1,0
BRDA:214,44,2,0
BRDA:214,44,3,0
BRDA:214,44,4,0
BRDA:222,45,0,0
BRDA:222,45,1,0
BRDA:225,46,0,0
BRDA:225,46,1,0
BRDA:226,47,0,0
BRDA:226,47,1,0
BRDA:231,48,0,0
BRDA:231,48,1,0
BRDA:234,49,0,0
BRDA:234,49,1,0
BRDA:242,50,0,0
BRDA:242,50,1,0
BRDA:242,51,0,0
BRDA:242,51,1,0
BRDA:243,52,0,0
BRDA:243,52,1,0
BRDA:243,53,0,0
BRDA:243,53,1,0
BRDA:245,54,0,0
BRDA:245,54,1,0
BRDA:245,55,0,0
BRDA:245,55,1,0
BRDA:247,56,0,0
BRDA:247,56,1,0
BRDA:250,57,0,0
BRDA:250,57,1,0
BRDA:250,58,0,0
BRDA:250,58,1,0
BRDA:251,59,0,0
BRDA:251,59,1,0
BRDA:251,59,2,0
BRDA:251,59,3,0
BRDA:251,59,4,0
BRDA:258,60,0,0
BRDA:258,60,1,0
BRDA:259,61,0,0
BRDA:259,61,1,0
BRDA:277,62,0,0
BRDA:277,62,1,0
BRDA:278,63,0,0
BRDA:278,63,1,0
BRDA:278,63,2,0
BRDA:278,63,3,0
BRDA:278,63,4,0
BRDA:290,64,0,0
BRDA:290,64,1,0
BRDA:290,65,0,0
BRDA:290,65,1,0
BRDA:304,66,0,0
BRDA:304,66,1,0
BRDA:306,67,0,0
BRDA:306,67,1,0
BRDA:308,68,0,0
BRDA:308,68,1,0
BRDA:317,69,0,0
BRDA:317,69,1,0
BRDA:323,70,0,0
BRDA:323,70,1,0
BRDA:325,71,0,0
BRDA:325,71,1,0
BRDA:330,72,0,0
BRDA:330,72,1,0
BRF:157
BRH:0
end_of_record
TN:
SF:src/tools/get-plan-teams.ts
FN:13,handleGetPlanTeams
FN:14,(anonymous_1)
FN:21,(anonymous_2)
FN:52,(anonymous_3)
FN:56,(anonymous_4)
FN:66,(anonymous_5)
FN:70,(anonymous_6)
FN:82,(anonymous_7)
FN:85,(anonymous_8)
FN:88,(anonymous_9)
FN:115,(anonymous_10)
FN:137,(anonymous_11)
FN:159,(anonymous_12)
FN:196,(anonymous_13)
FN:199,(anonymous_14)
FN:202,(anonymous_15)
FNF:16
FNH:0
FNDA:0,handleGetPlanTeams
FNDA:0,(anonymous_1)
FNDA:0,(anonymous_2)
FNDA:0,(anonymous_3)
FNDA:0,(anonymous_4)
FNDA:0,(anonymous_5)
FNDA:0,(anonymous_6)
FNDA:0,(anonymous_7)
FNDA:0,(anonymous_8)
FNDA:0,(anonymous_9)
FNDA:0,(anonymous_10)
FNDA:0,(anonymous_11)
FNDA:0,(anonymous_12)
FNDA:0,(anonymous_13)
FNDA:0,(anonymous_14)
FNDA:0,(anonymous_15)
DA:14,0
DA:15,0
DA:16,0
DA:18,0
DA:21,0
DA:22,0
DA:24,0
DA:25,0
DA:26,0
DA:28,0
DA:29,0
DA:32,0
DA:33,0
DA:36,0
DA:37,0
DA:40,0
DA:41,0
DA:44,0
DA:45,0
DA:48,0
DA:52,0
DA:53,0
DA:55,0
DA:57,0
DA:58,0
DA:59,0
DA:60,0
DA:66,0
DA:67,0
DA:69,0
DA:71,0
DA:72,0
DA:73,0
DA:75,0
DA:81,0
DA:82,0
DA:84,0
DA:85,0
DA:87,0
DA:89,0
DA:96,0
DA:115,0
DA:137,0
DA:159,0
DA:196,0
DA:199,0
DA:202,0
DA:226,0
DA:227,0
DA:252,0
DA:253,0
DA:278,0
LF:52
LH:0
BRDA:26,0,0,0
BRDA:26,0,1,0
BRDA:28,1,0,0
BRDA:28,1,1,0
BRDA:32,2,0,0
BRDA:32,2,1,0
BRDA:33,3,0,0
BRDA:33,3,1,0
BRDA:36,4,0,0
BRDA:36,4,1,0
BRDA:36,5,0,0
BRDA:36,5,1,0
BRDA:40,6,0,0
BRDA:40,6,1,0
BRDA:40,7,0,0
BRDA:40,7,1,0
BRDA:44,8,0,0
BRDA:44,8,1,0
BRDA:53,9,0,0
BRDA:53,9,1,0
BRDA:53,10,0,0
BRDA:53,10,1,0
BRDA:57,11,0,0
BRDA:57,11,1,0
BRDA:58,12,0,0
BRDA:58,12,1,0
BRDA:59,13,0,0
BRDA:59,13,1,0
BRDA:67,14,0,0
BRDA:67,14,1,0
BRDA:67,15,0,0
BRDA:67,15,1,0
BRDA:71,16,0,0
BRDA:71,16,1,0
BRDA:72,17,0,0
BRDA:72,17,1,0
BRDA:82,18,0,0
BRDA:82,18,1,0
BRDA:85,19,0,0
BRDA:85,19,1,0
BRDA:85,19,2,0
BRDA:89,20,0,0
BRDA:89,20,1,0
BRDA:89,20,2,0
BRDA:89,20,3,0
BRDA:89,20,4,0
BRDA:109,21,0,0
BRDA:109,21,1,0
BRDA:118,22,0,0
BRDA:118,22,1,0
BRDA:131,23,0,0
BRDA:131,23,1,0
BRDA:140,24,0,0
BRDA:140,24,1,0
BRDA:153,25,0,0
BRDA:153,25,1,0
BRDA:162,26,0,0
BRDA:162,26,1,0
BRDA:175,27,0,0
BRDA:175,27,1,0
BRDA:194,28,0,0
BRDA:194,28,1,0
BRDA:196,29,0,0
BRDA:196,29,1,0
BRDA:199,30,0,0
BRDA:199,30,1,0
BRDA:202,31,0,0
BRDA:202,31,1,0
BRDA:226,32,0,0
BRDA:226,32,1,0
BRDA:252,33,0,0
BRDA:252,33,1,0
BRDA:282,34,0,0
BRDA:282,34,1,0
BRF:74
BRH:0
end_of_record
TN:
SF:src/tools/get-plan.ts
FN:13,handleGetPlan
FN:14,(anonymous_1)
FN:21,(anonymous_2)
FN:25,(anonymous_3)
FN:32,(anonymous_4)
FN:36,(anonymous_5)
FN:43,(anonymous_6)
FN:59,(anonymous_7)
FN:90,(anonymous_8)
FN:94,(anonymous_9)
FN:101,(anonymous_10)
FN:105,(anonymous_11)
FN:112,(anonymous_12)
FN:116,(anonymous_13)
FN:123,(anonymous_14)
FNF:15
FNH:0
FNDA:0,handleGetPlan
FNDA:0,(anonymous_1)
FNDA:0,(anonymous_2)
FNDA:0,(anonymous_3)
FNDA:0,(anonymous_4)
FNDA:0,(anonymous_5)
FNDA:0,(anonymous_6)
FNDA:0,(anonymous_7)
FNDA:0,(anonymous_8)
FNDA:0,(anonymous_9)
FNDA:0,(anonymous_10)
FNDA:0,(anonymous_11)
FNDA:0,(anonymous_12)
FNDA:0,(anonymous_13)
FNDA:0,(anonymous_14)
DA:14,0
DA:15,0
DA:16,0
DA:18,0
DA:21,0
DA:22,0
DA:23,0
DA:26,0
DA:32,0
DA:33,0
DA:34,0
DA:37,0
DA:43,0
DA:44,0
DA:46,0
DA:47,0
DA:48,0
DA:49,0
DA:50,0
DA:51,0
DA:52,0
DA:53,0
DA:55,0
DA:59,0
DA:60,0
DA:62,0
DA:63,0
DA:64,0
DA:68,0
DA:69,0
DA:71,0
DA:72,0
DA:74,0
DA:75,0
DA:79,0
DA:80,0
DA:82,0
DA:83,0
DA:86,0
DA:90,0
DA:91,0
DA:92,0
DA:95,0
DA:101,0
DA:102,0
DA:103,0
DA:106,0
DA:112,0
DA:113,0
DA:114,0
DA:117,0
DA:123,0
DA:124,0
DA:126,0
DA:127,0
DA:128,0
DA:130,0
DA:131,0
DA:132,0
DA:135,0
DA:137,0
DA:203,0
DA:204,0
DA:232,0
DA:233,0
DA:259,0
LF:66
LH:0
BRDA:22,0,0,0
BRDA:22,0,1,0
BRDA:22,1,0,0
BRDA:22,1,1,0
BRDA:26,2,0,0
BRDA:26,2,1,0
BRDA:33,3,0,0
BRDA:33,3,1,0
BRDA:33,4,0,0
BRDA:33,4,1,0
BRDA:37,5,0,0
BRDA:37,5,1,0
BRDA:44,6,0,0
BRDA:44,6,1,0
BRDA:47,7,0,0
BRDA:47,7,1,0
BRDA:48,8,0,0
BRDA:48,8,1,0
BRDA:49,9,0,0
BRDA:49,9,1,0
BRDA:51,10,0,0
BRDA:51,10,1,0
BRDA:53,11,0,0
BRDA:53,11,1,0
BRDA:55,12,0,0
BRDA:55,12,1,0
BRDA:60,13,0,0
BRDA:60,13,1,0
BRDA:63,14,0,0
BRDA:63,14,1,0
BRDA:68,15,0,0
BRDA:68,15,1,0
BRDA:71,16,0,0
BRDA:71,16,1,0
BRDA:74,17,0,0
BRDA:74,17,1,0
BRDA:79,18,0,0
BRDA:79,18,1,0
BRDA:82,19,0,0
BRDA:82,19,1,0
BRDA:86,20,0,0
BRDA:86,20,1,0
BRDA:91,21,0,0
BRDA:91,21,1,0
BRDA:91,22,0,0
BRDA:91,22,1,0
BRDA:95,23,0,0
BRDA:95,23,1,0
BRDA:102,24,0,0
BRDA:102,24,1,0
BRDA:102,25,0,0
BRDA:102,25,1,0
BRDA:106,26,0,0
BRDA:106,26,1,0
BRDA:113,27,0,0
BRDA:113,27,1,0
BRDA:113,28,0,0
BRDA:113,28,1,0
BRDA:124,29,0,0
BRDA:124,29,1,0
BRDA:124,30,0,0
BRDA:124,30,1,0
BRDA:130,31,0,0
BRDA:130,31,1,0
BRDA:131,32,0,0
BRDA:131,32,1,0
BRDA:146,33,0,0
BRDA:146,33,1,0
BRDA:147,34,0,0
BRDA:147,34,1,0
BRDA:149,35,0,0
BRDA:149,35,1,0
BRDA:150,36,0,0
BRDA:150,36,1,0
BRDA:153,37,0,0
BRDA:153,37,1,0
BRDA:154,38,0,0
BRDA:154,38,1,0
BRDA:155,39,0,0
BRDA:155,39,1,0
BRDA:156,40,0,0
BRDA:156,40,1,0
BRDA:158,41,0,0
BRDA:158,41,1,0
BRDA:161,42,0,0
BRDA:161,42,1,0
BRDA:170,43,0,0
BRDA:170,43,1,0
BRDA:173,44,0,0
BRDA:173,44,1,0
BRDA:180,45,0,0
BRDA:180,45,1,0
BRDA:181,46,0,0
BRDA:181,46,1,0
BRDA:182,47,0,0
BRDA:182,47,1,0
BRDA:183,48,0,0
BRDA:183,48,1,0
BRDA:186,49,0,0
BRDA:186,49,1,0
BRDA:203,50,0,0
BRDA:203,50,1,0
BRDA:232,51,0,0
BRDA:232,51,1,0
BRDA:263,52,0,0
BRDA:263,52,1,0
BRF:106
BRH:0
end_of_record
TN:
SF:src/tools/get-project-details.ts
FN:14,handleGetProjectDetails
FN:18,(anonymous_1)
FN:41,(anonymous_2)
FN:42,(anonymous_3)
FN:49,(anonymous_4)
FN:50,(anonymous_5)
FN:57,(anonymous_6)
FN:58,(anonymous_7)
FN:65,(anonymous_8)
FN:66,(anonymous_9)
FN:73,(anonymous_10)
FN:74,(anonymous_11)
FN:78,(anonymous_12)
FN:85,(anonymous_13)
FN:86,(anonymous_14)
FN:130,(anonymous_15)
FN:143,(anonymous_16)
FN:156,(anonymous_17)
FN:169,(anonymous_18)
FN:180,(anonymous_19)
FN:190,(anonymous_20)
FNF:21
FNH:0
FNDA:0,handleGetProjectDetails
FNDA:0,(anonymous_1)
FNDA:0,(anonymous_2)
FNDA:0,(anonymous_3)
FNDA:0,(anonymous_4)
FNDA:0,(anonymous_5)
FNDA:0,(anonymous_6)
FNDA:0,(anonymous_7)
FNDA:0,(anonymous_8)
FNDA:0,(anonymous_9)
FNDA:0,(anonymous_10)
FNDA:0,(anonymous_11)
FNDA:0,(anonymous_12)
FNDA:0,(anonymous_13)
FNDA:0,(anonymous_14)
FNDA:0,(anonymous_15)
FNDA:0,(anonymous_16)
FNDA:0,(anonymous_17)
FNDA:0,(anonymous_18)
FNDA:0,(anonymous_19)
FNDA:0,(anonymous_20)
DA:18,0
DA:19,0
DA:20,0
DA:22,0
DA:25,0
DA:28,0
DA:32,0
DA:35,0
DA:38,0
DA:41,0
DA:42,0
DA:46,0
DA:49,0
DA:50,0
DA:54,0
DA:57,0
DA:58,0
DA:62,0
DA:65,0
DA:66,0
DA:70,0
DA:73,0
DA:74,0
DA:77,0
DA:78,0
DA:79,0
DA:80,0
DA:84,0
DA:85,0
DA:86,0
DA:89,0
DA:92,0
DA:95,0
DA:98,0
DA:100,0
DA:131,0
DA:144,0
DA:157,0
DA:170,0
DA:180,0
DA:191,0
DA:220,0
LF:42
LH:0
BRDA:22,0,0,0
BRDA:22,0,1,0
BRDA:84,1,0,0
BRDA:84,1,1,0
BRDA:85,2,0,0
BRDA:85,2,1,0
BRDA:89,3,0,0
BRDA:89,3,1,0
BRDA:92,4,0,0
BRDA:92,4,1,0
BRDA:95,5,0,0
BRDA:95,5,1,0
BRDA:98,6,0,0
BRDA:98,6,1,0
BRDA:109,7,0,0
BRDA:109,7,1,0
BRDA:111,8,0,0
BRDA:111,8,1,0
BRDA:112,9,0,0
BRDA:112,9,1,0
BRDA:113,10,0,0
BRDA:113,10,1,0
BRDA:114,11,0,0
BRDA:114,11,1,0
BRDA:126,12,0,0
BRDA:126,12,1,0
BRDA:131,13,0,0
BRDA:131,13,1,0
BRDA:131,14,0,0
BRDA:131,14,1,0
BRDA:135,15,0,0
BRDA:135,15,1,0
BRDA:139,16,0,0
BRDA:139,16,1,0
BRDA:144,17,0,0
BRDA:144,17,1,0
BRDA:144,18,0,0
BRDA:144,18,1,0
BRDA:148,19,0,0
BRDA:148,19,1,0
BRDA:152,20,0,0
BRDA:152,20,1,0
BRDA:157,21,0,0
BRDA:157,21,1,0
BRDA:161,22,0,0
BRDA:161,22,1,0
BRDA:165,23,0,0
BRDA:165,23,1,0
BRDA:170,24,0,0
BRDA:170,24,1,0
BRDA:170,25,0,0
BRDA:170,25,1,0
BRDA:174,26,0,0
BRDA:174,26,1,0
BRDA:178,27,0,0
BRDA:178,27,1,0
BRDA:180,28,0,0
BRDA:180,28,1,0
BRDA:187,29,0,0
BRDA:187,29,1,0
BRDA:191,30,0,0
BRDA:191,30,1,0
BRDA:199,31,0,0
BRDA:199,31,1,0
BRDA:204,32,0,0
BRDA:204,32,1,0
BRDA:211,33,0,0
BRDA:211,33,1,0
BRDA:214,34,0,0
BRDA:214,34,1,0
BRDA:215,35,0,0
BRDA:215,35,1,0
BRDA:224,36,0,0
BRDA:224,36,1,0
BRF:74
BRH:0
end_of_record
TN:
SF:src/tools/get-project-statuses.ts
FN:13,handleGetProjectStatuses
FN:20,(anonymous_1)
FN:45,(anonymous_2)
FN:66,(anonymous_3)
FN:102,(anonymous_4)
FN:115,(anonymous_5)
FN:116,(anonymous_6)
FN:125,(anonymous_7)
FN:126,(anonymous_8)
FN:147,(anonymous_9)
FN:148,(anonymous_10)
FN:169,(anonymous_11)
FN:172,(anonymous_12)
FN:196,(anonymous_13)
FN:205,(anonymous_14)
FN:216,(anonymous_15)
FNF:16
FNH:0
FNDA:0,handleGetProjectStatuses
FNDA:0,(anonymous_1)
FNDA:0,(anonymous_2)
FNDA:0,(anonymous_3)
FNDA:0,(anonymous_4)
FNDA:0,(anonymous_5)
FNDA:0,(anonymous_6)
FNDA:0,(anonymous_7)
FNDA:0,(anonymous_8)
FNDA:0,(anonymous_9)
FNDA:0,(anonymous_10)
FNDA:0,(anonymous_11)
FNDA:0,(anonymous_12)
FNDA:0,(anonymous_13)
FNDA:0,(anonymous_14)
FNDA:0,(anonymous_15)
DA:17,0
DA:21,0
DA:23,0
DA:24,0
DA:27,0
DA:29,0
DA:31,0
DA:32,0
DA:38,0
DA:45,0
DA:47,0
DA:50,0
DA:53,0
DA:54,0
DA:55,0
DA:66,0
DA:67,0
DA:77,0
DA:79,0
DA:84,0
DA:85,0
DA:87,0
DA:88,0
DA:90,0
DA:91,0
DA:95,0
DA:96,0
DA:97,0
DA:100,0
DA:102,0
DA:114,0
DA:115,0
DA:116,0
DA:117,0
DA:122,0
DA:123,0
DA:125,0
DA:126,0
DA:127,0
DA:128,0
DA:129,0
DA:134,0
DA:147,0
DA:149,0
DA:150,0
DA:152,0
DA:153,0
DA:155,0
DA:156,0
DA:158,0
DA:159,0
DA:161,0
DA:170,0
DA:173,0
DA:174,0
DA:176,0
DA:177,0
DA:179,0
DA:180,0
DA:182,0
DA:183,0
DA:185,0
DA:197,0
DA:205,0
DA:217,0
DA:218,0
DA:219,0
DA:221,0
DA:222,0
DA:224,0
DA:225,0
DA:227,0
DA:228,0
DA:230,0
DA:249,0
LF:75
LH:0
BRDA:21,0,0,0
BRDA:21,0,1,0
BRDA:23,1,0,0
BRDA:23,1,1,0
BRDA:47,2,0,0
BRDA:47,2,1,0
BRDA:53,3,0,0
BRDA:53,3,1,0
BRDA:77,4,0,0
BRDA:77,4,1,0
BRDA:77,5,0,0
BRDA:77,5,1,0
BRDA:77,5,2,0
BRDA:84,6,0,0
BRDA:84,6,1,0
BRDA:85,7,0,0
BRDA:85,7,1,0
BRDA:85,8,0,0
BRDA:85,8,1,0
BRDA:88,9,0,0
BRDA:88,9,1,0
BRDA:95,10,0,0
BRDA:95,10,1,0
BRDA:95,11,0,0
BRDA:95,11,1,0
BRDA:105,12,0,0
BRDA:105,12,1,0
BRDA:106,13,0,0
BRDA:106,13,1,0
BRDA:107,14,0,0
BRDA:107,14,1,0
BRDA:108,15,0,0
BRDA:108,15,1,0
BRDA:117,16,0,0
BRDA:117,16,1,0
BRDA:128,17,0,0
BRDA:128,17,1,0
BRDA:150,18,0,0
BRDA:150,18,1,0
BRDA:150,18,2,0
BRDA:174,19,0,0
BRDA:174,19,1,0
BRDA:174,19,2,0
BRDA:185,20,0,0
BRDA:185,20,1,0
BRDA:193,21,0,0
BRDA:193,21,1,0
BRDA:199,22,0,0
BRDA:199,22,1,0
BRDA:200,23,0,0
BRDA:200,23,1,0
BRDA:201,24,0,0
BRDA:201,24,1,0
BRDA:202,25,0,0
BRDA:202,25,1,0
BRDA:204,26,0,0
BRDA:204,26,1,0
BRDA:204,27,0,0
BRDA:204,27,1,0
BRDA:219,28,0,0
BRDA:219,28,1,0
BRDA:219,28,2,0
BRDA:235,29,0,0
BRDA:235,29,1,0
BRDA:235,30,0,0
BRDA:235,30,1,0
BRDA:235,31,0,0
BRDA:235,31,1,0
BRDA:236,32,0,0
BRDA:236,32,1,0
BRDA:236,33,0,0
BRDA:236,33,1,0
BRDA:237,34,0,0
BRDA:237,34,1,0
BRDA:253,35,0,0
BRDA:253,35,1,0
BRF:76
BRH:0
end_of_record
TN:
SF:src/tools/get-sprint-details.ts
FN:9,handleGetSprintDetails
FN:13,(anonymous_1)
FN:28,(anonymous_2)
FN:31,(anonymous_3)
FN:34,(anonymous_4)
FN:40,(anonymous_5)
FN:87,(anonymous_6)
FNF:7
FNH:0
FNDA:0,handleGetSprintDetails
FNDA:0,(anonymous_1)
FNDA:0,(anonymous_2)
FNDA:0,(anonymous_3)
FNDA:0,(anonymous_4)
FNDA:0,(anonymous_5)
FNDA:0,(anonymous_6)
DA:10,0
DA:14,0
DA:16,0
DA:18,0
DA:19,0
DA:22,0
DA:23,0
DA:26,0
DA:27,0
DA:28,0
DA:30,0
DA:31,0
DA:33,0
DA:34,0
DA:38,0
DA:39,0
DA:40,0
DA:41,0
DA:42,0
DA:43,0
DA:44,0
DA:45,0
DA:51,0
DA:53,0
DA:55,0
DA:87,0
DA:94,0
DA:95,0
LF:28
LH:0
BRDA:23,0,0,0
BRDA:23,0,1,0
BRDA:41,1,0,0
BRDA:41,1,1,0
BRDA:41,1,2,0
BRDA:42,2,0,0
BRDA:42,2,1,0
BRDA:44,3,0,0
BRDA:44,3,1,0
BRDA:51,4,0,0
BRDA:51,4,1,0
BRDA:53,5,0,0
BRDA:53,5,1,0
BRDA:65,6,0,0
BRDA:65,6,1,0
BRDA:66,7,0,0
BRDA:66,7,1,0
BRDA:67,8,0,0
BRDA:67,8,1,0
BRDA:76,9,0,0
BRDA:76,9,1,0
BRDA:89,10,0,0
BRDA:89,10,1,0
BRDA:97,11,0,0
BRDA:97,11,1,0
BRF:25
BRH:0
end_of_record
TN:
SF:src/tools/get-sprint-report.ts
FN:9,handleGetSprintReport
FN:13,(anonymous_1)
FN:38,(anonymous_2)
FN:46,(anonymous_3)
FN:49,(anonymous_4)
FN:52,(anonymous_5)
FN:56,(anonymous_6)
FN:63,(anonymous_7)
FN:74,(anonymous_8)
FN:87,(anonymous_9)
FN:143,(anonymous_10)
FN:150,(anonymous_11)
FN:155,(anonymous_12)
FN:160,(anonymous_13)
FN:165,(anonymous_14)
FNF:15
FNH:0
FNDA:0,handleGetSprintReport
FNDA:0,(anonymous_1)
FNDA:0,(anonymous_2)
FNDA:0,(anonymous_3)
FNDA:0,(anonymous_4)
FNDA:0,(anonymous_5)
FNDA:0,(anonymous_6)
FNDA:0,(anonymous_7)
FNDA:0,(anonymous_8)
FNDA:0,(anonymous_9)
FNDA:0,(anonymous_10)
FNDA:0,(anonymous_11)
FNDA:0,(anonymous_12)
FNDA:0,(anonymous_13)
FNDA:0,(anonymous_14)
DA:10,0
DA:14,0
DA:16,0
DA:21,0
DA:23,0
DA:24,0
DA:27,0
DA:28,0
DA:31,0
DA:32,0
DA:35,0
DA:38,0
DA:39,0
DA:41,0
DA:42,0
DA:45,0
DA:46,0
DA:48,0
DA:49,0
DA:51,0
DA:52,0
DA:56,0
DA:57,0
DA:58,0
DA:59,0
DA:63,0
DA:64,0
DA:65,0
DA:66,0
DA:70,0
DA:71,0
DA:72,0
DA:74,0
DA:75,0
DA:76,0
DA:77,0
DA:78,0
DA:79,0
DA:80,0
DA:82,0
DA:87,0
DA:88,0
DA:89,0
DA:90,0
DA:95,0
DA:97,0
DA:100,0
DA:101,0
DA:102,0
DA:103,0
DA:104,0
DA:105,0
DA:106,0
DA:107,0
DA:108,0
DA:109,0
DA:112,0
DA:143,0
DA:150,0
DA:155,0
DA:160,0
DA:165,0
DA:174,0
DA:176,0
DA:177,0
DA:183,0
LF:66
LH:0
BRDA:28,0,0,0
BRDA:28,0,1,0
BRDA:41,1,0,0
BRDA:41,1,1,0
BRDA:58,2,0,0
BRDA:58,2,1,0
BRDA:64,3,0,0
BRDA:64,3,1,0
BRDA:65,4,0,0
BRDA:65,4,1,0
BRDA:75,5,0,0
BRDA:75,5,1,0
BRDA:75,5,2,0
BRDA:77,6,0,0
BRDA:77,6,1,0
BRDA:79,7,0,0
BRDA:79,7,1,0
BRDA:82,8,0,0
BRDA:82,8,1,0
BRDA:88,9,0,0
BRDA:88,9,1,0
BRDA:89,10,0,0
BRDA:89,10,1,0
BRDA:95,11,0,0
BRDA:95,11,1,0
BRDA:97,12,0,0
BRDA:97,12,1,0
BRDA:102,13,0,0
BRDA:102,13,1,0
BRDA:102,14,0,0
BRDA:102,14,1,0
BRDA:124,15,0,0
BRDA:124,15,1,0
BRDA:125,16,0,0
BRDA:125,16,1,0
BRDA:126,17,0,0
BRDA:126,17,1,0
BRDA:135,18,0,0
BRDA:135,18,1,0
BRDA:176,19,0,0
BRDA:176,19,1,0
BRDA:185,20,0,0
BRDA:185,20,1,0
BRF:43
BRH:0
end_of_record
TN:
SF:src/tools/get-transitions.ts
FN:9,handleGetTransitions
FN:13,(anonymous_1)
FN:36,(anonymous_2)
FN:46,(anonymous_3)
FNF:4
FNH:0
FNDA:0,handleGetTransitions
FNDA:0,(anonymous_1)
FNDA:0,(anonymous_2)
FNDA:0,(anonymous_3)
DA:10,0
DA:14,0
DA:15,0
DA:17,0
DA:18,0
DA:20,0
DA:22,0
DA:23,0
DA:34,0
DA:36,0
DA:37,0
DA:39,0
DA:40,0
DA:41,0
DA:44,0
DA:45,0
DA:46,0
DA:47,0
DA:48,0
DA:52,0
DA:55,0
DA:57,0
DA:66,0
DA:69,0
DA:70,0
DA:80,0
DA:81,0
DA:91,0
LF:28
LH:0
BRDA:20,0,0,0
BRDA:20,0,1,0
BRDA:22,1,0,0
BRDA:22,1,1,0
BRDA:39,2,0,0
BRDA:39,2,1,0
BRDA:41,3,0,0
BRDA:41,3,1,0
BRDA:44,4,0,0
BRDA:44,4,1,0
BRDA:44,5,0,0
BRDA:44,5,1,0
BRDA:47,6,0,0
BRDA:47,6,1,0
BRDA:48,7,0,0
BRDA:48,7,1,0
BRDA:69,8,0,0
BRDA:69,8,1,0
BRDA:80,9,0,0
BRDA:80,9,1,0
BRF:20
BRH:0
end_of_record
TN:
SF:src/tools/get-velocity-chart-data.ts
FN:15,handleGetVelocityChartData
FN:22,(anonymous_1)
FN:74,(anonymous_2)
FN:119,(anonymous_3)
FN:121,(anonymous_4)
FN:126,(anonymous_5)
FN:147,(anonymous_6)
FN:159,(anonymous_7)
FN:162,(anonymous_8)
FNF:9
FNH:0
FNDA:0,handleGetVelocityChartData
FNDA:0,(anonymous_1)
FNDA:0,(anonymous_2)
FNDA:0,(anonymous_3)
FNDA:0,(anonymous_4)
FNDA:0,(anonymous_5)
FNDA:0,(anonymous_6)
FNDA:0,(anonymous_7)
FNDA:0,(anonymous_8)
DA:19,0
DA:23,0
DA:25,0
DA:30,0
DA:32,0
DA:33,0
DA:36,0
DA:42,0
DA:44,0
DA:45,0
DA:60,0
DA:61,0
DA:62,0
DA:64,0
DA:66,0
DA:67,0
DA:68,0
DA:71,0
DA:72,0
DA:74,0
DA:75,0
DA:76,0
DA:78,0
DA:79,0
DA:80,0
DA:85,0
DA:95,0
DA:96,0
DA:98,0
DA:99,0
DA:114,0
DA:116,0
DA:119,0
DA:120,0
DA:122,0
DA:125,0
DA:127,0
DA:131,0
DA:148,0
DA:149,0
DA:160,0
DA:161,0
DA:162,0
DA:165,0
DA:170,0
DA:181,0
DA:183,0
DA:184,0
DA:187,0
LF:49
LH:0
BRDA:23,0,0,0
BRDA:42,1,0,0
BRDA:42,1,1,0
BRDA:44,2,0,0
BRDA:44,2,1,0
BRDA:68,3,0,0
BRDA:68,3,1,0
BRDA:75,4,0,0
BRDA:75,4,1,0
BRDA:78,5,0,0
BRDA:78,5,1,0
BRDA:78,5,2,0
BRDA:79,6,0,0
BRDA:79,6,1,0
BRDA:114,7,0,0
BRDA:114,7,1,0
BRDA:116,8,0,0
BRDA:116,8,1,0
BRDA:122,9,0,0
BRDA:122,9,1,0
BRDA:123,10,0,0
BRDA:123,10,1,0
BRDA:127,11,0,0
BRDA:127,11,1,0
BRDA:128,12,0,0
BRDA:128,12,1,0
BRDA:142,13,0,0
BRDA:142,13,1,0
BRDA:143,14,0,0
BRDA:143,14,1,0
BRDA:148,15,0,0
BRDA:148,15,1,0
BRDA:152,16,0,0
BRDA:152,16,1,0
BRDA:158,17,0,0
BRDA:158,17,1,0
BRDA:165,18,0,0
BRDA:165,18,1,0
BRDA:167,19,0,0
BRDA:167,19,1,0
BRDA:183,20,0,0
BRDA:183,20,1,0
BRDA:189,21,0,0
BRDA:189,21,1,0
BRF:44
BRH:0
end_of_record
TN:
SF:src/tools/get-version-progress.ts
FN:14,handleGetVersionProgress
FN:21,(anonymous_1)
FN:53,(anonymous_2)
FN:106,(anonymous_3)
FN:107,(anonymous_4)
FN:112,(anonymous_5)
FN:113,(anonymous_6)
FN:118,(anonymous_7)
FN:120,(anonymous_8)
FNF:9
FNH:0
FNDA:0,handleGetVersionProgress
FNDA:0,(anonymous_1)
FNDA:0,(anonymous_2)
FNDA:0,(anonymous_3)
FNDA:0,(anonymous_4)
FNDA:0,(anonymous_5)
FNDA:0,(anonymous_6)
FNDA:0,(anonymous_7)
FNDA:0,(anonymous_8)
DA:18,0
DA:22,0
DA:24,0
DA:25,0
DA:28,0
DA:30,0
DA:31,0
DA:34,0
DA:37,0
DA:40,0
DA:46,0
DA:49,0
DA:50,0
DA:51,0
DA:53,0
DA:54,0
DA:55,0
DA:56,0
DA:58,0
DA:59,0
DA:60,0
DA:64,0
DA:66,0
DA:69,0
DA:70,0
DA:71,0
DA:72,0
DA:76,0
DA:106,0
DA:107,0
DA:112,0
DA:113,0
DA:118,0
DA:120,0
DA:129,0
LF:35
LH:0
BRDA:22,0,0,0
BRDA:22,0,1,0
BRDA:24,1,0,0
BRDA:24,1,1,0
BRDA:55,2,0,0
BRDA:55,2,1,0
BRDA:56,3,0,0
BRDA:56,3,1,0
BRDA:58,4,0,0
BRDA:58,4,1,0
BRDA:59,5,0,0
BRDA:59,5,1,0
BRDA:60,6,0,0
BRDA:60,6,1,0
BRDA:66,7,0,0
BRDA:66,7,1,0
BRDA:70,8,0,0
BRDA:70,8,1,0
BRDA:71,9,0,0
BRDA:71,9,1,0
BRDA:71,9,2,0
BRDA:72,10,0,0
BRDA:72,10,1,0
BRDA:85,11,0,0
BRDA:85,11,1,0
BRDA:87,12,0,0
BRDA:87,12,1,0
BRDA:87,13,0,0
BRDA:87,13,1,0
BRDA:87,14,0,0
BRDA:87,14,1,0
BRDA:90,15,0,0
BRDA:90,15,1,0
BRDA:91,16,0,0
BRDA:91,16,1,0
BRDA:93,17,0,0
BRDA:93,17,1,0
BRDA:94,18,0,0
BRDA:94,18,1,0
BRDA:121,19,0,0
BRDA:121,19,1,0
BRDA:123,20,0,0
BRDA:123,20,1,0
BRDA:124,21,0,0
BRDA:124,21,1,0
BRDA:124,22,0,0
BRDA:124,22,1,0
BRDA:124,22,2,0
BRDA:133,23,0,0
BRDA:133,23,1,0
BRF:50
BRH:0
end_of_record
TN:
SF:src/tools/index.ts
FN:109,setupToolHandlers
FN:114,(anonymous_1)
FN:2330,(anonymous_2)
FN:2589,(anonymous_3)
FNF:4
FNH:1
FNDA:3,setupToolHandlers
FNDA:0,(anonymous_1)
FNDA:0,(anonymous_2)
FNDA:0,(anonymous_3)
DA:114,3
DA:2330,3
DA:2331,0
DA:2332,0
DA:2335,0
DA:2404,0
DA:2406,0
DA:2409,0
DA:2412,0
DA:2415,0
DA:2418,0
DA:2421,0
DA:2424,0
DA:2427,0
DA:2430,0
DA:2434,0
DA:2436,0
DA:2438,0
DA:2440,0
DA:2442,0
DA:2446,0
DA:2448,0
DA:2450,0
DA:2452,0
DA:2456,0
DA:2458,0
DA:2460,0
DA:2462,0
DA:2464,0
DA:2466,0
DA:2470,0
DA:2472,0
DA:2474,0
DA:2478,0
DA:2480,0
DA:2482,0
DA:2484,0
DA:2488,0
DA:2490,0
DA:2492,0
DA:2494,0
DA:2496,0
DA:2498,0
DA:2500,0
DA:2502,0
DA:2504,0
DA:2506,0
DA:2508,0
DA:2510,0
DA:2512,0
DA:2516,0
DA:2518,0
DA:2520,0
DA:2522,0
DA:2524,0
DA:2526,0
DA:2528,0
DA:2530,0
DA:2532,0
DA:2536,0
DA:2540,0
DA:2541,0
DA:2542,0
DA:2543,0
DA:2545,0
DA:2546,0
DA:2552,0
DA:2559,0
DA:2566,0
DA:2572,0
DA:2573,0
DA:2579,0
DA:2580,0
DA:2583,0
DA:2585,0
DA:2586,0
DA:2587,0
DA:2588,0
DA:2589,0
DA:2591,0
DA:2593,0
DA:2594,0
DA:2596,0
DA:2597,0
DA:2598,0
DA:2599,0
DA:2600,0
DA:2601,0
DA:2603,0
DA:2604,0
DA:2605,0
DA:2609,0
DA:2611,0
LF:93
LH:2
BRDA:2404,0,0,0
BRDA:2404,0,1,0
BRDA:2404,0,2,0
BRDA:2404,0,3,0
BRDA:2404,0,4,0
BRDA:2404,0,5,0
BRDA:2404,0,6,0
BRDA:2404,0,7,0
BRDA:2404,0,8,0
BRDA:2404,0,9,0
BRDA:2404,0,10,0
BRDA:2404,0,11,0
BRDA:2404,0,12,0
BRDA:2404,0,13,0
BRDA:2404,0,14,0
BRDA:2404,0,15,0
BRDA:2404,0,16,0
BRDA:2404,0,17,0
BRDA:2404,0,18,0
BRDA:2404,0,19,0
BRDA:2404,0,20,0
BRDA:2404,0,21,0
BRDA:2404,0,22,0
BRDA:2404,0,23,0
BRDA:2404,0,24,0
BRDA:2404,0,25,0
BRDA:2404,0,26,0
BRDA:2404,0,27,0
BRDA:2404,0,28,0
BRDA:2404,0,29,0
BRDA:2404,0,30,0
BRDA:2404,0,31,0
BRDA:2404,0,32,0
BRDA:2404,0,33,0
BRDA:2404,0,34,0
BRDA:2404,0,35,0
BRDA:2404,0,36,0
BRDA:2404,0,37,0
BRDA:2404,0,38,0
BRDA:2404,0,39,0
BRDA:2404,0,40,0
BRDA:2404,0,41,0
BRDA:2404,0,42,0
BRDA:2404,0,43,0
BRDA:2404,0,44,0
BRDA:2404,0,45,0
BRDA:2404,0,46,0
BRDA:2404,0,47,0
BRDA:2404,0,48,0
BRDA:2404,0,49,0
BRDA:2404,0,50,0
BRDA:2404,0,51,0
BRDA:2404,0,52,0
BRDA:2404,0,53,0
BRDA:2404,0,54,0
BRDA:2404,0,55,0
BRDA:2404,0,56,0
BRDA:2404,0,57,0
BRDA:2572,1,0,0
BRDA:2572,1,1,0
BRDA:2585,2,0,0
BRDA:2585,2,1,0
BRDA:2586,3,0,0
BRDA:2586,3,1,0
BRDA:2587,4,0,0
BRDA:2587,4,1,0
BRDA:2593,5,0,0
BRDA:2593,5,1,0
BRDA:2596,6,0,0
BRDA:2596,6,1,0
BRDA:2597,7,0,0
BRDA:2597,7,1,0
BRDA:2598,8,0,0
BRDA:2598,8,1,0
BRDA:2599,9,0,0
BRDA:2599,9,1,0
BRDA:2600,10,0,0
BRDA:2600,10,1,0
BRDA:2603,11,0,0
BRDA:2603,11,1,0
BRDA:2604,12,0,0
BRDA:2604,12,1,0
BRF:82
BRH:0
end_of_record
TN:
SF:src/tools/jira-health-check.ts
FN:35,(anonymous_0)
FN:42,(anonymous_1)
FN:46,(anonymous_2)
FN:50,(anonymous_3)
FN:79,(anonymous_4)
FN:90,(anonymous_5)
FN:108,(anonymous_6)
FN:113,(anonymous_7)
FN:121,handleJiraHealthCheck
FNF:9
FNH:1
FNDA:1,(anonymous_0)
FNDA:0,(anonymous_1)
FNDA:0,(anonymous_2)
FNDA:0,(anonymous_3)
FNDA:0,(anonymous_4)
FNDA:0,(anonymous_5)
FNDA:0,(anonymous_6)
FNDA:0,(anonymous_7)
FNDA:0,handleJiraHealthCheck
DA:31,1
DA:32,1
DA:33,1
DA:36,1
DA:39,1
DA:43,0
DA:47,0
DA:51,0
DA:52,0
DA:80,0
DA:91,0
DA:92,0
DA:93,0
DA:95,0
DA:96,0
DA:98,0
DA:99,0
DA:101,0
DA:102,0
DA:105,0
DA:109,0
DA:110,0
DA:114,0
DA:119,1
DA:122,0
DA:123,0
DA:125,0
DA:131,0
DA:147,0
DA:148,0
LF:30
LH:6
BRDA:36,0,0,0
BRDA:39,1,0,1
BRDA:39,1,1,1
BRDA:59,2,0,0
BRDA:59,2,1,0
BRDA:61,3,0,0
BRDA:61,3,1,0
BRDA:72,4,0,0
BRDA:72,4,1,0
BRDA:73,5,0,0
BRDA:73,5,1,0
BRDA:74,6,0,0
BRDA:74,6,1,0
BRDA:92,7,0,0
BRDA:92,7,1,0
BRDA:95,8,0,0
BRDA:95,8,1,0
BRDA:98,9,0,0
BRDA:98,9,1,0
BRDA:101,10,0,0
BRDA:101,10,1,0
BRDA:110,11,0,0
BRDA:110,11,1,0
BRDA:149,12,0,0
BRDA:149,12,1,0
BRF:25
BRH:2
end_of_record
TN:
SF:src/tools/list-boards.ts
FN:17,handleListBoards
FN:21,(anonymous_1)
FN:65,(anonymous_2)
FNF:3
FNH:0
FNDA:0,handleListBoards
FNDA:0,(anonymous_1)
FNDA:0,(anonymous_2)
DA:18,0
DA:22,0
DA:24,0
DA:26,0
DA:34,0
DA:35,0
DA:40,0
DA:41,0
DA:42,0
DA:44,0
DA:45,0
DA:47,0
DA:48,0
DA:58,0
DA:66,0
DA:84,0
DA:85,0
LF:17
LH:0
BRDA:22,0,0,0
BRDA:22,1,0,0
BRDA:24,2,0,0
BRDA:24,2,1,0
BRDA:40,3,0,0
BRDA:40,3,1,0
BRDA:41,4,0,0
BRDA:41,4,1,0
BRDA:42,5,0,0
BRDA:42,5,1,0
BRDA:45,6,0,0
BRDA:45,6,1,0
BRDA:47,7,0,0
BRDA:47,7,1,0
BRDA:52,8,0,0
BRDA:52,8,1,0
BRDA:62,9,0,0
BRDA:62,9,1,0
BRDA:68,10,0,0
BRDA:68,10,1,0
BRDA:68,10,2,0
BRDA:69,11,0,0
BRDA:69,11,1,0
BRDA:70,12,0,0
BRDA:70,12,1,0
BRDA:71,13,0,0
BRDA:71,13,1,0
BRDA:72,14,0,0
BRDA:72,14,1,0
BRDA:77,15,0,0
BRDA:77,15,1,0
BRDA:87,16,0,0
BRDA:87,16,1,0
BRF:33
BRH:0
end_of_record
TN:
SF:src/tools/list-components.ts
FN:13,handleListComponents
FN:17,(anonymous_1)
FN:30,(anonymous_2)
FN:44,(anonymous_3)
FN:59,(anonymous_4)
FNF:5
FNH:0
FNDA:0,handleListComponents
FNDA:0,(anonymous_1)
FNDA:0,(anonymous_2)
FNDA:0,(anonymous_3)
FNDA:0,(anonymous_4)
DA:14,0
DA:18,0
DA:20,0
DA:21,0
DA:24,0
DA:25,0
DA:27,0
DA:30,0
DA:44,0
DA:46,0
DA:60,0
DA:79,0
LF:12
LH:0
BRDA:18,0,0,0
BRDA:18,0,1,0
BRDA:20,1,0,0
BRDA:20,1,1,0
BRDA:33,2,0,0
BRDA:33,2,1,0
BRDA:34,3,0,0
BRDA:34,3,1,0
BRDA:35,4,0,0
BRDA:35,4,1,0
BRDA:36,5,0,0
BRDA:36,5,1,0
BRDA:56,6,0,0
BRDA:56,6,1,0
BRDA:64,7,0,0
BRDA:64,7,1,0
BRDA:83,8,0,0
BRDA:83,8,1,0
BRF:18
BRH:0
end_of_record
TN:
SF:src/tools/list-custom-fields.ts
FN:35,listCustomFields
FN:42,(anonymous_1)
FN:54,(anonymous_2)
FN:81,(anonymous_3)
FN:83,(anonymous_4)
FN:94,(anonymous_5)
FN:140,(anonymous_6)
FNF:7
FNH:0
FNDA:0,listCustomFields
FNDA:0,(anonymous_1)
FNDA:0,(anonymous_2)
FNDA:0,(anonymous_3)
FNDA:0,(anonymous_4)
FNDA:0,(anonymous_5)
FNDA:0,(anonymous_6)
DA:9,1
DA:39,0
DA:43,0
DA:50,0
DA:51,0
DA:54,0
DA:57,0
DA:59,0
DA:60,0
DA:68,0
DA:69,0
DA:70,0
DA:72,0
DA:76,0
DA:79,0
DA:80,0
DA:81,0
DA:82,0
DA:83,0
DA:85,0
DA:88,0
DA:91,0
DA:93,0
DA:94,0
DA:96,0
DA:98,0
DA:99,0
DA:100,0
DA:101,0
DA:102,0
DA:103,0
DA:104,0
DA:106,0
DA:111,0
DA:112,0
DA:113,0
DA:114,0
DA:115,0
DA:116,0
DA:117,0
DA:118,0
DA:119,0
DA:120,0
DA:121,0
DA:122,0
DA:123,0
DA:124,0
DA:125,0
DA:126,0
DA:127,0
DA:128,0
DA:129,0
DA:130,0
DA:131,0
DA:132,0
DA:133,0
DA:134,0
DA:135,0
DA:136,0
DA:137,0
DA:140,0
DA:141,0
DA:144,0
DA:145,0
DA:146,0
DA:148,0
DA:149,0
DA:151,0
DA:154,0
DA:155,0
DA:161,1
LF:71
LH:2
BRDA:54,0,0,0
BRDA:54,0,1,0
BRDA:63,1,0,0
BRDA:63,1,1,0
BRDA:68,2,0,0
BRDA:68,2,1,0
BRDA:69,3,0,0
BRDA:69,3,1,0
BRDA:76,4,0,0
BRDA:76,4,1,0
BRDA:82,5,0,0
BRDA:82,5,1,0
BRDA:99,6,0,0
BRDA:99,6,1,0
BRDA:103,7,0,0
BRDA:103,7,1,0
BRDA:116,8,0,0
BRDA:116,8,1,0
BRDA:131,9,0,0
BRDA:131,9,1,0
BRDA:144,10,0,0
BRDA:144,10,1,0
BRDA:149,11,0,0
BRDA:149,11,1,0
BRF:24
BRH:0
end_of_record
TN:
SF:src/tools/list-epic-issues.ts
FN:9,handleListEpicIssues
FN:13,(anonymous_1)
FN:49,(anonymous_2)
FN:52,(anonymous_3)
FN:55,(anonymous_4)
FN:64,(anonymous_5)
FN:97,(anonymous_6)
FNF:7
FNH:0
FNDA:0,handleListEpicIssues
FNDA:0,(anonymous_1)
FNDA:0,(anonymous_2)
FNDA:0,(anonymous_3)
FNDA:0,(anonymous_4)
FNDA:0,(anonymous_5)
FNDA:0,(anonymous_6)
DA:10,0
DA:14,0
DA:16,0
DA:22,0
DA:23,0
DA:28,0
DA:29,0
DA:31,0
DA:32,0
DA:47,0
DA:48,0
DA:49,0
DA:51,0
DA:52,0
DA:54,0
DA:55,0
DA:59,0
DA:62,0
DA:63,0
DA:64,0
DA:65,0
DA:66,0
DA:67,0
DA:68,0
DA:69,0
DA:74,0
DA:98,0
DA:99,0
DA:113,0
DA:115,0
DA:116,0
DA:119,0
LF:32
LH:0
BRDA:14,0,0,0
BRDA:14,1,0,0
BRDA:29,2,0,0
BRDA:29,2,1,0
BRDA:31,3,0,0
BRDA:31,3,1,0
BRDA:47,4,0,0
BRDA:47,4,1,0
BRDA:59,5,0,0
BRDA:59,5,1,0
BRDA:65,6,0,0
BRDA:65,6,1,0
BRDA:65,6,2,0
BRDA:66,7,0,0
BRDA:66,7,1,0
BRDA:68,8,0,0
BRDA:68,8,1,0
BRDA:87,9,0,0
BRDA:87,9,1,0
BRDA:98,10,0,0
BRDA:98,10,1,0
BRDA:102,11,0,0
BRDA:102,11,1,0
BRDA:103,12,0,0
BRDA:103,12,1,0
BRDA:104,13,0,0
BRDA:104,13,1,0
BRDA:108,14,0,0
BRDA:108,14,1,0
BRDA:115,15,0,0
BRDA:115,15,1,0
BRDA:121,16,0,0
BRDA:121,16,1,0
BRF:33
BRH:0
end_of_record
TN:
SF:src/tools/list-instances.ts
FN:12,handleListInstances
FN:19,(anonymous_1)
FN:76,(anonymous_2)
FN:87,(anonymous_3)
FNF:4
FNH:0
FNDA:0,handleListInstances
FNDA:0,(anonymous_1)
FNDA:0,(anonymous_2)
FNDA:0,(anonymous_3)
DA:13,0
DA:14,0
DA:15,0
DA:18,0
DA:19,0
DA:23,0
DA:25,0
DA:27,0
DA:28,0
DA:29,0
DA:31,0
DA:32,0
DA:63,0
DA:64,0
DA:75,0
DA:76,0
DA:77,0
DA:78,0
DA:79,0
DA:80,0
DA:84,0
DA:85,0
DA:86,0
DA:87,0
DA:88,0
DA:90,0
DA:94,0
DA:95,0
DA:96,0
DA:98,0
DA:100,0
DA:102,0
DA:105,0
DA:106,0
DA:108,0
DA:109,0
DA:119,0
DA:121,0
DA:122,0
DA:123,0
DA:124,0
DA:125,0
DA:126,0
DA:128,0
DA:129,0
DA:130,0
DA:131,0
DA:157,0
DA:159,0
DA:160,0
DA:161,0
DA:169,0
DA:171,0
DA:180,0
DA:181,0
LF:55
LH:0
BRDA:14,0,0,0
BRDA:14,0,1,0
BRDA:19,1,0,0
BRDA:19,1,1,0
BRDA:23,2,0,0
BRDA:23,2,1,0
BRDA:27,3,0,0
BRDA:27,3,1,0
BRDA:80,4,0,0
BRDA:80,4,1,0
BRDA:80,5,0,0
BRDA:80,5,1,0
BRDA:85,6,0,0
BRDA:85,6,1,0
BRDA:185,7,0,0
BRDA:185,7,1,0
BRF:16
BRH:0
end_of_record
TN:
SF:src/tools/list-issues.ts
FN:17,convertADFToTruncatedMarkdown
FN:62,handleListIssues
FN:66,(anonymous_2)
FN:138,(anonymous_3)
FNF:4
FNH:0
FNDA:0,convertADFToTruncatedMarkdown
FNDA:0,handleListIssues
FNDA:0,(anonymous_2)
FNDA:0,(anonymous_3)
DA:18,0
DA:21,0
DA:22,0
DA:26,0
DA:27,0
DA:30,0
DA:32,0
DA:36,0
DA:37,0
DA:38,0
DA:39,0
DA:41,0
DA:44,0
DA:47,0
DA:53,0
DA:57,0
DA:58,0
DA:63,0
DA:71,0
DA:73,0
DA:74,0
DA:80,0
DA:81,0
DA:84,0
DA:86,0
DA:87,0
DA:90,0
DA:91,0
DA:94,0
DA:96,0
DA:99,0
DA:102,0
DA:103,0
DA:105,0
DA:108,0
DA:115,0
DA:116,0
DA:119,0
DA:120,0
DA:121,0
DA:122,0
DA:123,0
DA:124,0
DA:125,0
DA:126,0
DA:127,0
DA:136,0
DA:137,0
DA:140,0
DA:147,0
DA:148,0
DA:151,0
DA:152,0
DA:156,0
DA:165,0
DA:166,0
DA:167,0
DA:170,0
DA:171,0
DA:175,0
DA:176,0
DA:179,0
DA:183,0
DA:186,0
DA:187,0
DA:188,0
DA:190,0
DA:193,0
LF:68
LH:0
BRDA:17,0,0,0
BRDA:18,1,0,0
BRDA:18,1,1,0
BRDA:21,2,0,0
BRDA:21,2,1,0
BRDA:22,3,0,0
BRDA:22,3,1,0
BRDA:26,4,0,0
BRDA:26,4,1,0
BRDA:36,5,0,0
BRDA:36,5,1,0
BRDA:36,6,0,0
BRDA:36,6,1,0
BRDA:38,7,0,0
BRDA:38,7,1,0
BRDA:44,8,0,0
BRDA:44,8,1,0
BRDA:53,9,0,0
BRDA:53,9,1,0
BRDA:71,10,0,0
BRDA:71,10,1,0
BRDA:73,11,0,0
BRDA:73,11,1,0
BRDA:80,12,0,0
BRDA:80,12,1,0
BRDA:81,13,0,0
BRDA:81,13,1,0
BRDA:86,14,0,0
BRDA:86,14,1,0
BRDA:90,15,0,0
BRDA:90,15,1,0
BRDA:105,16,0,0
BRDA:105,16,1,0
BRDA:115,17,0,0
BRDA:115,17,1,0
BRDA:122,18,0,0
BRDA:122,18,1,0
BRDA:124,19,0,0
BRDA:124,19,1,0
BRDA:126,20,0,0
BRDA:126,20,1,0
BRDA:143,21,0,0
BRDA:143,21,1,0
BRDA:144,22,0,0
BRDA:144,22,1,0
BRDA:151,23,0,0
BRDA:151,23,1,0
BRDA:170,24,0,0
BRDA:170,24,1,0
BRDA:170,25,0,0
BRDA:170,25,1,0
BRDA:175,26,0,0
BRDA:175,26,1,0
BRDA:186,27,0,0
BRDA:186,27,1,0
BRF:55
BRH:0
end_of_record
TN:
SF:src/tools/list-plans.ts
FN:14,handleListPlans
FN:15,(anonymous_1)
FN:33,(anonymous_2)
FN:53,(anonymous_3)
FN:57,(anonymous_4)
FN:63,(anonymous_5)
FN:97,(anonymous_6)
FN:98,(anonymous_7)
FN:121,(anonymous_8)
FN:129,(anonymous_9)
FNF:10
FNH:0
FNDA:0,handleListPlans
FNDA:0,(anonymous_1)
FNDA:0,(anonymous_2)
FNDA:0,(anonymous_3)
FNDA:0,(anonymous_4)
FNDA:0,(anonymous_5)
FNDA:0,(anonymous_6)
FNDA:0,(anonymous_7)
FNDA:0,(anonymous_8)
FNDA:0,(anonymous_9)
DA:15,0
DA:16,0
DA:17,0
DA:20,0
DA:21,0
DA:23,0
DA:24,0
DA:27,0
DA:29,0
DA:30,0
DA:33,0
DA:52,0
DA:54,0
DA:56,0
DA:58,0
DA:62,0
DA:63,0
DA:64,0
DA:65,0
DA:67,0
DA:68,0
DA:69,0
DA:70,0
DA:71,0
DA:72,0
DA:74,0
DA:78,0
DA:81,0
DA:98,0
DA:99,0
DA:121,0
DA:130,0
DA:131,0
DA:133,0
DA:134,0
DA:136,0
DA:137,0
DA:139,0
DA:140,0
DA:142,0
DA:143,0
DA:145,0
DA:169,0
DA:170,0
DA:196,0
LF:45
LH:0
BRDA:20,0,0,0
BRDA:20,0,1,0
BRDA:23,1,0,0
BRDA:23,1,1,0
BRDA:30,2,0,0
BRDA:30,2,1,0
BRDA:36,3,0,0
BRDA:36,3,1,0
BRDA:37,4,0,0
BRDA:37,4,1,0
BRDA:38,5,0,0
BRDA:38,5,1,0
BRDA:39,6,0,0
BRDA:39,6,1,0
BRDA:40,7,0,0
BRDA:40,7,1,0
BRDA:41,8,0,0
BRDA:41,8,1,0
BRDA:44,9,0,0
BRDA:44,9,1,0
BRDA:45,10,0,0
BRDA:45,10,1,0
BRDA:46,11,0,0
BRDA:46,11,1,0
BRDA:47,12,0,0
BRDA:47,12,1,0
BRDA:54,13,0,0
BRDA:54,13,1,0
BRDA:54,13,2,0
BRDA:58,14,0,0
BRDA:58,14,1,0
BRDA:58,14,2,0
BRDA:64,15,0,0
BRDA:64,15,1,0
BRDA:65,16,0,0
BRDA:65,16,1,0
BRDA:68,17,0,0
BRDA:68,17,1,0
BRDA:68,18,0,0
BRDA:68,18,1,0
BRDA:69,19,0,0
BRDA:69,19,1,0
BRDA:71,20,0,0
BRDA:71,20,1,0
BRDA:91,21,0,0
BRDA:91,21,1,0
BRDA:95,22,0,0
BRDA:95,22,1,0
BRDA:102,23,0,0
BRDA:102,23,1,0
BRDA:109,24,0,0
BRDA:109,24,1,0
BRDA:116,25,0,0
BRDA:116,25,1,0
BRDA:122,26,0,0
BRDA:122,26,1,0
BRDA:131,27,0,0
BRDA:131,27,1,0
BRDA:131,27,2,0
BRDA:131,27,3,0
BRDA:160,28,0,0
BRDA:160,28,1,0
BRDA:169,29,0,0
BRDA:169,29,1,0
BRDA:169,30,0,0
BRDA:169,30,1,0
BRDA:200,31,0,0
BRDA:200,31,1,0
BRF:68
BRH:0
end_of_record
TN:
SF:src/tools/list-versions.ts
FN:8,handleListVersions
FN:12,(anonymous_1)
FN:19,(anonymous_2)
FN:35,(anonymous_3)
FN:36,(anonymous_4)
FN:37,(anonymous_5)
FN:50,(anonymous_6)
FN:66,(anonymous_7)
FNF:8
FNH:0
FNDA:0,handleListVersions
FNDA:0,(anonymous_1)
FNDA:0,(anonymous_2)
FNDA:0,(anonymous_3)
FNDA:0,(anonymous_4)
FNDA:0,(anonymous_5)
FNDA:0,(anonymous_6)
FNDA:0,(anonymous_7)
DA:9,0
DA:13,0
DA:14,0
DA:16,0
DA:19,0
DA:35,0
DA:36,0
DA:37,0
DA:39,0
DA:51,0
DA:66,0
DA:83,0
LF:12
LH:0
BRDA:22,0,0,0
BRDA:22,0,1,0
BRDA:25,1,0,0
BRDA:25,1,1,0
BRDA:26,2,0,0
BRDA:26,2,1,0
BRDA:27,3,0,0
BRDA:27,3,1,0
BRDA:28,4,0,0
BRDA:28,4,1,0
BRDA:29,5,0,0
BRDA:29,5,1,0
BRDA:35,6,0,0
BRDA:35,6,1,0
BRDA:47,7,0,0
BRDA:47,7,1,0
BRDA:55,8,0,0
BRDA:55,8,1,0
BRDA:63,9,0,0
BRDA:63,9,1,0
BRDA:69,10,0,0
BRDA:69,10,1,0
BRDA:73,11,0,0
BRDA:73,11,1,0
BRDA:87,12,0,0
BRDA:87,12,1,0
BRF:26
BRH:0
end_of_record
TN:
SF:src/tools/manage-board-quickfilters.ts
FN:15,handleManageBoardQuickfilters
FN:22,(anonymous_1)
FN:57,(anonymous_2)
FNF:3
FNH:0
FNDA:0,handleManageBoardQuickfilters
FNDA:0,(anonymous_1)
FNDA:0,(anonymous_2)
DA:19,0
DA:23,0
DA:25,0
DA:31,0
DA:32,0
DA:34,0
DA:35,0
DA:37,0
DA:38,0
DA:50,0
DA:58,0
DA:72,0
DA:73,0
DA:74,0
DA:81,0
DA:84,0
DA:86,0
DA:103,0
DA:109,0
DA:111,0
DA:112,0
DA:113,0
DA:118,0
DA:122,0
LF:24
LH:0
BRDA:32,0,0,0
BRDA:32,0,1,0
BRDA:35,1,0,0
BRDA:35,1,1,0
BRDA:37,2,0,0
BRDA:37,2,1,0
BRDA:59,3,0,0
BRDA:59,3,1,0
BRDA:60,4,0,0
BRDA:60,4,1,0
BRDA:61,5,0,0
BRDA:61,5,1,0
BRDA:72,6,0,0
BRDA:72,6,1,0
BRDA:73,7,0,0
BRDA:73,7,1,0
BRDA:94,8,0,0
BRDA:94,8,1,0
BRDA:95,9,0,0
BRDA:95,9,1,0
BRDA:96,10,0,0
BRDA:96,10,1,0
BRDA:111,11,0,0
BRDA:111,11,1,0
BRDA:112,12,0,0
BRDA:112,12,1,0
BRDA:124,13,0,0
BRDA:124,13,1,0
BRF:28
BRH:0
end_of_record
TN:
SF:src/tools/move-issues-to-epic.ts
FN:9,handleMoveIssuesToEpic
FN:13,(anonymous_1)
FN:37,(anonymous_2)
FNF:3
FNH:0
FNDA:0,handleMoveIssuesToEpic
FNDA:0,(anonymous_1)
FNDA:0,(anonymous_2)
DA:10,0
DA:14,0
DA:16,0
DA:21,0
DA:22,0
DA:25,0
DA:26,0
DA:30,0
DA:37,0
DA:44,0
DA:46,0
DA:47,0
DA:53,0
DA:54,0
DA:60,0
LF:15
LH:0
BRDA:21,0,0,0
BRDA:21,0,1,0
BRDA:21,1,0,0
BRDA:21,1,1,0
BRDA:46,2,0,0
BRDA:46,2,1,0
BRDA:53,3,0,0
BRDA:53,3,1,0
BRDA:56,4,0,0
BRDA:56,4,1,0
BRDA:62,5,0,0
BRDA:62,5,1,0
BRF:12
BRH:0
end_of_record
TN:
SF:src/tools/move-issues-to-sprint.ts
FN:14,handleMoveIssuesToSprint
FN:21,(anonymous_1)
FN:45,(anonymous_2)
FNF:3
FNH:0
FNDA:0,handleMoveIssuesToSprint
FNDA:0,(anonymous_1)
FNDA:0,(anonymous_2)
DA:18,0
DA:22,0
DA:24,0
DA:29,0
DA:30,0
DA:33,0
DA:34,0
DA:38,0
DA:45,0
DA:52,0
DA:55,0
DA:56,0
DA:62,0
LF:13
LH:0
BRDA:29,0,0,0
BRDA:29,0,1,0
BRDA:29,1,0,0
BRDA:29,1,1,0
BRDA:55,2,0,0
BRDA:55,2,1,0
BRDA:64,3,0,0
BRDA:64,3,1,0
BRF:8
BRH:0
end_of_record
TN:
SF:src/tools/rank-epics.ts
FN:9,handleRankEpics
FN:13,(anonymous_1)
FNF:2
FNH:0
FNDA:0,handleRankEpics
FNDA:0,(anonymous_1)
DA:10,0
DA:14,0
DA:16,0
DA:24,0
DA:25,0
DA:31,0
DA:32,0
DA:38,0
DA:39,0
DA:40,0
DA:41,0
DA:43,0
DA:44,0
DA:46,0
DA:63,0
DA:65,0
DA:66,0
DA:72,0
DA:73,0
DA:79,0
LF:20
LH:0
BRDA:24,0,0,0
BRDA:24,0,1,0
BRDA:24,1,0,0
BRDA:24,1,1,0
BRDA:31,2,0,0
BRDA:31,2,1,0
BRDA:31,3,0,0
BRDA:31,3,1,0
BRDA:39,4,0,0
BRDA:39,4,1,0
BRDA:40,5,0,0
BRDA:40,5,1,0
BRDA:41,6,0,0
BRDA:41,6,1,0
BRDA:54,7,0,0
BRDA:54,7,1,0
BRDA:55,8,0,0
BRDA:55,8,1,0
BRDA:56,9,0,0
BRDA:56,9,1,0
BRDA:65,10,0,0
BRDA:65,10,1,0
BRDA:72,11,0,0
BRDA:72,11,1,0
BRDA:75,12,0,0
BRDA:75,12,1,0
BRDA:81,13,0,0
BRDA:81,13,1,0
BRF:28
BRH:0
end_of_record
TN:
SF:src/tools/rank-issues.ts
FN:9,handleRankIssues
FN:13,(anonymous_1)
FNF:2
FNH:0
FNDA:0,handleRankIssues
FNDA:0,(anonymous_1)
DA:10,0
DA:14,0
DA:16,0
DA:23,0
DA:24,0
DA:28,0
DA:29,0
DA:35,0
DA:36,0
DA:42,0
DA:46,0
DA:47,0
DA:48,0
DA:50,0
DA:51,0
DA:53,0
DA:71,0
DA:73,0
DA:74,0
DA:80,0
DA:81,0
DA:87,0
LF:22
LH:0
BRDA:23,0,0,0
BRDA:23,0,1,0
BRDA:23,1,0,0
BRDA:23,1,1,0
BRDA:28,2,0,0
BRDA:28,2,1,0
BRDA:28,3,0,0
BRDA:28,3,1,0
BRDA:35,4,0,0
BRDA:35,4,1,0
BRDA:35,5,0,0
BRDA:35,5,1,0
BRDA:46,6,0,0
BRDA:46,6,1,0
BRDA:47,7,0,0
BRDA:47,7,1,0
BRDA:48,8,0,0
BRDA:48,8,1,0
BRDA:62,9,0,0
BRDA:62,9,1,0
BRDA:63,10,0,0
BRDA:63,10,1,0
BRDA:64,11,0,0
BRDA:64,11,1,0
BRDA:73,12,0,0
BRDA:73,12,1,0
BRDA:80,13,0,0
BRDA:80,13,1,0
BRDA:83,14,0,0
BRDA:83,14,1,0
BRDA:89,15,0,0
BRDA:89,15,1,0
BRF:32
BRH:0
end_of_record
TN:
SF:src/tools/remove-plan-team.ts
FN:14,handleRemovePlanTeam
FN:15,(anonymous_1)
FNF:2
FNH:0
FNDA:0,handleRemovePlanTeam
FNDA:0,(anonymous_1)
DA:15,0
DA:16,0
DA:17,0
DA:19,0
DA:114,0
DA:115,0
DA:151,0
DA:152,0
DA:183,0
DA:184,0
DA:218,0
DA:219,0
DA:248,0
LF:13
LH:0
BRDA:114,0,0,0
BRDA:114,0,1,0
BRDA:151,1,0,0
BRDA:151,1,1,0
BRDA:183,2,0,0
BRDA:183,2,1,0
BRDA:199,3,0,0
BRDA:199,3,1,0
BRDA:218,4,0,0
BRDA:218,4,1,0
BRDA:240,5,0,0
BRDA:240,5,1,0
BRDA:252,6,0,0
BRDA:252,6,1,0
BRF:14
BRH:0
end_of_record
TN:
SF:src/tools/search-issues-jql.ts
FN:8,handleSearchIssuesJql
FN:12,(anonymous_1)
FN:35,(anonymous_2)
FN:45,(anonymous_3)
FN:54,(anonymous_4)
FN:67,(anonymous_5)
FN:68,(anonymous_6)
FN:88,(anonymous_7)
FN:102,(anonymous_8)
FN:127,(anonymous_9)
FN:128,(anonymous_10)
FN:133,(anonymous_11)
FN:134,(anonymous_12)
FN:139,(anonymous_13)
FN:140,(anonymous_14)
FN:149,(anonymous_15)
FNF:16
FNH:0
FNDA:0,handleSearchIssuesJql
FNDA:0,(anonymous_1)
FNDA:0,(anonymous_2)
FNDA:0,(anonymous_3)
FNDA:0,(anonymous_4)
FNDA:0,(anonymous_5)
FNDA:0,(anonymous_6)
FNDA:0,(anonymous_7)
FNDA:0,(anonymous_8)
FNDA:0,(anonymous_9)
FNDA:0,(anonymous_10)
FNDA:0,(anonymous_11)
FNDA:0,(anonymous_12)
FNDA:0,(anonymous_13)
FNDA:0,(anonymous_14)
FNDA:0,(anonymous_15)
DA:9,0
DA:13,0
DA:14,0
DA:27,0
DA:35,0
DA:39,0
DA:40,0
DA:44,0
DA:45,0
DA:48,0
DA:50,0
DA:51,0
DA:54,0
DA:55,0
DA:56,0
DA:67,0
DA:68,0
DA:79,0
DA:88,0
DA:90,0
DA:94,0
DA:98,0
DA:102,0
DA:103,0
DA:107,0
DA:111,0
DA:127,0
DA:128,0
DA:133,0
DA:134,0
DA:139,0
DA:140,0
DA:150,0
DA:185,0
LF:34
LH:0
BRDA:16,0,0,0
BRDA:16,0,1,0
BRDA:17,1,0,0
BRDA:17,1,1,0
BRDA:19,2,0,0
BRDA:19,2,1,0
BRDA:21,3,0,0
BRDA:21,3,1,0
BRDA:29,4,0,0
BRDA:29,4,1,0
BRDA:31,5,0,0
BRDA:31,5,1,0
BRDA:39,6,0,0
BRDA:39,6,1,0
BRDA:44,7,0,0
BRDA:44,7,1,0
BRDA:51,8,0,0
BRDA:51,8,1,0
BRDA:60,9,0,0
BRDA:60,9,1,0
BRDA:61,10,0,0
BRDA:61,10,1,0
BRDA:62,11,0,0
BRDA:62,11,1,0
BRDA:63,12,0,0
BRDA:63,12,1,0
BRDA:64,13,0,0
BRDA:64,13,1,0
BRDA:67,14,0,0
BRDA:67,14,1,0
BRDA:68,15,0,0
BRDA:68,15,1,0
BRDA:69,16,0,0
BRDA:69,16,1,0
BRDA:70,17,0,0
BRDA:70,17,1,0
BRDA:70,17,2,0
BRDA:71,18,0,0
BRDA:71,18,1,0
BRDA:71,18,2,0
BRDA:72,19,0,0
BRDA:72,19,1,0
BRDA:73,20,0,0
BRDA:73,20,1,0
BRDA:74,21,0,0
BRDA:74,21,1,0
BRDA:80,22,0,0
BRDA:80,22,1,0
BRDA:91,23,0,0
BRDA:91,23,1,0
BRDA:95,24,0,0
BRDA:95,24,1,0
BRDA:99,25,0,0
BRDA:99,25,1,0
BRDA:103,26,0,0
BRDA:103,26,1,0
BRDA:108,27,0,0
BRDA:108,27,1,0
BRDA:121,28,0,0
BRDA:121,28,1,0
BRDA:121,29,0,0
BRDA:121,29,1,0
BRDA:146,30,0,0
BRDA:146,30,1,0
BRDA:155,31,0,0
BRDA:155,31,1,0
BRDA:156,32,0,0
BRDA:156,32,1,0
BRDA:157,33,0,0
BRDA:157,33,1,0
BRDA:160,34,0,0
BRDA:160,34,1,0
BRDA:161,35,0,0
BRDA:161,35,1,0
BRDA:177,36,0,0
BRDA:177,36,1,0
BRDA:189,37,0,0
BRDA:189,37,1,0
BRF:78
BRH:0
end_of_record
TN:
SF:src/tools/search-projects.ts
FN:8,handleSearchProjects
FN:9,(anonymous_1)
FN:49,(anonymous_2)
FN:76,(anonymous_3)
FN:77,(anonymous_4)
FN:78,(anonymous_5)
FN:99,(anonymous_6)
FN:121,(anonymous_7)
FN:136,(anonymous_8)
FNF:9
FNH:0
FNDA:0,handleSearchProjects
FNDA:0,(anonymous_1)
FNDA:0,(anonymous_2)
FNDA:0,(anonymous_3)
FNDA:0,(anonymous_4)
FNDA:0,(anonymous_5)
FNDA:0,(anonymous_6)
FNDA:0,(anonymous_7)
FNDA:0,(anonymous_8)
DA:9,0
DA:10,0
DA:11,0
DA:14,0
DA:15,0
DA:17,0
DA:18,0
DA:20,0
DA:21,0
DA:23,0
DA:24,0
DA:26,0
DA:27,0
DA:29,0
DA:30,0
DA:32,0
DA:33,0
DA:35,0
DA:36,0
DA:40,0
DA:41,0
DA:43,0
DA:45,0
DA:46,0
DA:49,0
DA:76,0
DA:77,0
DA:78,0
DA:80,0
DA:100,0
DA:122,0
DA:137,0
DA:153,0
LF:33
LH:0
BRDA:14,0,0,0
BRDA:14,0,1,0
BRDA:17,1,0,0
BRDA:17,1,1,0
BRDA:20,2,0,0
BRDA:20,2,1,0
BRDA:23,3,0,0
BRDA:23,3,1,0
BRDA:26,4,0,0
BRDA:26,4,1,0
BRDA:29,5,0,0
BRDA:29,5,1,0
BRDA:32,6,0,0
BRDA:32,6,1,0
BRDA:35,7,0,0
BRDA:35,7,1,0
BRDA:40,8,0,0
BRDA:40,8,1,0
BRDA:41,9,0,0
BRDA:41,9,1,0
BRDA:46,10,0,0
BRDA:46,10,1,0
BRDA:53,11,0,0
BRDA:53,11,1,0
BRDA:55,12,0,0
BRDA:55,12,1,0
BRDA:56,13,0,0
BRDA:56,13,1,0
BRDA:57,14,0,0
BRDA:57,14,1,0
BRDA:58,15,0,0
BRDA:58,15,1,0
BRDA:59,16,0,0
BRDA:59,16,1,0
BRDA:60,17,0,0
BRDA:60,17,1,0
BRDA:62,18,0,0
BRDA:62,18,1,0
BRDA:63,19,0,0
BRDA:63,19,1,0
BRDA:64,20,0,0
BRDA:64,20,1,0
BRDA:65,21,0,0
BRDA:65,21,1,0
BRDA:66,22,0,0
BRDA:66,22,1,0
BRDA:67,23,0,0
BRDA:67,23,1,0
BRDA:68,24,0,0
BRDA:68,24,1,0
BRDA:69,25,0,0
BRDA:69,25,1,0
BRDA:70,26,0,0
BRDA:70,26,1,0
BRDA:71,27,0,0
BRDA:71,27,1,0
BRDA:72,28,0,0
BRDA:72,28,1,0
BRDA:76,29,0,0
BRDA:76,29,1,0
BRDA:87,30,0,0
BRDA:87,30,1,0
BRDA:88,31,0,0
BRDA:88,31,1,0
BRDA:96,32,0,0
BRDA:96,32,1,0
BRDA:115,33,0,0
BRDA:115,33,1,0
BRDA:122,34,0,0
BRDA:122,34,1,0
BRDA:124,35,0,0
BRDA:124,35,1,0
BRDA:130,36,0,0
BRDA:130,36,1,0
BRDA:137,37,0,0
BRDA:137,37,1,0
BRDA:139,38,0,0
BRDA:139,38,1,0
BRDA:157,39,0,0
BRDA:157,39,1,0
BRF:80
BRH:0
end_of_record
TN:
SF:src/tools/transition-issue.ts
FN:10,handleTransitionIssue
FN:14,(anonymous_1)
FN:33,(anonymous_2)
FN:37,(anonymous_3)
FN:152,(anonymous_4)
FN:159,(anonymous_5)
FNF:6
FNH:0
FNDA:0,handleTransitionIssue
FNDA:0,(anonymous_1)
FNDA:0,(anonymous_2)
FNDA:0,(anonymous_3)
FNDA:0,(anonymous_4)
FNDA:0,(anonymous_5)
DA:11,0
DA:18,0
DA:19,0
DA:21,0
DA:23,0
DA:25,0
DA:26,0
DA:28,0
DA:29,0
DA:30,0
DA:32,0
DA:33,0
DA:36,0
DA:37,0
DA:38,0
DA:44,0
DA:45,0
DA:49,0
DA:50,0
DA:57,0
DA:58,0
DA:65,0
DA:72,0
DA:73,0
DA:76,0
DA:77,0
DA:81,0
DA:82,0
DA:87,0
DA:89,0
DA:91,0
DA:102,0
DA:105,0
DA:107,0
DA:110,0
DA:111,0
DA:117,0
DA:118,0
DA:120,0
DA:130,0
DA:140,0
DA:143,0
DA:144,0
DA:145,0
DA:147,0
DA:148,0
DA:151,0
DA:152,0
DA:153,0
DA:158,0
DA:159,0
DA:160,0
DA:164,0
DA:165,0
DA:167,0
DA:168,0
DA:171,0
DA:174,0
DA:177,0
DA:178,0
DA:184,0
DA:185,0
DA:192,0
DA:193,0
LF:64
LH:0
BRDA:25,0,0,0
BRDA:25,0,1,0
BRDA:25,1,0,0
BRDA:25,1,1,0
BRDA:30,2,0,0
BRDA:30,2,1,0
BRDA:36,3,0,0
BRDA:36,3,1,0
BRDA:57,4,0,0
BRDA:57,4,1,0
BRDA:72,5,0,0
BRDA:72,5,1,0
BRDA:72,6,0,0
BRDA:72,6,1,0
BRDA:72,6,2,0
BRDA:76,7,0,0
BRDA:76,7,1,0
BRDA:81,8,0,0
BRDA:81,8,1,0
BRDA:87,9,0,0
BRDA:87,9,1,0
BRDA:118,10,0,0
BRDA:118,10,1,0
BRDA:143,11,0,0
BRDA:143,11,1,0
BRDA:147,12,0,0
BRDA:147,12,1,0
BRDA:147,13,0,0
BRDA:147,13,1,0
BRDA:151,14,0,0
BRDA:151,14,1,0
BRDA:158,15,0,0
BRDA:158,15,1,0
BRDA:158,16,0,0
BRDA:158,16,1,0
BRDA:177,17,0,0
BRDA:177,17,1,0
BRDA:184,18,0,0
BRDA:184,18,1,0
BRF:39
BRH:0
end_of_record
TN:
SF:src/tools/trash-plan.ts
FN:13,handleTrashPlan
FN:14,(anonymous_1)
FNF:2
FNH:0
FNDA:0,handleTrashPlan
FNDA:0,(anonymous_1)
DA:14,0
DA:15,0
DA:16,0
DA:18,0
DA:175,0
DA:176,0
DA:212,0
DA:213,0
DA:253,0
DA:254,0
DA:294,0
DA:295,0
DA:328,0
LF:13
LH:0
BRDA:175,0,0,0
BRDA:175,0,1,0
BRDA:212,1,0,0
BRDA:212,1,1,0
BRDA:253,2,0,0
BRDA:253,2,1,0
BRDA:269,3,0,0
BRDA:269,3,1,0
BRDA:294,4,0,0
BRDA:294,4,1,0
BRDA:310,5,0,0
BRDA:310,5,1,0
BRDA:332,6,0,0
BRDA:332,6,1,0
BRF:14
BRH:0
end_of_record
TN:
SF:src/tools/update-epic-details.ts
FN:9,handleUpdateEpicDetails
FN:13,(anonymous_1)
FNF:2
FNH:0
FNDA:0,handleUpdateEpicDetails
FNDA:0,(anonymous_1)
DA:10,0
DA:14,0
DA:16,0
DA:24,0
DA:25,0
DA:26,0
DA:27,0
DA:28,0
DA:29,0
DA:32,0
DA:33,0
DA:39,0
DA:40,0
DA:42,0
DA:60,0
DA:62,0
DA:63,0
DA:66,0
LF:18
LH:0
BRDA:25,0,0,0
BRDA:25,0,1,0
BRDA:26,1,0,0
BRDA:26,1,1,0
BRDA:27,2,0,0
BRDA:27,2,1,0
BRDA:28,3,0,0
BRDA:28,3,1,0
BRDA:32,4,0,0
BRDA:32,4,1,0
BRDA:50,5,0,0
BRDA:50,5,1,0
BRDA:51,6,0,0
BRDA:51,6,1,0
BRDA:52,7,0,0
BRDA:52,7,1,0
[...]
DA:69,3
DA:70,0
DA:81,3
DA:93,5
DA:96,5
DA:97,0
DA:106,5
DA:107,5
DA:109,0
DA:124,5
DA:125,5
DA:128,5
DA:129,0
DA:130,0
DA:134,5
DA:135,0
DA:136,0
DA:140,5
DA:141,0
DA:142,0
DA:145,5
DA:150,5
DA:151,0
DA:154,5
DA:155,5
DA:163,0
DA:167,0
DA:168,0
DA:169,0
DA:175,0
DA:179,0
DA:187,7
DA:188,2
DA:191,5
DA:192,2
DA:195,3
DA:196,0
DA:200,3
DA:201,2
DA:210,1
DA:232,2
DA:233,2
DA:235,2
DA:236,2
DA:239,0
DA:240,0
DA:242,0
DA:243,0
LF:59
LH:36
BRDA:25,0,0,1
BRDA:25,0,1,3
BRDA:25,1,0,4
BRDA:25,1,1,3
BRDA:51,2,0,0
BRDA:51,2,1,5
BRDA:69,3,0,0
BRDA:69,3,1,3
BRDA:96,4,0,0
BRDA:96,4,1,5
BRDA:96,5,0,5
BRDA:96,5,1,5
BRDA:107,6,0,0
BRDA:107,6,1,5
BRDA:128,7,0,0
BRDA:128,7,1,5
BRDA:134,8,0,0
BRDA:134,8,1,5
BRDA:134,9,0,5
BRDA:134,9,1,0
BRDA:140,10,0,0
BRDA:140,10,1,5
BRDA:150,11,0,0
BRDA:150,11,1,5
BRDA:167,12,0,0
BRDA:167,12,1,0
BRDA:167,13,0,0
BRDA:167,13,1,0
BRDA:169,14,0,0
BRDA:169,14,1,0
BRDA:170,15,0,0
BRDA:170,15,1,0
BRDA:170,15,2,0
BRDA:170,15,3,0
BRDA:187,16,0,2
BRDA:187,16,1,5
BRDA:187,17,0,7
BRDA:187,17,1,6
BRDA:191,18,0,2
BRDA:191,18,1,3
BRDA:191,19,0,5
BRDA:191,19,1,4
BRDA:195,20,0,0
BRDA:195,20,1,3
BRDA:195,21,0,3
BRDA:195,21,1,3
BRDA:201,22,0,2
BRDA:201,22,1,2
BRDA:201,22,2,2
BRDA:219,23,0,1
BRDA:219,23,1,0
BRDA:235,24,0,2
BRDA:235,24,1,0
BRF:53
BRH:31
end_of_record
TN:
SF:src/utils/config-field-checker.ts
FN:17,checkRequiredFields
FN:69,generateFieldConfigGuidance
FN:134,checkProjectConfigAndProvideGuidance
FNF:3
FNH:0
FNDA:0,checkRequiredFields
FNDA:0,generateFieldConfigGuidance
FNDA:0,checkProjectConfigAndProvideGuidance
DA:22,0
DA:23,0
DA:24,0
DA:31,0
DA:32,0
DA:35,0
DA:36,0
DA:40,0
DA:41,0
DA:45,0
DA:46,0
DA:49,0
DA:50,0
DA:57,0
DA:59,0
DA:74,0
DA:76,0
DA:78,0
DA:80,0
DA:81,0
DA:82,0
DA:83,0
DA:84,0
DA:85,0
DA:86,0
DA:87,0
DA:88,0
DA:90,0
DA:91,0
DA:92,0
DA:93,0
DA:94,0
DA:95,0
DA:96,0
DA:97,0
DA:99,0
DA:100,0
DA:102,0
DA:103,0
DA:105,0
DA:106,0
DA:109,0
DA:110,0
DA:111,0
DA:112,0
DA:113,0
DA:114,0
DA:116,0
DA:117,0
DA:118,0
DA:120,0
DA:121,0
DA:123,0
DA:124,0
DA:127,0
DA:141,0
DA:144,0
DA:145,0
DA:149,0
DA:151,0
DA:152,0
DA:155,0
LF:62
LH:0
BRDA:23,0,0,0
BRDA:23,0,1,0
BRDA:35,1,0,0
BRDA:35,1,1,0
BRDA:40,2,0,0
BRDA:40,2,1,0
BRDA:45,3,0,0
BRDA:45,3,1,0
BRDA:49,4,0,0
BRDA:49,4,1,0
BRDA:99,5,0,0
BRDA:99,5,1,0
BRDA:102,6,0,0
BRDA:102,6,1,0
BRDA:105,7,0,0
BRDA:105,7,1,0
BRDA:117,8,0,0
BRDA:117,8,1,0
BRDA:120,9,0,0
BRDA:120,9,1,0
BRDA:123,10,0,0
BRDA:123,10,1,0
BRDA:144,11,0,0
BRDA:144,11,1,0
BRDA:151,12,0,0
BRDA:151,12,1,0
BRF:26
BRH:0
end_of_record
TN:
SF:src/utils/config-validator.ts
FN:15,validateInstanceConfig
FN:61,validateMultiInstanceConfig
FN:106,formatValidationResults
FN:116,(anonymous_3)
FN:123,(anonymous_4)
FNF:5
FNH:2
FNDA:1,validateInstanceConfig
FNDA:1,validateMultiInstanceConfig
FNDA:0,formatValidationResults
FNDA:0,(anonymous_3)
FNDA:0,(anonymous_4)
DA:19,1
DA:20,1
DA:23,1
DA:24,0
DA:25,1
DA:26,0
DA:29,1
DA:30,0
DA:31,1
DA:36,0
DA:39,1
DA:40,1
DA:43,1
DA:44,0
DA:45,1
DA:46,1
DA:51,1
DA:64,1
DA:65,1
DA:68,1
DA:69,0
DA:70,0
DA:74,1
DA:75,1
DA:76,1
DA:77,1
DA:81,1
DA:82,0
DA:86,1
DA:87,0
DA:88,0
DA:89,0
DA:96,1
DA:110,0
DA:112,0
DA:113,0
DA:115,0
DA:116,0
DA:117,0
DA:121,0
DA:122,0
DA:123,0
DA:124,0
DA:128,0
DA:129,0
DA:130,0
DA:131,0
DA:133,0
DA:135,0
DA:138,0
LF:50
LH:22
BRDA:23,0,0,0
BRDA:23,0,1,1
BRDA:23,1,0,1
BRDA:23,1,1,1
BRDA:25,2,0,0
BRDA:25,2,1,1
BRDA:29,3,0,0
BRDA:29,3,1,1
BRDA:29,4,0,1
BRDA:29,4,1,1
BRDA:31,5,0,0
BRDA:31,5,1,1
BRDA:32,6,0,1
BRDA:32,6,1,1
BRDA:32,6,2,1
BRDA:39,7,0,1
BRDA:39,7,1,0
BRDA:43,8,0,0
BRDA:43,8,1,1
BRDA:43,9,0,1
BRDA:43,9,1,1
BRDA:45,10,0,1
BRDA:45,10,1,0
BRDA:68,11,0,0
BRDA:68,11,1,1
BRDA:68,12,0,1
BRDA:68,12,1,1
BRDA:81,13,0,0
BRDA:81,13,1,1
BRDA:81,14,0,1
BRDA:81,14,1,1
BRDA:86,15,0,0
BRDA:86,15,1,1
BRDA:88,16,0,0
BRDA:88,16,1,0
BRDA:108,17,0,0
BRDA:112,18,0,0
BRDA:112,18,1,0
BRDA:121,19,0,0
BRDA:121,19,1,0
BRDA:128,20,0,0
BRDA:128,20,1,0
BRF:42
BRH:23
end_of_record
TN:
SF:src/utils/dynamic-field-resolver.ts
FN:21,(anonymous_0)
FN:26,getFieldMetadata
FN:55,resolveFieldId
FN:63,(anonymous_3)
FN:70,(anonymous_4)
FN:76,(anonymous_5)
FN:79,(anonymous_6)
FN:85,(anonymous_7)
FN:104,convertFieldValue
FN:133,(anonymous_9)
FN:174,buildDynamicFields
FN:227,(anonymous_11)
FN:246,(anonymous_12)
FN:272,(anonymous_13)
FN:297,(anonymous_14)
FN:321,(anonymous_15)
FN:322,(anonymous_16)
FN:339,(anonymous_17)
FN:381,extractSystemFields
FNF:19
FNH:0
FNDA:0,(anonymous_0)
FNDA:0,getFieldMetadata
FNDA:0,resolveFieldId
FNDA:0,(anonymous_3)
FNDA:0,(anonymous_4)
FNDA:0,(anonymous_5)
FNDA:0,(anonymous_6)
FNDA:0,(anonymous_7)
FNDA:0,convertFieldValue
FNDA:0,(anonymous_9)
FNDA:0,buildDynamicFields
FNDA:0,(anonymous_11)
FNDA:0,(anonymous_12)
FNDA:0,(anonymous_13)
FNDA:0,(anonymous_14)
FNDA:0,(anonymous_15)
FNDA:0,(anonymous_16)
FNDA:0,(anonymous_17)
FNDA:0,extractSystemFields
DA:21,1
DA:32,0
DA:33,0
DA:34,0
DA:38,0
DA:39,0
DA:42,0
DA:43,0
DA:46,0
DA:59,0
DA:62,0
DA:63,0
DA:64,0
DA:65,0
DA:70,0
DA:71,0
DA:72,0
DA:76,0
DA:78,0
DA:79,0
DA:80,0
DA:81,0
DA:85,0
DA:86,0
DA:87,0
DA:91,0
DA:92,0
DA:95,0
DA:105,0
DA:109,0
DA:111,0
DA:114,0
DA:117,0
DA:124,0
DA:126,0
DA:129,0
DA:132,0
DA:133,0
DA:134,0
DA:139,0
DA:140,0
DA:145,0
DA:150,0
DA:154,0
DA:155,0
DA:159,0
DA:162,0
DA:191,0
DA:195,0
DA:196,0
DA:197,0
DA:198,0
DA:200,0
DA:204,0
DA:211,0
DA:213,0
DA:215,0
DA:216,0
DA:220,0
DA:224,0
DA:226,0
DA:227,0
DA:230,0
DA:231,0
DA:234,0
DA:240,0
DA:244,0
DA:246,0
DA:247,0
DA:249,0
DA:252,0
DA:255,0
DA:261,0
DA:266,0
DA:271,0
DA:272,0
DA:274,0
DA:276,0
DA:277,0
DA:278,0
DA:281,0
DA:287,0
DA:291,0
DA:296,0
DA:297,0
DA:299,0
DA:301,0
DA:302,0
DA:303,0
DA:306,0
DA:312,0
DA:317,0
DA:318,0
DA:320,0
DA:321,0
DA:322,0
DA:326,0
DA:330,0
DA:331,0
DA:335,0
DA:339,0
DA:340,0
DA:341,0
DA:345,0
DA:349,0
DA:350,0
DA:351,0
DA:352,0
DA:356,0
DA:360,0
DA:361,0
DA:363,0
DA:366,0
DA:374,0
DA:385,0
DA:401,0
DA:402,0
DA:404,0
DA:405,0
DA:406,0
DA:408,0
DA:412,0
LF:122
LH:1
BRDA:33,0,0,0
BRDA:33,0,1,0
BRDA:42,1,0,0
BRDA:42,1,1,0
BRDA:62,2,0,0
BRDA:62,2,1,0
BRDA:62,3,0,0
BRDA:62,3,1,0
BRDA:64,4,0,0
BRDA:64,4,1,0
BRDA:71,5,0,0
BRDA:71,5,1,0
BRDA:80,6,0,0
BRDA:80,6,1,0
BRDA:88,7,0,0
BRDA:88,7,1,0
BRDA:91,8,0,0
BRDA:91,8,1,0
BRDA:105,9,0,0
BRDA:105,9,1,0
BRDA:109,10,0,0
BRDA:109,10,1,0
BRDA:109,11,0,0
BRDA:109,11,1,0
BRDA:114,12,0,0
BRDA:114,12,1,0
BRDA:114,12,2,0
BRDA:114,12,3,0
BRDA:114,12,4,0
BRDA:114,12,5,0
BRDA:114,12,6,0
BRDA:114,12,7,0
BRDA:114,12,8,0
BRDA:114,12,9,0
BRDA:117,13,0,0
BRDA:117,13,1,0
BRDA:118,14,0,0
BRDA:118,14,1,0
BRDA:118,14,2,0
BRDA:118,14,3,0
BRDA:126,15,0,0
BRDA:126,15,1,0
BRDA:132,16,0,0
BRDA:132,16,1,0
BRDA:133,17,0,0
BRDA:133,17,1,0
BRDA:139,18,0,0
BRDA:139,18,1,0
BRDA:154,19,0,0
BRDA:154,19,1,0
BRDA:154,20,0,0
BRDA:154,20,1,0
BRDA:195,21,0,0
BRDA:195,21,1,0
BRDA:215,22,0,0
BRDA:215,22,1,0
BRDA:215,23,0,0
BRDA:215,23,1,0
BRDA:224,24,0,0
BRDA:224,24,1,0
BRDA:224,25,0,0
BRDA:224,25,1,0
BRDA:226,26,0,0
BRDA:226,26,1,0
BRDA:227,27,0,0
BRDA:227,27,1,0
BRDA:244,28,0,0
BRDA:244,28,1,0
BRDA:244,29,0,0
BRDA:244,29,1,0
BRDA:247,30,0,0
BRDA:247,30,1,0
BRDA:266,31,0,0
BRDA:266,31,1,0
BRDA:267,32,0,0
BRDA:267,32,1,0
BRDA:272,33,0,0
BRDA:272,33,1,0
BRDA:274,34,0,0
BRDA:274,34,1,0
BRDA:276,35,0,0
BRDA:276,35,1,0
BRDA:291,36,0,0
BRDA:291,36,1,0
BRDA:292,37,0,0
BRDA:292,37,1,0
BRDA:297,38,0,0
BRDA:297,38,1,0
BRDA:299,39,0,0
BRDA:299,39,1,0
BRDA:301,40,0,0
BRDA:301,40,1,0
BRDA:318,41,0,0
BRDA:318,41,1,0
BRDA:326,42,0,0
BRDA:326,42,1,0
BRDA:340,43,0,0
BRDA:340,43,1,0
BRDA:349,44,0,0
BRDA:349,44,1,0
BRDA:349,45,0,0
BRDA:349,45,1,0
BRDA:405,46,0,0
BRDA:405,46,1,0
BRF:104
BRH:0
end_of_record
TN:
SF:src/utils/error-formatter.ts
FN:23,extractJiraErrorDetails
FN:45,formatJiraError
FN:64,format400Error
FN:70,(anonymous_3)
FN:85,(anonymous_4)
FN:86,(anonymous_5)
FN:108,format401Error
FN:121,format403Error
FN:135,format404Error
FN:165,format409Error
FN:178,formatGenericError
FN:194,getFriendlyFieldName
FN:220,getFieldTroubleshooting
FN:276,formatErrorAsMarkdown
FN:282,(anonymous_14)
FN:290,(anonymous_15)
FNF:16
FNH:0
FNDA:0,extractJiraErrorDetails
FNDA:0,formatJiraError
FNDA:0,format400Error
FNDA:0,(anonymous_3)
FNDA:0,(anonymous_4)
FNDA:0,(anonymous_5)
FNDA:0,format401Error
FNDA:0,format403Error
FNDA:0,format404Error
FNDA:0,format409Error
FNDA:0,formatGenericError
FNDA:0,getFriendlyFieldName
FNDA:0,getFieldTroubleshooting
FNDA:0,formatErrorAsMarkdown
FNDA:0,(anonymous_14)
FNDA:0,(anonymous_15)
DA:24,0
DA:28,0
DA:29,0
DA:30,0
DA:32,0
DA:33,0
DA:34,0
DA:35,0
DA:39,0
DA:46,0
DA:48,0
DA:50,0
DA:52,0
DA:54,0
DA:56,0
DA:58,0
DA:60,0
DA:65,0
DA:66,0
DA:69,0
DA:70,0
DA:72,0
DA:73,0
DA:74,0
DA:78,0
DA:79,0
DA:84,0
DA:85,0
DA:86,0
DA:87,0
DA:92,0
DA:109,0
DA:122,0
DA:136,0
DA:139,0
DA:140,0
DA:145,0
DA:146,0
DA:151,0
DA:152,0
DA:158,0
DA:166,0
DA:179,0
DA:195,0
DA:214,0
DA:221,0
DA:223,0
DA:225,0
DA:226,0
DA:228,0
DA:229,0
DA:231,0
DA:234,0
DA:235,0
DA:236,0
DA:239,0
DA:240,0
DA:241,0
DA:242,0
DA:245,0
DA:246,0
DA:247,0
DA:250,0
DA:251,0
DA:252,0
DA:255,0
DA:256,0
DA:257,0
DA:260,0
DA:261,0
DA:262,0
DA:265,0
DA:266,0
DA:267,0
DA:270,0
DA:277,0
DA:278,0
DA:280,0
DA:281,0
DA:282,0
DA:283,0
DA:285,0
DA:288,0
DA:289,0
DA:290,0
DA:291,0
DA:293,0
DA:296,0
LF:88
LH:0
BRDA:28,0,0,0
BRDA:28,0,1,0
BRDA:32,1,0,0
BRDA:32,1,1,0
BRDA:34,2,0,0
BRDA:34,2,1,0
BRDA:35,3,0,0
BRDA:35,3,1,0
BRDA:45,4,0,0
BRDA:48,5,0,0
BRDA:48,5,1,0
BRDA:48,5,2,0
BRDA:48,5,3,0
BRDA:48,5,4,0
BRDA:48,5,5,0
BRDA:69,6,0,0
BRDA:69,6,1,0
BRDA:69,7,0,0
BRDA:69,7,1,0
BRDA:73,8,0,0
BRDA:73,8,1,0
BRDA:73,9,0,0
BRDA:73,9,1,0
BRDA:84,10,0,0
BRDA:84,10,1,0
BRDA:84,11,0,0
BRDA:84,11,1,0
BRDA:86,12,0,0
BRDA:86,12,1,0
BRDA:95,13,0,0
BRDA:95,13,1,0
BRDA:97,14,0,0
BRDA:97,14,1,0
BRDA:139,15,0,0
BRDA:139,15,1,0
BRDA:145,16,0,0
BRDA:145,16,1,0
BRDA:151,17,0,0
BRDA:151,17,1,0
BRDA:181,18,0,0
BRDA:181,18,1,0
BRDA:214,19,0,0
BRDA:214,19,1,0
BRDA:223,20,0,0
BRDA:223,20,1,0
BRDA:223,20,2,0
BRDA:223,20,3,0
BRDA:223,20,4,0
BRDA:223,20,5,0
BRDA:223,20,6,0
BRDA:223,20,7,0
BRDA:225,21,0,0
BRDA:225,21,1,0
BRDA:228,22,0,0
BRDA:228,22,1,0
BRDA:280,23,0,0
BRDA:280,23,1,0
BRDA:280,24,0,0
BRDA:280,24,1,0
BRDA:288,25,0,0
BRDA:288,25,1,0
BRDA:288,26,0,0
BRDA:288,26,1,0
BRF:63
BRH:0
end_of_record
TN:
SF:src/utils/formatting.ts
FN:9,formatDate
FN:20,formatIssue
FN:99,(anonymous_2)
FN:114,formatIssueList
FN:123,(anonymous_4)
FN:130,formatCreatedIssue
FNF:6
FNH:4
FNDA:3,formatDate
FNDA:4,formatIssue
FNDA:0,(anonymous_2)
FNDA:2,formatIssueList
FNDA:2,(anonymous_4)
FNDA:0,formatCreatedIssue
DA:10,3
DA:22,4
DA:23,0
DA:26,4
DA:33,4
DA:34,0
DA:38,4
DA:39,0
DA:42,4
DA:43,0
DA:47,4
DA:48,4
DA:53,0
DA:54,0
DA:55,0
DA:56,0
DA:57,0
DA:62,0
DA:66,4
DA:67,4
DA:68,2
DA:69,2
DA:70,0
DA:72,0
DA:75,4
DA:77,4
DA:78,4
DA:82,4
DA:83,0
DA:86,4
DA:87,0
DA:88,0
DA:89,0
DA:96,4
DA:97,4
DA:98,0
DA:99,0
DA:100,0
DA:101,0
DA:108,4
DA:119,2
DA:120,1
DA:123,2
DA:124,1
DA:131,0
LF:45
LH:24
BRDA:20,0,0,2
BRDA:22,1,0,0
BRDA:22,1,1,4
BRDA:22,2,0,4
BRDA:22,2,1,4
BRDA:26,3,0,4
BRDA:26,3,1,0
BRDA:27,4,0,4
BRDA:27,4,1,0
BRDA:28,5,0,4
BRDA:28,5,1,0
BRDA:29,6,0,4
BRDA:29,6,1,0
BRDA:30,7,0,4
BRDA:30,7,1,2
BRDA:33,8,0,0
BRDA:33,8,1,4
BRDA:33,9,0,4
BRDA:33,9,1,0
BRDA:34,10,0,0
BRDA:34,10,1,0
BRDA:38,11,0,0
BRDA:38,11,1,4
BRDA:42,12,0,0
BRDA:42,12,1,4
BRDA:48,13,0,0
BRDA:48,13,1,4
BRDA:49,14,0,4
BRDA:49,14,1,0
BRDA:49,14,2,0
BRDA:54,15,0,0
BRDA:54,15,1,0
BRDA:54,16,0,0
BRDA:54,16,1,0
BRDA:55,17,0,0
BRDA:55,17,1,0
BRDA:55,18,0,0
BRDA:55,18,1,0
BRDA:56,19,0,0
BRDA:56,19,1,0
BRDA:67,20,0,2
BRDA:67,20,1,2
BRDA:68,21,0,2
BRDA:68,21,1,0
BRDA:70,22,0,0
BRDA:70,22,1,0
BRDA:77,23,0,4
BRDA:77,23,1,0
BRDA:82,24,0,0
BRDA:82,24,1,4
BRDA:82,25,0,4
BRDA:82,25,1,0
BRDA:86,26,0,0
BRDA:86,26,1,4
BRDA:88,27,0,0
BRDA:88,27,1,0
BRDA:97,28,0,0
BRDA:97,28,1,4
BRDA:97,29,0,4
BRDA:97,29,1,0
BRDA:100,30,0,0
BRDA:100,30,1,0
BRDA:100,31,0,0
BRDA:100,31,1,0
BRDA:100,31,2,0
BRDA:100,31,3,0
BRDA:117,32,0,2
BRDA:119,33,0,1
BRDA:119,33,1,1
BRF:69
BRH:28
end_of_record
TN:
SF:src/utils/jira-api.ts
FN:12,createJiraApiInstances
FN:60,createLegacyJiraApiInstances
FN:67,getBoardId
FN:88,getActiveSprint
FN:108,checkStoryPointsField
FN:113,(anonymous_5)
FN:136,inspectSprints
FN:154,inspectIssueFields
FN:163,(anonymous_8)
FN:182,(anonymous_9)
FN:200,(anonymous_10)
FN:203,(anonymous_11)
FNF:12
FNH:0
FNDA:0,createJiraApiInstances
FNDA:0,createLegacyJiraApiInstances
FNDA:0,getBoardId
FNDA:0,getActiveSprint
FNDA:0,checkStoryPointsField
FNDA:0,(anonymous_5)
FNDA:0,inspectSprints
FNDA:0,inspectIssueFields
FNDA:0,(anonymous_8)
FNDA:0,(anonymous_9)
FNDA:0,(anonymous_10)
FNDA:0,(anonymous_11)
DA:14,0
DA:15,0
DA:16,0
DA:18,0
DA:19,0
DA:25,0
DA:26,0
DA:29,0
DA:42,0
DA:54,0
DA:61,0
DA:72,0
DA:78,0
DA:79,0
DA:82,0
DA:92,0
DA:98,0
DA:99,0
DA:102,0
DA:112,0
DA:113,0
DA:115,0
DA:118,0
DA:119,0
DA:124,0
DA:125,0
DA:126,0
DA:127,0
DA:140,0
DA:142,0
DA:148,0
DA:160,0
DA:163,0
DA:164,0
DA:165,0
DA:166,0
DA:169,0
DA:172,0
DA:180,0
DA:181,0
DA:183,0
DA:187,0
DA:190,0
DA:198,0
DA:201,0
DA:204,0
DA:205,0
DA:208,0
LF:48
LH:0
BRDA:14,0,0,0
BRDA:14,0,1,0
BRDA:15,1,0,0
BRDA:15,1,1,0
BRDA:16,2,0,0
BRDA:16,2,1,0
BRDA:18,3,0,0
BRDA:18,3,1,0
BRDA:18,4,0,0
BRDA:18,4,1,0
BRDA:18,4,2,0
BRDA:78,5,0,0
BRDA:78,5,1,0
BRDA:98,6,0,0
BRDA:98,6,1,0
BRDA:118,7,0,0
BRDA:118,7,1,0
BRDA:126,8,0,0
BRDA:126,8,1,0
BRDA:166,9,0,0
BRDA:166,9,1,0
BRDA:183,10,0,0
BRDA:183,10,1,0
BRDA:201,11,0,0
BRDA:201,11,1,0
BRDA:201,11,2,0
BRF:26
BRH:0
end_of_record
TN:
SF:src/utils/logger.ts
FN:13,(anonymous_0)
FN:26,(anonymous_1)
FN:27,(anonymous_2)
FN:32,(anonymous_3)
FN:36,(anonymous_4)
FN:40,(anonymous_5)
FN:44,(anonymous_6)
FNF:7
FNH:5
FNDA:17,(anonymous_0)
FNDA:1,(anonymous_1)
FNDA:10,(anonymous_2)
FNDA:1,(anonymous_3)
FNDA:0,(anonymous_4)
FNDA:6,(anonymous_5)
FNDA:0,(anonymous_6)
DA:13,1
DA:14,17
DA:15,17
DA:16,17
DA:17,17
DA:19,17
DA:20,17
DA:21,0
DA:23,17
DA:26,1
DA:28,10
DA:30,10
DA:33,1
DA:34,1
DA:37,0
DA:38,0
DA:41,6
DA:42,6
DA:44,0
DA:47,1
LF:20
LH:16
BRDA:15,0,0,0
BRDA:15,0,1,17
BRDA:16,1,0,0
BRDA:16,1,1,17
BRDA:17,2,0,2
BRDA:17,2,1,15
BRDA:20,3,0,0
BRDA:20,3,1,17
BRDA:28,4,0,0
BRDA:28,4,1,10
BRDA:33,5,0,0
BRDA:33,5,1,1
BRDA:37,6,0,0
BRDA:37,6,1,0
BRDA:41,7,0,0
BRDA:41,7,1,6
BRDA:44,8,0,0
BRDA:44,8,1,0
BRF:18
BRH:8
end_of_record
TN:
SF:src/utils/text-field-handler.ts
FN:18,updateIssueDescription
FN:78,addIssueComment
FN:134,updateIssueWithTextFallback
FN:175,(anonymous_3)
FN:239,createIssueWithTextHandling
FN:305,extractTextFromADF
FN:310,extractFromContent
FN:311,(anonymous_7)
FNF:8
FNH:0
FNDA:0,updateIssueDescription
FNDA:0,addIssueComment
FNDA:0,updateIssueWithTextFallback
FNDA:0,(anonymous_3)
FNDA:0,createIssueWithTextHandling
FNDA:0,extractTextFromADF
FNDA:0,extractFromContent
FNDA:0,(anonymous_7)
DA:24,0
DA:27,0
DA:28,0
DA:30,0
DA:31,0
DA:37,0
DA:39,0
DA:40,0
DA:42,0
DA:45,0
DA:46,0
DA:48,0
DA:49,0
DA:55,0
DA:65,0
DA:66,0
DA:68,0
DA:69,0
DA:70,0
DA:84,0
DA:87,0
DA:88,0
DA:90,0
DA:91,0
DA:95,0
DA:97,0
DA:98,0
DA:100,0
DA:103,0
DA:104,0
DA:106,0
DA:107,0
DA:111,0
DA:121,0
DA:122,0
DA:124,0
DA:125,0
DA:126,0
DA:141,0
DA:142,0
DA:145,0
DA:146,0
DA:149,0
DA:151,0
DA:152,0
DA:154,0
DA:160,0
DA:161,0
DA:162,0
DA:163,0
DA:166,0
DA:172,0
DA:173,0
DA:175,0
DA:176,0
DA:177,0
DA:179,0
DA:184,0
DA:185,0
DA:188,0
DA:189,0
DA:190,0
DA:191,0
DA:192,0
DA:194,0
DA:195,0
DA:196,0
DA:201,0
DA:202,0
DA:203,0
DA:204,0
DA:213,0
DA:214,0
DA:216,0
DA:217,0
DA:221,0
DA:222,0
DA:224,0
DA:225,0
DA:226,0
DA:228,0
DA:230,0
DA:231,0
DA:245,0
DA:246,0
DA:249,0
DA:250,0
DA:253,0
DA:255,0
DA:256,0
DA:262,0
DA:265,0
DA:266,0
DA:268,0
DA:271,0
DA:272,0
DA:274,0
DA:278,0
DA:288,0
DA:289,0
DA:295,0
DA:296,0
DA:297,0
DA:306,0
DA:308,0
DA:311,0
DA:312,0
DA:313,0
DA:314,0
DA:315,0
DA:319,0
DA:320,0
DA:325,0
DA:326,0
LF:114
LH:0
BRDA:145,0,0,0
BRDA:145,0,1,0
BRDA:156,1,0,0
BRDA:156,1,1,0
BRDA:160,2,0,0
BRDA:160,2,1,0
BRDA:160,3,0,0
BRDA:160,3,1,0
BRDA:176,4,0,0
BRDA:176,4,1,0
BRDA:176,5,0,0
BRDA:176,5,1,0
BRDA:188,6,0,0
BRDA:188,6,1,0
BRDA:194,7,0,0
BRDA:194,7,1,0
BRDA:201,8,0,0
BRDA:201,8,1,0
BRDA:216,9,0,0
BRDA:216,9,1,0
BRDA:221,10,0,0
BRDA:221,10,1,0
BRDA:249,11,0,0
BRDA:249,11,1,0
BRDA:272,12,0,0
BRDA:272,12,1,0
BRDA:272,13,0,0
BRDA:272,13,1,0
BRDA:275,14,0,0
BRDA:275,14,1,0
BRDA:306,15,0,0
BRDA:306,15,1,0
BRDA:306,16,0,0
BRDA:306,16,1,0
BRDA:312,17,0,0
BRDA:312,17,1,0
BRDA:312,18,0,0
BRDA:312,18,1,0
BRDA:314,19,0,0
BRDA:314,19,1,0
BRDA:319,20,0,0
BRDA:319,20,1,0
BRF:42
BRH:0
end_of_record
TN:
SF:src/utils/tool-wrapper.ts
FN:34,extractProjectKey
FN:69,withJiraContext
FN:222,getStandardFields
FN:257,formatSprintInfo
FN:320,formatStoryPoints
FNF:5
FNH:0
FNDA:0,extractProjectKey
FNDA:0,withJiraContext
FNDA:0,getStandardFields
FNDA:0,formatSprintInfo
FNDA:0,formatStoryPoints
DA:36,0
DA:37,0
DA:41,0
DA:42,0
DA:46,0
DA:47,0
DA:51,0
DA:52,0
DA:56,0
DA:57,0
DA:61,0
DA:75,0
DA:80,0
DA:82,0
DA:88,0
DA:90,0
DA:91,0
DA:101,0
DA:102,0
DA:105,0
DA:111,0
DA:112,0
DA:114,0
DA:123,0
DA:124,0
DA:128,0
DA:129,0
DA:131,0
DA:134,0
DA:135,0
DA:137,0
DA:138,0
DA:141,0
DA:142,0
DA:143,0
DA:144,0
DA:148,0
DA:149,0
DA:155,0
DA:156,0
DA:166,0
DA:174,0
DA:183,0
DA:190,0
DA:191,0
DA:192,0
DA:194,0
DA:200,0
DA:202,0
DA:215,0
DA:223,0
DA:239,0
DA:240,0
DA:242,0
DA:243,0
DA:245,0
DA:246,0
DA:251,0
DA:259,0
DA:261,0
DA:263,0
DA:264,0
DA:275,0
DA:276,0
DA:281,0
DA:287,0
DA:290,0
DA:292,0
DA:293,0
DA:296,0
DA:297,0
DA:298,0
DA:299,0
DA:306,0
DA:314,0
DA:322,0
DA:326,0
DA:330,0
LF:78
LH:0
BRDA:36,0,0,0
BRDA:36,0,1,0
BRDA:41,1,0,0
BRDA:41,1,1,0
BRDA:41,2,0,0
BRDA:41,2,1,0
BRDA:46,3,0,0
BRDA:46,3,1,0
BRDA:46,4,0,0
BRDA:46,4,1,0
BRDA:51,5,0,0
BRDA:51,5,1,0
BRDA:56,6,0,0
BRDA:56,6,1,0
BRDA:80,7,0,0
BRDA:80,7,1,0
BRDA:94,8,0,0
BRDA:94,8,1,0
BRDA:101,9,0,0
BRDA:101,9,1,0
BRDA:107,10,0,0
BRDA:107,10,1,0
BRDA:117,11,0,0
BRDA:117,11,1,0
BRDA:128,12,0,0
BRDA:128,12,1,0
BRDA:128,13,0,0
BRDA:128,13,1,0
BRDA:135,14,0,0
BRDA:135,14,1,0
BRDA:137,15,0,0
BRDA:137,15,1,0
BRDA:142,16,0,0
BRDA:142,16,1,0
BRDA:148,17,0,0
BRDA:148,17,1,0
BRDA:150,18,0,0
BRDA:150,18,1,0
BRDA:155,19,0,0
BRDA:155,19,1,0
BRDA:157,20,0,0
BRDA:157,20,1,0
BRDA:168,21,0,0
BRDA:168,21,1,0
BRDA:179,22,0,0
BRDA:179,22,1,0
BRDA:206,23,0,0
BRDA:206,23,1,0
BRDA:239,24,0,0
BRDA:239,24,1,0
BRDA:242,25,0,0
BRDA:242,25,1,0
BRDA:245,26,0,0
BRDA:245,26,1,0
BRDA:261,27,0,0
BRDA:261,27,1,0
BRDA:264,28,0,0
BRDA:264,28,1,0
BRDA:265,29,0,0
BRDA:265,29,1,0
BRDA:265,29,2,0
BRDA:265,29,3,0
BRDA:265,29,4,0
BRDA:265,29,5,0
BRDA:265,29,6,0
BRDA:265,29,7,0
BRDA:281,30,0,0
BRDA:281,30,1,0
BRDA:282,31,0,0
BRDA:282,31,1,0
BRDA:282,31,2,0
BRDA:282,31,3,0
BRDA:292,32,0,0
BRDA:292,32,1,0
BRDA:292,33,0,0
BRDA:292,33,1,0
BRDA:296,34,0,0
BRDA:296,34,1,0
BRDA:297,35,0,0
BRDA:297,35,1,0
BRDA:298,36,0,0
BRDA:298,36,1,0
BRDA:299,37,0,0
BRDA:299,37,1,0
BRDA:306,38,0,0
BRDA:306,38,1,0
BRDA:322,39,0,0
BRDA:322,39,1,0
BRDA:323,40,0,0
BRDA:323,40,1,0
BRDA:326,41,0,0
BRDA:326,41,1,0
BRF:92
BRH:0
end_of_record
TN:
SF:src/utils/user-resolver.ts
FN:22,resolveUserToAccountId
FN:63,(anonymous_1)
FN:75,(anonymous_2)
FN:87,(anonymous_3)
FN:99,(anonymous_4)
FN:108,(anonymous_5)
FN:110,(anonymous_6)
FN:137,getUserByAccountId
FN:160,resolveAssigneeValue
FNF:9
FNH:0
FNDA:0,resolveUserToAccountId
FNDA:0,(anonymous_1)
FNDA:0,(anonymous_2)
FNDA:0,(anonymous_3)
FNDA:0,(anonymous_4)
FNDA:0,(anonymous_5)
FNDA:0,(anonymous_6)
FNDA:0,getUserByAccountId
FNDA:0,resolveAssigneeValue
DA:27,0
DA:28,0
DA:35,0
DA:36,0
DA:39,0
DA:41,0
DA:44,0
DA:51,0
DA:52,0
DA:54,0
DA:55,0
DA:62,0
DA:63,0
DA:66,0
DA:67,0
DA:70,0
DA:74,0
DA:75,0
DA:78,0
DA:79,0
DA:82,0
DA:86,0
DA:88,0
DA:92,0
DA:93,0
DA:94,0
DA:95,0
DA:98,0
DA:99,0
DA:100,0
DA:107,0
DA:108,0
DA:110,0
DA:113,0
DA:118,0
DA:119,0
DA:122,0
DA:123,0
DA:141,0
DA:142,0
DA:146,0
DA:148,0
DA:149,0
DA:165,0
DA:171,0
DA:175,0
LF:46
LH:0
BRDA:27,0,0,0
BRDA:27,0,1,0
BRDA:27,1,0,0
BRDA:27,1,1,0
BRDA:35,2,0,0
BRDA:35,2,1,0
BRDA:35,3,0,0
BRDA:35,3,1,0
BRDA:54,4,0,0
BRDA:54,4,1,0
BRDA:66,5,0,0
BRDA:66,5,1,0
BRDA:78,6,0,0
BRDA:78,6,1,0
BRDA:88,7,0,0
BRDA:88,7,1,0
BRDA:92,8,0,0
BRDA:92,8,1,0
BRDA:98,9,0,0
BRDA:98,9,1,0
BRDA:115,10,0,0
BRDA:115,10,1,0
BRDA:118,11,0,0
BRDA:118,11,1,0
BRDA:165,12,0,0
BRDA:165,12,1,0
BRDA:166,13,0,0
BRDA:166,13,1,0
BRDA:166,13,2,0
BRDA:166,13,3,0
BRF:30
BRH:0
end_of_record
